---------------------------------------------------------------
[ 2019-11-17T10:04:34+08:00 ] 47.101.200.12 GET new.m15.ltd/
[运行时间：0.024232s] [吞吐率：41.27req/s] [内存消耗：2,372.26kb] [文件加载：45]
[ info ] [ LANG ] /www/wwwroot/newm15/thinkphp/lang/zh-cn.php
[ info ] [ ROUTE ] array (
  'type' => 'module',
  'module' => 
  array (
    0 => '',
    1 => NULL,
    2 => NULL,
  ),
)
[ info ] [ HEADER ] array (
  'accept-encoding' => 'gzip',
  'connection' => 'Keep-Alive',
  'host' => 'new.m15.ltd',
  'user-agent' => 'Mozilla/5.0 (X11; Ubuntu; Linux x86_64; rv:36.0) Gecko/20100101 Firefox/36.0',
)
[ info ] [ PARAM ] array (
)
[ info ] [ RUN ] app\index\controller\Index->index[ /www/wwwroot/newm15/application/index/controller/Index.php ]
[ info ] [ DB ] INIT mysql
[ info ] [ VIEW ] /www/wwwroot/newm15/public/../application/index/view/index/index.html [ array (
  0 => 'indexmenu',
) ]
[ info ] [ LOG ] INIT File
[ sql ] [ DB ] CONNECT:[ UseTime:0.000286s ] mysql:host=localhost;dbname=M15;charset=utf8
[ sql ] [ SQL ] SHOW COLUMNS FROM `m15_imenu` [ RunTime:0.000606s ]
[ sql ] [ SQL ] SELECT * FROM `m15_imenu` WHERE  `imenu_status` = 1  AND `imenu_parent` = 0 ORDER BY `imenu_rank` DESC LIMIT 0,100 [ RunTime:0.000222s ]
[ sql ] [ SQL ] SELECT * FROM `m15_imenu` WHERE  `imenu_parent` = 1  AND `imenu_status` = 1 ORDER BY `imenu_rank` DESC LIMIT 0,100 [ RunTime:0.000194s ]
[ sql ] [ SQL ] SELECT * FROM `m15_imenu` WHERE  `imenu_parent` = 2  AND `imenu_status` = 1 ORDER BY `imenu_rank` DESC LIMIT 0,100 [ RunTime:0.000153s ]
[ sql ] [ SQL ] SELECT * FROM `m15_imenu` WHERE  `imenu_parent` = 7  AND `imenu_status` = 1 ORDER BY `imenu_rank` DESC LIMIT 0,100 [ RunTime:0.000184s ]
[ sql ] [ SQL ] SELECT * FROM `m15_imenu` WHERE  `imenu_parent` = 12  AND `imenu_status` = 1 ORDER BY `imenu_rank` DESC LIMIT 0,100 [ RunTime:0.000152s ]
[ sql ] [ SQL ] SELECT * FROM `m15_imenu` WHERE  `imenu_parent` = 17  AND `imenu_status` = 1 ORDER BY `imenu_rank` DESC LIMIT 0,100 [ RunTime:0.000144s ]
---------------------------------------------------------------
[ 2019-11-17T10:04:35+08:00 ] 47.101.200.12 GET new.m15.ltd/index/workbench/console
[运行时间：0.018436s] [吞吐率：54.24req/s] [内存消耗：1,231.51kb] [文件加载：35]
[ info ] [ LANG ] /www/wwwroot/newm15/thinkphp/lang/zh-cn.php
[ info ] [ ROUTE ] array (
  'type' => 'module',
  'module' => 
  array (
    0 => 'index',
    1 => 'workbench',
    2 => 'console',
  ),
)
[ info ] [ HEADER ] array (
  'accept-encoding' => 'gzip',
  'connection' => 'Keep-Alive',
  'host' => 'new.m15.ltd',
  'user-agent' => 'Mozilla/5.0 (X11; Ubuntu; Linux x86_64; rv:36.0) Gecko/20100101 Firefox/36.0',
)
[ info ] [ PARAM ] array (
  '/index/workbench/console' => '',
)
[ info ] [ RUN ] app\index\controller\Workbench->console[ /www/wwwroot/newm15/application/index/controller/Workbench.php ]
[ info ] [ VIEW ] /www/wwwroot/newm15/public/../application/index/view/workbench/console.html [ array (
) ]
[ info ] [ SESSION ] INIT array (
  'id' => '',
  'var_session_id' => '',
  'prefix' => 'think',
  'type' => '',
  'auto_start' => true,
)
[ info ] [ LOG ] INIT File
---------------------------------------------------------------
[ 2019-11-17T10:04:35+08:00 ] 47.101.200.12 GET new.m15.ltd/layuiadmin/imgs/logo.png
[运行时间：0.016323s] [吞吐率：61.26req/s] [内存消耗：1,025.84kb] [文件加载：28]
[ info ] [ LANG ] /www/wwwroot/newm15/thinkphp/lang/zh-cn.php
[ info ] [ ROUTE ] array (
  'type' => 'module',
  'module' => 
  array (
    0 => 'layuiadmin',
    1 => 'imgs',
    2 => 'logo.png',
  ),
)
[ info ] [ HEADER ] array (
  'accept-encoding' => 'gzip',
  'connection' => 'Keep-Alive',
  'host' => 'new.m15.ltd',
  'user-agent' => 'Mozilla/5.0 (X11; Ubuntu; Linux x86_64; rv:36.0) Gecko/20100101 Firefox/36.0',
)
[ info ] [ PARAM ] array (
  '/layuiadmin/imgs/logo_png' => '',
)
[ info ] [ LOG ] INIT File
---------------------------------------------------------------
[ 2019-11-17T12:00:02+08:00 ] 47.98.164.34 GET new.m15.ltd/api/Automated
[运行时间：0.014067s] [吞吐率：71.09req/s] [内存消耗：1,270.58kb] [文件加载：36]
[ info ] [ LANG ] /www/wwwroot/newm15/thinkphp/lang/zh-cn.php
[ info ] [ ROUTE ] array (
  'type' => 'module',
  'module' => 
  array (
    0 => 'api',
    1 => 'Automated',
    2 => NULL,
  ),
)
[ info ] [ HEADER ] array (
  'accept' => '*/*',
  'host' => 'new.m15.ltd',
  'user-agent' => 'curl/7.29.0',
)
[ info ] [ PARAM ] array (
  '/api/Automated' => '',
)
[ info ] [ LOG ] INIT File
---------------------------------------------------------------
[ 2019-11-17T15:58:28+08:00 ] 39.82.231.79 GET new.m15.ltd/
[运行时间：0.024068s] [吞吐率：41.55req/s] [内存消耗：2,374.27kb] [文件加载：45]
[ info ] [ LANG ] /www/wwwroot/newm15/thinkphp/lang/zh-cn.php
[ info ] [ ROUTE ] array (
  'type' => 'module',
  'module' => 
  array (
    0 => '',
    1 => NULL,
    2 => NULL,
  ),
)
[ info ] [ HEADER ] array (
  'cookie' => 'PHPSESSID=0itc9vnsgtmgcb3a35dnftimh5; Hm_lvt_d214947968792b839fd669a4decaaffc=1571300009; Hm_lpvt_d214947968792b839fd669a4decaaffc=1571300028',
  'accept-language' => 'zh-CN,zh;q=0.9',
  'accept-encoding' => 'gzip, deflate',
  'accept' => 'text/html,application/xhtml+xml,application/xml;q=0.9,image/webp,image/apng,*/*;q=0.8,application/signed-exchange;v=b3',
  'user-agent' => 'Mozilla/5.0 (Macintosh; Intel Mac OS X 10_15_0) AppleWebKit/537.36 (KHTML, like Gecko) Chrome/78.0.3904.97 Safari/537.36',
  'upgrade-insecure-requests' => '1',
  'cache-control' => 'max-age=0',
  'connection' => 'keep-alive',
  'host' => 'new.m15.ltd',
)
[ info ] [ PARAM ] array (
)
[ info ] [ RUN ] app\index\controller\Index->index[ /www/wwwroot/newm15/application/index/controller/Index.php ]
[ info ] [ DB ] INIT mysql
[ info ] [ VIEW ] /www/wwwroot/newm15/public/../application/index/view/index/index.html [ array (
  0 => 'indexmenu',
) ]
[ info ] [ LOG ] INIT File
[ sql ] [ DB ] CONNECT:[ UseTime:0.000269s ] mysql:host=localhost;dbname=M15;charset=utf8
[ sql ] [ SQL ] SHOW COLUMNS FROM `m15_imenu` [ RunTime:0.000589s ]
[ sql ] [ SQL ] SELECT * FROM `m15_imenu` WHERE  `imenu_status` = 1  AND `imenu_parent` = 0 ORDER BY `imenu_rank` DESC LIMIT 0,100 [ RunTime:0.000228s ]
[ sql ] [ SQL ] SELECT * FROM `m15_imenu` WHERE  `imenu_parent` = 1  AND `imenu_status` = 1 ORDER BY `imenu_rank` DESC LIMIT 0,100 [ RunTime:0.000195s ]
[ sql ] [ SQL ] SELECT * FROM `m15_imenu` WHERE  `imenu_parent` = 2  AND `imenu_status` = 1 ORDER BY `imenu_rank` DESC LIMIT 0,100 [ RunTime:0.000166s ]
[ sql ] [ SQL ] SELECT * FROM `m15_imenu` WHERE  `imenu_parent` = 7  AND `imenu_status` = 1 ORDER BY `imenu_rank` DESC LIMIT 0,100 [ RunTime:0.000189s ]
[ sql ] [ SQL ] SELECT * FROM `m15_imenu` WHERE  `imenu_parent` = 12  AND `imenu_status` = 1 ORDER BY `imenu_rank` DESC LIMIT 0,100 [ RunTime:0.000151s ]
[ sql ] [ SQL ] SELECT * FROM `m15_imenu` WHERE  `imenu_parent` = 17  AND `imenu_status` = 1 ORDER BY `imenu_rank` DESC LIMIT 0,100 [ RunTime:0.000171s ]
---------------------------------------------------------------
[ 2019-11-17T15:58:28+08:00 ] 39.82.231.79 GET new.m15.ltd/index/workbench/console
[运行时间：0.016094s] [吞吐率：62.13req/s] [内存消耗：1,597.66kb] [文件加载：38]
[ info ] [ LANG ] /www/wwwroot/newm15/thinkphp/lang/zh-cn.php
[ info ] [ ROUTE ] array (
  'type' => 'module',
  'module' => 
  array (
    0 => 'index',
    1 => 'workbench',
    2 => 'console',
  ),
)
[ info ] [ HEADER ] array (
  'cookie' => 'PHPSESSID=0itc9vnsgtmgcb3a35dnftimh5; Hm_lvt_d214947968792b839fd669a4decaaffc=1571300009; Hm_lpvt_d214947968792b839fd669a4decaaffc=1571300028',
  'accept-language' => 'zh-CN,zh;q=0.9',
  'accept-encoding' => 'gzip, deflate',
  'referer' => 'http://new.m15.ltd/',
  'accept' => 'text/html,application/xhtml+xml,application/xml;q=0.9,image/webp,image/apng,*/*;q=0.8,application/signed-exchange;v=b3',
  'user-agent' => 'Mozilla/5.0 (Macintosh; Intel Mac OS X 10_15_0) AppleWebKit/537.36 (KHTML, like Gecko) Chrome/78.0.3904.97 Safari/537.36',
  'upgrade-insecure-requests' => '1',
  'connection' => 'keep-alive',
  'host' => 'new.m15.ltd',
)
[ info ] [ PARAM ] array (
  '/index/workbench/console' => '',
)
[ info ] [ RUN ] app\index\controller\Workbench->console[ /www/wwwroot/newm15/application/index/controller/Workbench.php ]
[ info ] [ VIEW ] /www/wwwroot/newm15/public/../application/index/view/workbench/console.html [ array (
) ]
[ info ] [ SESSION ] INIT array (
  'id' => '',
  'var_session_id' => '',
  'prefix' => 'think',
  'type' => '',
  'auto_start' => true,
)
[ info ] [ LOG ] INIT File
---------------------------------------------------------------
[ 2019-11-17T15:58:28+08:00 ] 39.82.231.79 GET new.m15.ltd/layuiadmin/imgs/logo.png
[运行时间：0.012627s] [吞吐率：79.19req/s] [内存消耗：1,026.98kb] [文件加载：28]
[ info ] [ LANG ] /www/wwwroot/newm15/thinkphp/lang/zh-cn.php
[ info ] [ ROUTE ] array (
  'type' => 'module',
  'module' => 
  array (
    0 => 'layuiadmin',
    1 => 'imgs',
    2 => 'logo.png',
  ),
)
[ info ] [ HEADER ] array (
  'cookie' => 'PHPSESSID=0itc9vnsgtmgcb3a35dnftimh5; Hm_lvt_d214947968792b839fd669a4decaaffc=1571300009; Hm_lpvt_d214947968792b839fd669a4decaaffc=1571300028',
  'accept-language' => 'zh-CN,zh;q=0.9',
  'accept-encoding' => 'gzip, deflate',
  'referer' => 'http://new.m15.ltd/',
  'accept' => 'image/webp,image/apng,image/*,*/*;q=0.8',
  'user-agent' => 'Mozilla/5.0 (Macintosh; Intel Mac OS X 10_15_0) AppleWebKit/537.36 (KHTML, like Gecko) Chrome/78.0.3904.97 Safari/537.36',
  'connection' => 'keep-alive',
  'host' => 'new.m15.ltd',
)
[ info ] [ PARAM ] array (
  '/layuiadmin/imgs/logo_png' => '',
)
[ info ] [ LOG ] INIT File
---------------------------------------------------------------
[ 2019-11-17T15:58:30+08:00 ] 39.82.231.79 GET new.m15.ltd/
[运行时间：0.023758s] [吞吐率：42.09req/s] [内存消耗：2,374.27kb] [文件加载：45]
[ info ] [ LANG ] /www/wwwroot/newm15/thinkphp/lang/zh-cn.php
[ info ] [ ROUTE ] array (
  'type' => 'module',
  'module' => 
  array (
    0 => '',
    1 => NULL,
    2 => NULL,
  ),
)
[ info ] [ HEADER ] array (
  'cookie' => 'PHPSESSID=0itc9vnsgtmgcb3a35dnftimh5; Hm_lvt_d214947968792b839fd669a4decaaffc=1571300009; Hm_lpvt_d214947968792b839fd669a4decaaffc=1571300028',
  'accept-language' => 'zh-CN,zh;q=0.9',
  'accept-encoding' => 'gzip, deflate',
  'accept' => 'text/html,application/xhtml+xml,application/xml;q=0.9,image/webp,image/apng,*/*;q=0.8,application/signed-exchange;v=b3',
  'user-agent' => 'Mozilla/5.0 (Macintosh; Intel Mac OS X 10_15_0) AppleWebKit/537.36 (KHTML, like Gecko) Chrome/78.0.3904.97 Safari/537.36',
  'upgrade-insecure-requests' => '1',
  'cache-control' => 'max-age=0',
  'connection' => 'keep-alive',
  'host' => 'new.m15.ltd',
)
[ info ] [ PARAM ] array (
)
[ info ] [ RUN ] app\index\controller\Index->index[ /www/wwwroot/newm15/application/index/controller/Index.php ]
[ info ] [ DB ] INIT mysql
[ info ] [ VIEW ] /www/wwwroot/newm15/public/../application/index/view/index/index.html [ array (
  0 => 'indexmenu',
) ]
[ info ] [ LOG ] INIT File
[ sql ] [ DB ] CONNECT:[ UseTime:0.000269s ] mysql:host=localhost;dbname=M15;charset=utf8
[ sql ] [ SQL ] SHOW COLUMNS FROM `m15_imenu` [ RunTime:0.000600s ]
[ sql ] [ SQL ] SELECT * FROM `m15_imenu` WHERE  `imenu_status` = 1  AND `imenu_parent` = 0 ORDER BY `imenu_rank` DESC LIMIT 0,100 [ RunTime:0.000233s ]
[ sql ] [ SQL ] SELECT * FROM `m15_imenu` WHERE  `imenu_parent` = 1  AND `imenu_status` = 1 ORDER BY `imenu_rank` DESC LIMIT 0,100 [ RunTime:0.000188s ]
[ sql ] [ SQL ] SELECT * FROM `m15_imenu` WHERE  `imenu_parent` = 2  AND `imenu_status` = 1 ORDER BY `imenu_rank` DESC LIMIT 0,100 [ RunTime:0.000151s ]
[ sql ] [ SQL ] SELECT * FROM `m15_imenu` WHERE  `imenu_parent` = 7  AND `imenu_status` = 1 ORDER BY `imenu_rank` DESC LIMIT 0,100 [ RunTime:0.000183s ]
[ sql ] [ SQL ] SELECT * FROM `m15_imenu` WHERE  `imenu_parent` = 12  AND `imenu_status` = 1 ORDER BY `imenu_rank` DESC LIMIT 0,100 [ RunTime:0.000150s ]
[ sql ] [ SQL ] SELECT * FROM `m15_imenu` WHERE  `imenu_parent` = 17  AND `imenu_status` = 1 ORDER BY `imenu_rank` DESC LIMIT 0,100 [ RunTime:0.000146s ]
---------------------------------------------------------------
[ 2019-11-17T15:58:30+08:00 ] 39.82.231.79 GET new.m15.ltd/layuiadmin/imgs/logo.png
[运行时间：0.011185s] [吞吐率：89.41req/s] [内存消耗：1,026.98kb] [文件加载：28]
[ info ] [ LANG ] /www/wwwroot/newm15/thinkphp/lang/zh-cn.php
[ info ] [ ROUTE ] array (
  'type' => 'module',
  'module' => 
  array (
    0 => 'layuiadmin',
    1 => 'imgs',
    2 => 'logo.png',
  ),
)
[ info ] [ HEADER ] array (
  'cookie' => 'PHPSESSID=0itc9vnsgtmgcb3a35dnftimh5; Hm_lvt_d214947968792b839fd669a4decaaffc=1571300009; Hm_lpvt_d214947968792b839fd669a4decaaffc=1571300028',
  'accept-language' => 'zh-CN,zh;q=0.9',
  'accept-encoding' => 'gzip, deflate',
  'referer' => 'http://new.m15.ltd/',
  'accept' => 'image/webp,image/apng,image/*,*/*;q=0.8',
  'user-agent' => 'Mozilla/5.0 (Macintosh; Intel Mac OS X 10_15_0) AppleWebKit/537.36 (KHTML, like Gecko) Chrome/78.0.3904.97 Safari/537.36',
  'connection' => 'keep-alive',
  'host' => 'new.m15.ltd',
)
[ info ] [ PARAM ] array (
  '/layuiadmin/imgs/logo_png' => '',
)
[ info ] [ LOG ] INIT File
---------------------------------------------------------------
[ 2019-11-17T15:58:30+08:00 ] 39.82.231.79 GET new.m15.ltd/index/workbench/console
[运行时间：0.014986s] [吞吐率：66.73req/s] [内存消耗：1,597.66kb] [文件加载：38]
[ info ] [ LANG ] /www/wwwroot/newm15/thinkphp/lang/zh-cn.php
[ info ] [ ROUTE ] array (
  'type' => 'module',
  'module' => 
  array (
    0 => 'index',
    1 => 'workbench',
    2 => 'console',
  ),
)
[ info ] [ HEADER ] array (
  'cookie' => 'PHPSESSID=0itc9vnsgtmgcb3a35dnftimh5; Hm_lvt_d214947968792b839fd669a4decaaffc=1571300009; Hm_lpvt_d214947968792b839fd669a4decaaffc=1571300028',
  'accept-language' => 'zh-CN,zh;q=0.9',
  'accept-encoding' => 'gzip, deflate',
  'referer' => 'http://new.m15.ltd/',
  'accept' => 'text/html,application/xhtml+xml,application/xml;q=0.9,image/webp,image/apng,*/*;q=0.8,application/signed-exchange;v=b3',
  'user-agent' => 'Mozilla/5.0 (Macintosh; Intel Mac OS X 10_15_0) AppleWebKit/537.36 (KHTML, like Gecko) Chrome/78.0.3904.97 Safari/537.36',
  'upgrade-insecure-requests' => '1',
  'connection' => 'keep-alive',
  'host' => 'new.m15.ltd',
)
[ info ] [ PARAM ] array (
  '/index/workbench/console' => '',
)
[ info ] [ RUN ] app\index\controller\Workbench->console[ /www/wwwroot/newm15/application/index/controller/Workbench.php ]
[ info ] [ VIEW ] /www/wwwroot/newm15/public/../application/index/view/workbench/console.html [ array (
) ]
[ info ] [ SESSION ] INIT array (
  'id' => '',
  'var_session_id' => '',
  'prefix' => 'think',
  'type' => '',
  'auto_start' => true,
)
[ info ] [ LOG ] INIT File
---------------------------------------------------------------
[ 2019-11-17T16:00:18+08:00 ] 39.82.231.79 GET new.m15.ltd/
[运行时间：0.025053s] [吞吐率：39.92req/s] [内存消耗：2,374.27kb] [文件加载：45]
[ info ] [ LANG ] /www/wwwroot/newm15/thinkphp/lang/zh-cn.php
[ info ] [ ROUTE ] array (
  'type' => 'module',
  'module' => 
  array (
    0 => '',
    1 => NULL,
    2 => NULL,
  ),
)
[ info ] [ HEADER ] array (
  'cookie' => 'PHPSESSID=0itc9vnsgtmgcb3a35dnftimh5; Hm_lvt_d214947968792b839fd669a4decaaffc=1571300009; Hm_lpvt_d214947968792b839fd669a4decaaffc=1571300028',
  'accept-language' => 'zh-CN,zh;q=0.9',
  'accept-encoding' => 'gzip, deflate',
  'accept' => 'text/html,application/xhtml+xml,application/xml;q=0.9,image/webp,image/apng,*/*;q=0.8,application/signed-exchange;v=b3',
  'user-agent' => 'Mozilla/5.0 (Macintosh; Intel Mac OS X 10_15_0) AppleWebKit/537.36 (KHTML, like Gecko) Chrome/78.0.3904.97 Safari/537.36',
  'upgrade-insecure-requests' => '1',
  'cache-control' => 'max-age=0',
  'connection' => 'keep-alive',
  'host' => 'new.m15.ltd',
)
[ info ] [ PARAM ] array (
)
[ info ] [ RUN ] app\index\controller\Index->index[ /www/wwwroot/newm15/application/index/controller/Index.php ]
[ info ] [ DB ] INIT mysql
[ info ] [ VIEW ] /www/wwwroot/newm15/public/../application/index/view/index/index.html [ array (
  0 => 'indexmenu',
) ]
[ info ] [ LOG ] INIT File
[ sql ] [ DB ] CONNECT:[ UseTime:0.000264s ] mysql:host=localhost;dbname=M15;charset=utf8
[ sql ] [ SQL ] SHOW COLUMNS FROM `m15_imenu` [ RunTime:0.000648s ]
[ sql ] [ SQL ] SELECT * FROM `m15_imenu` WHERE  `imenu_status` = 1  AND `imenu_parent` = 0 ORDER BY `imenu_rank` DESC LIMIT 0,100 [ RunTime:0.000232s ]
[ sql ] [ SQL ] SELECT * FROM `m15_imenu` WHERE  `imenu_parent` = 1  AND `imenu_status` = 1 ORDER BY `imenu_rank` DESC LIMIT 0,100 [ RunTime:0.000178s ]
[ sql ] [ SQL ] SELECT * FROM `m15_imenu` WHERE  `imenu_parent` = 2  AND `imenu_status` = 1 ORDER BY `imenu_rank` DESC LIMIT 0,100 [ RunTime:0.000163s ]
[ sql ] [ SQL ] SELECT * FROM `m15_imenu` WHERE  `imenu_parent` = 7  AND `imenu_status` = 1 ORDER BY `imenu_rank` DESC LIMIT 0,100 [ RunTime:0.000178s ]
[ sql ] [ SQL ] SELECT * FROM `m15_imenu` WHERE  `imenu_parent` = 12  AND `imenu_status` = 1 ORDER BY `imenu_rank` DESC LIMIT 0,100 [ RunTime:0.000167s ]
[ sql ] [ SQL ] SELECT * FROM `m15_imenu` WHERE  `imenu_parent` = 17  AND `imenu_status` = 1 ORDER BY `imenu_rank` DESC LIMIT 0,100 [ RunTime:0.000172s ]
---------------------------------------------------------------
[ 2019-11-17T16:00:18+08:00 ] 39.82.231.79 GET new.m15.ltd/layuiadmin/imgs/logo.png
[运行时间：0.011147s] [吞吐率：89.71req/s] [内存消耗：1,026.98kb] [文件加载：28]
[ info ] [ LANG ] /www/wwwroot/newm15/thinkphp/lang/zh-cn.php
[ info ] [ ROUTE ] array (
  'type' => 'module',
  'module' => 
  array (
    0 => 'layuiadmin',
    1 => 'imgs',
    2 => 'logo.png',
  ),
)
[ info ] [ HEADER ] array (
  'cookie' => 'PHPSESSID=0itc9vnsgtmgcb3a35dnftimh5; Hm_lvt_d214947968792b839fd669a4decaaffc=1571300009; Hm_lpvt_d214947968792b839fd669a4decaaffc=1571300028',
  'accept-language' => 'zh-CN,zh;q=0.9',
  'accept-encoding' => 'gzip, deflate',
  'referer' => 'http://new.m15.ltd/',
  'accept' => 'image/webp,image/apng,image/*,*/*;q=0.8',
  'user-agent' => 'Mozilla/5.0 (Macintosh; Intel Mac OS X 10_15_0) AppleWebKit/537.36 (KHTML, like Gecko) Chrome/78.0.3904.97 Safari/537.36',
  'connection' => 'keep-alive',
  'host' => 'new.m15.ltd',
)
[ info ] [ PARAM ] array (
  '/layuiadmin/imgs/logo_png' => '',
)
[ info ] [ LOG ] INIT File
---------------------------------------------------------------
[ 2019-11-17T16:00:18+08:00 ] 39.82.231.79 GET new.m15.ltd/index/workbench/console
[运行时间：0.015922s] [吞吐率：62.81req/s] [内存消耗：1,597.66kb] [文件加载：38]
[ info ] [ LANG ] /www/wwwroot/newm15/thinkphp/lang/zh-cn.php
[ info ] [ ROUTE ] array (
  'type' => 'module',
  'module' => 
  array (
    0 => 'index',
    1 => 'workbench',
    2 => 'console',
  ),
)
[ info ] [ HEADER ] array (
  'cookie' => 'PHPSESSID=0itc9vnsgtmgcb3a35dnftimh5; Hm_lvt_d214947968792b839fd669a4decaaffc=1571300009; Hm_lpvt_d214947968792b839fd669a4decaaffc=1571300028',
  'accept-language' => 'zh-CN,zh;q=0.9',
  'accept-encoding' => 'gzip, deflate',
  'referer' => 'http://new.m15.ltd/',
  'accept' => 'text/html,application/xhtml+xml,application/xml;q=0.9,image/webp,image/apng,*/*;q=0.8,application/signed-exchange;v=b3',
  'user-agent' => 'Mozilla/5.0 (Macintosh; Intel Mac OS X 10_15_0) AppleWebKit/537.36 (KHTML, like Gecko) Chrome/78.0.3904.97 Safari/537.36',
  'upgrade-insecure-requests' => '1',
  'connection' => 'keep-alive',
  'host' => 'new.m15.ltd',
)
[ info ] [ PARAM ] array (
  '/index/workbench/console' => '',
)
[ info ] [ RUN ] app\index\controller\Workbench->console[ /www/wwwroot/newm15/application/index/controller/Workbench.php ]
[ info ] [ VIEW ] /www/wwwroot/newm15/public/../application/index/view/workbench/console.html [ array (
) ]
[ info ] [ SESSION ] INIT array (
  'id' => '',
  'var_session_id' => '',
  'prefix' => 'think',
  'type' => '',
  'auto_start' => true,
)
[ info ] [ LOG ] INIT File
---------------------------------------------------------------
[ 2019-11-17T16:01:38+08:00 ] 39.82.231.79 GET new.m15.ltd/index/mcn/data.html
[运行时间：0.026904s] [吞吐率：37.17req/s] [内存消耗：2,624.20kb] [文件加载：50]
[ info ] [ LANG ] /www/wwwroot/newm15/thinkphp/lang/zh-cn.php
[ info ] [ ROUTE ] array (
  'type' => 'module',
  'module' => 
  array (
    0 => 'index',
    1 => 'mcn',
    2 => 'data',
  ),
)
[ info ] [ HEADER ] array (
  'cookie' => 'PHPSESSID=0itc9vnsgtmgcb3a35dnftimh5; Hm_lvt_d214947968792b839fd669a4decaaffc=1571300009; Hm_lpvt_d214947968792b839fd669a4decaaffc=1571300028',
  'accept-language' => 'zh-CN,zh;q=0.9',
  'accept-encoding' => 'gzip, deflate',
  'referer' => 'http://new.m15.ltd/',
  'accept' => 'text/html,application/xhtml+xml,application/xml;q=0.9,image/webp,image/apng,*/*;q=0.8,application/signed-exchange;v=b3',
  'user-agent' => 'Mozilla/5.0 (Macintosh; Intel Mac OS X 10_15_0) AppleWebKit/537.36 (KHTML, like Gecko) Chrome/78.0.3904.97 Safari/537.36',
  'upgrade-insecure-requests' => '1',
  'connection' => 'keep-alive',
  'host' => 'new.m15.ltd',
)
[ info ] [ PARAM ] array (
  '/index/mcn/data_html' => '',
)
[ info ] [ SESSION ] INIT array (
  'id' => '',
  'var_session_id' => '',
  'prefix' => 'think',
  'type' => '',
  'auto_start' => true,
)
[ info ] [ DB ] INIT mysql
[ info ] [ RUN ] app\index\controller\Mcn->data[ /www/wwwroot/newm15/application/index/controller/Mcn.php ]
[ info ] [ VIEW ] /www/wwwroot/newm15/public/../application/index/view/mcn/data.html [ array (
  0 => 'specification',
  1 => 'sort',
) ]
[ info ] [ LOG ] INIT File
[ sql ] [ DB ] CONNECT:[ UseTime:0.000250s ] mysql:host=localhost;dbname=M15;charset=utf8
[ sql ] [ SQL ] SHOW COLUMNS FROM `m15_user` [ RunTime:0.000609s ]
[ sql ] [ SQL ] SELECT * FROM `m15_user` WHERE  `user_id` = 1 LIMIT 1 [ RunTime:0.000236s ]
[ sql ] [ SQL ] SHOW COLUMNS FROM `m15_specification` [ RunTime:0.000457s ]
[ sql ] [ SQL ] SELECT * FROM `m15_specification` WHERE  `spec_type` = 'like' ORDER BY `spec_id` [ RunTime:0.000185s ]
[ sql ] [ SQL ] SELECT * FROM `m15_specification` WHERE  `spec_type` = 'fans' ORDER BY `spec_id` [ RunTime:0.000145s ]
[ sql ] [ SQL ] SELECT * FROM `m15_specification` WHERE  `spec_type` = 'kolv' ORDER BY `spec_id` [ RunTime:0.000163s ]
[ sql ] [ SQL ] SELECT * FROM `m15_specification` WHERE  `spec_type` = 'duration' ORDER BY `spec_id` [ RunTime:0.000136s ]
[ sql ] [ SQL ] SELECT * FROM `m15_specification` WHERE  `spec_type` = 'createtime' ORDER BY `spec_id` [ RunTime:0.000131s ]
[ sql ] [ SQL ] SHOW COLUMNS FROM `m15_video_sort` [ RunTime:0.000489s ]
[ sql ] [ SQL ] SELECT * FROM `m15_video_sort` WHERE  `sort_status` = 1 ORDER BY `sort_rank` DESC [ RunTime:0.000156s ]
---------------------------------------------------------------
[ 2019-11-17T16:19:01+08:00 ] 39.82.231.79 GET new.m15.ltd/
[运行时间：0.024834s] [吞吐率：40.27req/s] [内存消耗：2,374.27kb] [文件加载：45]
[ info ] [ LANG ] /www/wwwroot/newm15/thinkphp/lang/zh-cn.php
[ info ] [ ROUTE ] array (
  'type' => 'module',
  'module' => 
  array (
    0 => '',
    1 => NULL,
    2 => NULL,
  ),
)
[ info ] [ HEADER ] array (
  'cookie' => 'PHPSESSID=0itc9vnsgtmgcb3a35dnftimh5; Hm_lvt_d214947968792b839fd669a4decaaffc=1571300009; Hm_lpvt_d214947968792b839fd669a4decaaffc=1571300028',
  'accept-language' => 'zh-CN,zh;q=0.9',
  'accept-encoding' => 'gzip, deflate',
  'accept' => 'text/html,application/xhtml+xml,application/xml;q=0.9,image/webp,image/apng,*/*;q=0.8,application/signed-exchange;v=b3',
  'user-agent' => 'Mozilla/5.0 (Macintosh; Intel Mac OS X 10_15_0) AppleWebKit/537.36 (KHTML, like Gecko) Chrome/78.0.3904.97 Safari/537.36',
  'upgrade-insecure-requests' => '1',
  'cache-control' => 'max-age=0',
  'connection' => 'keep-alive',
  'host' => 'new.m15.ltd',
)
[ info ] [ PARAM ] array (
)
[ info ] [ RUN ] app\index\controller\Index->index[ /www/wwwroot/newm15/application/index/controller/Index.php ]
[ info ] [ DB ] INIT mysql
[ info ] [ VIEW ] /www/wwwroot/newm15/public/../application/index/view/index/index.html [ array (
  0 => 'indexmenu',
) ]
[ info ] [ LOG ] INIT File
[ sql ] [ DB ] CONNECT:[ UseTime:0.000282s ] mysql:host=localhost;dbname=M15;charset=utf8
[ sql ] [ SQL ] SHOW COLUMNS FROM `m15_imenu` [ RunTime:0.000639s ]
[ sql ] [ SQL ] SELECT * FROM `m15_imenu` WHERE  `imenu_status` = 1  AND `imenu_parent` = 0 ORDER BY `imenu_rank` DESC LIMIT 0,100 [ RunTime:0.000236s ]
[ sql ] [ SQL ] SELECT * FROM `m15_imenu` WHERE  `imenu_parent` = 1  AND `imenu_status` = 1 ORDER BY `imenu_rank` DESC LIMIT 0,100 [ RunTime:0.000182s ]
[ sql ] [ SQL ] SELECT * FROM `m15_imenu` WHERE  `imenu_parent` = 2  AND `imenu_status` = 1 ORDER BY `imenu_rank` DESC LIMIT 0,100 [ RunTime:0.000147s ]
[ sql ] [ SQL ] SELECT * FROM `m15_imenu` WHERE  `imenu_parent` = 7  AND `imenu_status` = 1 ORDER BY `imenu_rank` DESC LIMIT 0,100 [ RunTime:0.000182s ]
[ sql ] [ SQL ] SELECT * FROM `m15_imenu` WHERE  `imenu_parent` = 12  AND `imenu_status` = 1 ORDER BY `imenu_rank` DESC LIMIT 0,100 [ RunTime:0.000158s ]
[ sql ] [ SQL ] SELECT * FROM `m15_imenu` WHERE  `imenu_parent` = 17  AND `imenu_status` = 1 ORDER BY `imenu_rank` DESC LIMIT 0,100 [ RunTime:0.000148s ]
---------------------------------------------------------------
[ 2019-11-17T16:19:01+08:00 ] 39.82.231.79 GET new.m15.ltd/layuiadmin/imgs/logo.png
[运行时间：0.016476s] [吞吐率：60.69req/s] [内存消耗：1,026.98kb] [文件加载：28]
[ info ] [ LANG ] /www/wwwroot/newm15/thinkphp/lang/zh-cn.php
[ info ] [ ROUTE ] array (
  'type' => 'module',
  'module' => 
  array (
    0 => 'layuiadmin',
    1 => 'imgs',
    2 => 'logo.png',
  ),
)
[ info ] [ HEADER ] array (
  'cookie' => 'PHPSESSID=0itc9vnsgtmgcb3a35dnftimh5; Hm_lvt_d214947968792b839fd669a4decaaffc=1571300009; Hm_lpvt_d214947968792b839fd669a4decaaffc=1571300028',
  'accept-language' => 'zh-CN,zh;q=0.9',
  'accept-encoding' => 'gzip, deflate',
  'referer' => 'http://new.m15.ltd/',
  'accept' => 'image/webp,image/apng,image/*,*/*;q=0.8',
  'user-agent' => 'Mozilla/5.0 (Macintosh; Intel Mac OS X 10_15_0) AppleWebKit/537.36 (KHTML, like Gecko) Chrome/78.0.3904.97 Safari/537.36',
  'connection' => 'keep-alive',
  'host' => 'new.m15.ltd',
)
[ info ] [ PARAM ] array (
  '/layuiadmin/imgs/logo_png' => '',
)
[ info ] [ LOG ] INIT File
---------------------------------------------------------------
[ 2019-11-17T16:19:01+08:00 ] 39.82.231.79 GET new.m15.ltd/index/workbench/console
[运行时间：0.021374s] [吞吐率：46.79req/s] [内存消耗：1,597.66kb] [文件加载：38]
[ info ] [ LANG ] /www/wwwroot/newm15/thinkphp/lang/zh-cn.php
[ info ] [ ROUTE ] array (
  'type' => 'module',
  'module' => 
  array (
    0 => 'index',
    1 => 'workbench',
    2 => 'console',
  ),
)
[ info ] [ HEADER ] array (
  'cookie' => 'PHPSESSID=0itc9vnsgtmgcb3a35dnftimh5; Hm_lvt_d214947968792b839fd669a4decaaffc=1571300009; Hm_lpvt_d214947968792b839fd669a4decaaffc=1571300028',
  'accept-language' => 'zh-CN,zh;q=0.9',
  'accept-encoding' => 'gzip, deflate',
  'referer' => 'http://new.m15.ltd/',
  'accept' => 'text/html,application/xhtml+xml,application/xml;q=0.9,image/webp,image/apng,*/*;q=0.8,application/signed-exchange;v=b3',
  'user-agent' => 'Mozilla/5.0 (Macintosh; Intel Mac OS X 10_15_0) AppleWebKit/537.36 (KHTML, like Gecko) Chrome/78.0.3904.97 Safari/537.36',
  'upgrade-insecure-requests' => '1',
  'connection' => 'keep-alive',
  'host' => 'new.m15.ltd',
)
[ info ] [ PARAM ] array (
  '/index/workbench/console' => '',
)
[ info ] [ RUN ] app\index\controller\Workbench->console[ /www/wwwroot/newm15/application/index/controller/Workbench.php ]
[ info ] [ VIEW ] /www/wwwroot/newm15/public/../application/index/view/workbench/console.html [ array (
) ]
[ info ] [ SESSION ] INIT array (
  'id' => '',
  'var_session_id' => '',
  'prefix' => 'think',
  'type' => '',
  'auto_start' => true,
)
[ info ] [ LOG ] INIT File
---------------------------------------------------------------
[ 2019-11-17T16:19:07+08:00 ] 39.82.231.79 GET new.m15.ltd/index/mcn/data.html
[运行时间：0.026812s] [吞吐率：37.30req/s] [内存消耗：2,624.20kb] [文件加载：50]
[ info ] [ LANG ] /www/wwwroot/newm15/thinkphp/lang/zh-cn.php
[ info ] [ ROUTE ] array (
  'type' => 'module',
  'module' => 
  array (
    0 => 'index',
    1 => 'mcn',
    2 => 'data',
  ),
)
[ info ] [ HEADER ] array (
  'cookie' => 'PHPSESSID=0itc9vnsgtmgcb3a35dnftimh5; Hm_lvt_d214947968792b839fd669a4decaaffc=1571300009; Hm_lpvt_d214947968792b839fd669a4decaaffc=1571300028',
  'accept-language' => 'zh-CN,zh;q=0.9',
  'accept-encoding' => 'gzip, deflate',
  'referer' => 'http://new.m15.ltd/',
  'accept' => 'text/html,application/xhtml+xml,application/xml;q=0.9,image/webp,image/apng,*/*;q=0.8,application/signed-exchange;v=b3',
  'user-agent' => 'Mozilla/5.0 (Macintosh; Intel Mac OS X 10_15_0) AppleWebKit/537.36 (KHTML, like Gecko) Chrome/78.0.3904.97 Safari/537.36',
  'upgrade-insecure-requests' => '1',
  'connection' => 'keep-alive',
  'host' => 'new.m15.ltd',
)
[ info ] [ PARAM ] array (
  '/index/mcn/data_html' => '',
)
[ info ] [ SESSION ] INIT array (
  'id' => '',
  'var_session_id' => '',
  'prefix' => 'think',
  'type' => '',
  'auto_start' => true,
)
[ info ] [ DB ] INIT mysql
[ info ] [ RUN ] app\index\controller\Mcn->data[ /www/wwwroot/newm15/application/index/controller/Mcn.php ]
[ info ] [ VIEW ] /www/wwwroot/newm15/public/../application/index/view/mcn/data.html [ array (
  0 => 'specification',
  1 => 'sort',
) ]
[ info ] [ LOG ] INIT File
[ sql ] [ DB ] CONNECT:[ UseTime:0.000263s ] mysql:host=localhost;dbname=M15;charset=utf8
[ sql ] [ SQL ] SHOW COLUMNS FROM `m15_user` [ RunTime:0.000637s ]
[ sql ] [ SQL ] SELECT * FROM `m15_user` WHERE  `user_id` = 1 LIMIT 1 [ RunTime:0.000226s ]
[ sql ] [ SQL ] SHOW COLUMNS FROM `m15_specification` [ RunTime:0.000465s ]
[ sql ] [ SQL ] SELECT * FROM `m15_specification` WHERE  `spec_type` = 'like' ORDER BY `spec_id` [ RunTime:0.000192s ]
[ sql ] [ SQL ] SELECT * FROM `m15_specification` WHERE  `spec_type` = 'fans' ORDER BY `spec_id` [ RunTime:0.000141s ]
[ sql ] [ SQL ] SELECT * FROM `m15_specification` WHERE  `spec_type` = 'kolv' ORDER BY `spec_id` [ RunTime:0.000135s ]
[ sql ] [ SQL ] SELECT * FROM `m15_specification` WHERE  `spec_type` = 'duration' ORDER BY `spec_id` [ RunTime:0.000129s ]
[ sql ] [ SQL ] SELECT * FROM `m15_specification` WHERE  `spec_type` = 'createtime' ORDER BY `spec_id` [ RunTime:0.000150s ]
[ sql ] [ SQL ] SHOW COLUMNS FROM `m15_video_sort` [ RunTime:0.000418s ]
[ sql ] [ SQL ] SELECT * FROM `m15_video_sort` WHERE  `sort_status` = 1 ORDER BY `sort_rank` DESC [ RunTime:0.000235s ]
---------------------------------------------------------------
[ 2019-11-17T16:34:45+08:00 ] 39.82.231.79 GET new.m15.ltd/
[运行时间：0.024546s] [吞吐率：40.74req/s] [内存消耗：2,374.27kb] [文件加载：45]
[ info ] [ LANG ] /www/wwwroot/newm15/thinkphp/lang/zh-cn.php
[ info ] [ ROUTE ] array (
  'type' => 'module',
  'module' => 
  array (
    0 => '',
    1 => NULL,
    2 => NULL,
  ),
)
[ info ] [ HEADER ] array (
  'cookie' => 'PHPSESSID=0itc9vnsgtmgcb3a35dnftimh5; Hm_lvt_d214947968792b839fd669a4decaaffc=1571300009; Hm_lpvt_d214947968792b839fd669a4decaaffc=1571300028',
  'accept-language' => 'zh-CN,zh;q=0.9',
  'accept-encoding' => 'gzip, deflate',
  'accept' => 'text/html,application/xhtml+xml,application/xml;q=0.9,image/webp,image/apng,*/*;q=0.8,application/signed-exchange;v=b3',
  'user-agent' => 'Mozilla/5.0 (Macintosh; Intel Mac OS X 10_15_0) AppleWebKit/537.36 (KHTML, like Gecko) Chrome/78.0.3904.97 Safari/537.36',
  'upgrade-insecure-requests' => '1',
  'cache-control' => 'max-age=0',
  'connection' => 'keep-alive',
  'host' => 'new.m15.ltd',
)
[ info ] [ PARAM ] array (
)
[ info ] [ RUN ] app\index\controller\Index->index[ /www/wwwroot/newm15/application/index/controller/Index.php ]
[ info ] [ DB ] INIT mysql
[ info ] [ VIEW ] /www/wwwroot/newm15/public/../application/index/view/index/index.html [ array (
  0 => 'indexmenu',
) ]
[ info ] [ LOG ] INIT File
[ sql ] [ DB ] CONNECT:[ UseTime:0.000286s ] mysql:host=localhost;dbname=M15;charset=utf8
[ sql ] [ SQL ] SHOW COLUMNS FROM `m15_imenu` [ RunTime:0.000625s ]
[ sql ] [ SQL ] SELECT * FROM `m15_imenu` WHERE  `imenu_status` = 1  AND `imenu_parent` = 0 ORDER BY `imenu_rank` DESC LIMIT 0,100 [ RunTime:0.000218s ]
[ sql ] [ SQL ] SELECT * FROM `m15_imenu` WHERE  `imenu_parent` = 1  AND `imenu_status` = 1 ORDER BY `imenu_rank` DESC LIMIT 0,100 [ RunTime:0.000178s ]
[ sql ] [ SQL ] SELECT * FROM `m15_imenu` WHERE  `imenu_parent` = 2  AND `imenu_status` = 1 ORDER BY `imenu_rank` DESC LIMIT 0,100 [ RunTime:0.000187s ]
[ sql ] [ SQL ] SELECT * FROM `m15_imenu` WHERE  `imenu_parent` = 7  AND `imenu_status` = 1 ORDER BY `imenu_rank` DESC LIMIT 0,100 [ RunTime:0.000179s ]
[ sql ] [ SQL ] SELECT * FROM `m15_imenu` WHERE  `imenu_parent` = 12  AND `imenu_status` = 1 ORDER BY `imenu_rank` DESC LIMIT 0,100 [ RunTime:0.000164s ]
[ sql ] [ SQL ] SELECT * FROM `m15_imenu` WHERE  `imenu_parent` = 17  AND `imenu_status` = 1 ORDER BY `imenu_rank` DESC LIMIT 0,100 [ RunTime:0.000161s ]
---------------------------------------------------------------
[ 2019-11-17T16:34:45+08:00 ] 39.82.231.79 GET new.m15.ltd/layuiadmin/imgs/logo.png
[运行时间：0.015907s] [吞吐率：62.87req/s] [内存消耗：1,026.98kb] [文件加载：28]
[ info ] [ LANG ] /www/wwwroot/newm15/thinkphp/lang/zh-cn.php
[ info ] [ ROUTE ] array (
  'type' => 'module',
  'module' => 
  array (
    0 => 'layuiadmin',
    1 => 'imgs',
    2 => 'logo.png',
  ),
)
[ info ] [ HEADER ] array (
  'cookie' => 'PHPSESSID=0itc9vnsgtmgcb3a35dnftimh5; Hm_lvt_d214947968792b839fd669a4decaaffc=1571300009; Hm_lpvt_d214947968792b839fd669a4decaaffc=1571300028',
  'accept-language' => 'zh-CN,zh;q=0.9',
  'accept-encoding' => 'gzip, deflate',
  'referer' => 'http://new.m15.ltd/',
  'accept' => 'image/webp,image/apng,image/*,*/*;q=0.8',
  'user-agent' => 'Mozilla/5.0 (Macintosh; Intel Mac OS X 10_15_0) AppleWebKit/537.36 (KHTML, like Gecko) Chrome/78.0.3904.97 Safari/537.36',
  'connection' => 'keep-alive',
  'host' => 'new.m15.ltd',
)
[ info ] [ PARAM ] array (
  '/layuiadmin/imgs/logo_png' => '',
)
[ info ] [ LOG ] INIT File
---------------------------------------------------------------
[ 2019-11-17T16:34:45+08:00 ] 39.82.231.79 GET new.m15.ltd/index/workbench/console
[运行时间：0.020598s] [吞吐率：48.55req/s] [内存消耗：1,597.66kb] [文件加载：38]
[ info ] [ LANG ] /www/wwwroot/newm15/thinkphp/lang/zh-cn.php
[ info ] [ ROUTE ] array (
  'type' => 'module',
  'module' => 
  array (
    0 => 'index',
    1 => 'workbench',
    2 => 'console',
  ),
)
[ info ] [ HEADER ] array (
  'cookie' => 'PHPSESSID=0itc9vnsgtmgcb3a35dnftimh5; Hm_lvt_d214947968792b839fd669a4decaaffc=1571300009; Hm_lpvt_d214947968792b839fd669a4decaaffc=1571300028',
  'accept-language' => 'zh-CN,zh;q=0.9',
  'accept-encoding' => 'gzip, deflate',
  'referer' => 'http://new.m15.ltd/',
  'accept' => 'text/html,application/xhtml+xml,application/xml;q=0.9,image/webp,image/apng,*/*;q=0.8,application/signed-exchange;v=b3',
  'user-agent' => 'Mozilla/5.0 (Macintosh; Intel Mac OS X 10_15_0) AppleWebKit/537.36 (KHTML, like Gecko) Chrome/78.0.3904.97 Safari/537.36',
  'upgrade-insecure-requests' => '1',
  'connection' => 'keep-alive',
  'host' => 'new.m15.ltd',
)
[ info ] [ PARAM ] array (
  '/index/workbench/console' => '',
)
[ info ] [ RUN ] app\index\controller\Workbench->console[ /www/wwwroot/newm15/application/index/controller/Workbench.php ]
[ info ] [ VIEW ] /www/wwwroot/newm15/public/../application/index/view/workbench/console.html [ array (
) ]
[ info ] [ SESSION ] INIT array (
  'id' => '',
  'var_session_id' => '',
  'prefix' => 'think',
  'type' => '',
  'auto_start' => true,
)
[ info ] [ LOG ] INIT File
---------------------------------------------------------------
[ 2019-11-17T16:34:46+08:00 ] 39.82.231.79 GET new.m15.ltd/index/mcn/data.html
[运行时间：0.026543s] [吞吐率：37.67req/s] [内存消耗：2,624.20kb] [文件加载：50]
[ info ] [ LANG ] /www/wwwroot/newm15/thinkphp/lang/zh-cn.php
[ info ] [ ROUTE ] array (
  'type' => 'module',
  'module' => 
  array (
    0 => 'index',
    1 => 'mcn',
    2 => 'data',
  ),
)
[ info ] [ HEADER ] array (
  'cookie' => 'PHPSESSID=0itc9vnsgtmgcb3a35dnftimh5; Hm_lvt_d214947968792b839fd669a4decaaffc=1571300009; Hm_lpvt_d214947968792b839fd669a4decaaffc=1571300028',
  'accept-language' => 'zh-CN,zh;q=0.9',
  'accept-encoding' => 'gzip, deflate',
  'referer' => 'http://new.m15.ltd/',
  'accept' => 'text/html,application/xhtml+xml,application/xml;q=0.9,image/webp,image/apng,*/*;q=0.8,application/signed-exchange;v=b3',
  'user-agent' => 'Mozilla/5.0 (Macintosh; Intel Mac OS X 10_15_0) AppleWebKit/537.36 (KHTML, like Gecko) Chrome/78.0.3904.97 Safari/537.36',
  'upgrade-insecure-requests' => '1',
  'connection' => 'keep-alive',
  'host' => 'new.m15.ltd',
)
[ info ] [ PARAM ] array (
  '/index/mcn/data_html' => '',
)
[ info ] [ SESSION ] INIT array (
  'id' => '',
  'var_session_id' => '',
  'prefix' => 'think',
  'type' => '',
  'auto_start' => true,
)
[ info ] [ DB ] INIT mysql
[ info ] [ RUN ] app\index\controller\Mcn->data[ /www/wwwroot/newm15/application/index/controller/Mcn.php ]
[ info ] [ VIEW ] /www/wwwroot/newm15/public/../application/index/view/mcn/data.html [ array (
  0 => 'specification',
  1 => 'sort',
) ]
[ info ] [ LOG ] INIT File
[ sql ] [ DB ] CONNECT:[ UseTime:0.000254s ] mysql:host=localhost;dbname=M15;charset=utf8
[ sql ] [ SQL ] SHOW COLUMNS FROM `m15_user` [ RunTime:0.000672s ]
[ sql ] [ SQL ] SELECT * FROM `m15_user` WHERE  `user_id` = 1 LIMIT 1 [ RunTime:0.000318s ]
[ sql ] [ SQL ] SHOW COLUMNS FROM `m15_specification` [ RunTime:0.000458s ]
[ sql ] [ SQL ] SELECT * FROM `m15_specification` WHERE  `spec_type` = 'like' ORDER BY `spec_id` [ RunTime:0.000174s ]
[ sql ] [ SQL ] SELECT * FROM `m15_specification` WHERE  `spec_type` = 'fans' ORDER BY `spec_id` [ RunTime:0.000143s ]
[ sql ] [ SQL ] SELECT * FROM `m15_specification` WHERE  `spec_type` = 'kolv' ORDER BY `spec_id` [ RunTime:0.000144s ]
[ sql ] [ SQL ] SELECT * FROM `m15_specification` WHERE  `spec_type` = 'duration' ORDER BY `spec_id` [ RunTime:0.000130s ]
[ sql ] [ SQL ] SELECT * FROM `m15_specification` WHERE  `spec_type` = 'createtime' ORDER BY `spec_id` [ RunTime:0.000160s ]
[ sql ] [ SQL ] SHOW COLUMNS FROM `m15_video_sort` [ RunTime:0.000412s ]
[ sql ] [ SQL ] SELECT * FROM `m15_video_sort` WHERE  `sort_status` = 1 ORDER BY `sort_rank` DESC [ RunTime:0.000236s ]
---------------------------------------------------------------
[ 2019-11-17T16:52:21+08:00 ] 106.14.167.211 GET new.m15.ltd/
[运行时间：0.024982s] [吞吐率：40.03req/s] [内存消耗：2,372.27kb] [文件加载：45]
[ info ] [ LANG ] /www/wwwroot/newm15/thinkphp/lang/zh-cn.php
[ info ] [ ROUTE ] array (
  'type' => 'module',
  'module' => 
  array (
    0 => '',
    1 => NULL,
    2 => NULL,
  ),
)
[ info ] [ HEADER ] array (
  'accept-encoding' => 'gzip',
  'connection' => 'Keep-Alive',
  'host' => 'new.m15.ltd',
  'user-agent' => 'Mozilla/5.0 (X11; Ubuntu; Linux x86_64; rv:36.0) Gecko/20100101 Firefox/36.0',
)
[ info ] [ PARAM ] array (
)
[ info ] [ RUN ] app\index\controller\Index->index[ /www/wwwroot/newm15/application/index/controller/Index.php ]
[ info ] [ DB ] INIT mysql
[ info ] [ VIEW ] /www/wwwroot/newm15/public/../application/index/view/index/index.html [ array (
  0 => 'indexmenu',
) ]
[ info ] [ LOG ] INIT File
[ sql ] [ DB ] CONNECT:[ UseTime:0.000296s ] mysql:host=localhost;dbname=M15;charset=utf8
[ sql ] [ SQL ] SHOW COLUMNS FROM `m15_imenu` [ RunTime:0.000648s ]
[ sql ] [ SQL ] SELECT * FROM `m15_imenu` WHERE  `imenu_status` = 1  AND `imenu_parent` = 0 ORDER BY `imenu_rank` DESC LIMIT 0,100 [ RunTime:0.000216s ]
[ sql ] [ SQL ] SELECT * FROM `m15_imenu` WHERE  `imenu_parent` = 1  AND `imenu_status` = 1 ORDER BY `imenu_rank` DESC LIMIT 0,100 [ RunTime:0.000174s ]
[ sql ] [ SQL ] SELECT * FROM `m15_imenu` WHERE  `imenu_parent` = 2  AND `imenu_status` = 1 ORDER BY `imenu_rank` DESC LIMIT 0,100 [ RunTime:0.000174s ]
[ sql ] [ SQL ] SELECT * FROM `m15_imenu` WHERE  `imenu_parent` = 7  AND `imenu_status` = 1 ORDER BY `imenu_rank` DESC LIMIT 0,100 [ RunTime:0.000194s ]
[ sql ] [ SQL ] SELECT * FROM `m15_imenu` WHERE  `imenu_parent` = 12  AND `imenu_status` = 1 ORDER BY `imenu_rank` DESC LIMIT 0,100 [ RunTime:0.000170s ]
[ sql ] [ SQL ] SELECT * FROM `m15_imenu` WHERE  `imenu_parent` = 17  AND `imenu_status` = 1 ORDER BY `imenu_rank` DESC LIMIT 0,100 [ RunTime:0.000158s ]
---------------------------------------------------------------
[ 2019-11-17T16:52:23+08:00 ] 106.14.167.211 GET new.m15.ltd/layuiadmin/imgs/logo.png
[运行时间：0.016259s] [吞吐率：61.50req/s] [内存消耗：1,025.84kb] [文件加载：28]
[ info ] [ LANG ] /www/wwwroot/newm15/thinkphp/lang/zh-cn.php
[ info ] [ ROUTE ] array (
  'type' => 'module',
  'module' => 
  array (
    0 => 'layuiadmin',
    1 => 'imgs',
    2 => 'logo.png',
  ),
)
[ info ] [ HEADER ] array (
  'accept-encoding' => 'gzip',
  'connection' => 'Keep-Alive',
  'host' => 'new.m15.ltd',
  'user-agent' => 'Mozilla/5.0 (X11; Ubuntu; Linux x86_64; rv:36.0) Gecko/20100101 Firefox/36.0',
)
[ info ] [ PARAM ] array (
  '/layuiadmin/imgs/logo_png' => '',
)
[ info ] [ LOG ] INIT File
---------------------------------------------------------------
[ 2019-11-17T16:52:23+08:00 ] 106.14.167.211 GET new.m15.ltd/index/workbench/console
[运行时间：0.016819s] [吞吐率：59.46req/s] [内存消耗：1,231.51kb] [文件加载：35]
[ info ] [ LANG ] /www/wwwroot/newm15/thinkphp/lang/zh-cn.php
[ info ] [ ROUTE ] array (
  'type' => 'module',
  'module' => 
  array (
    0 => 'index',
    1 => 'workbench',
    2 => 'console',
  ),
)
[ info ] [ HEADER ] array (
  'accept-encoding' => 'gzip',
  'connection' => 'Keep-Alive',
  'host' => 'new.m15.ltd',
  'user-agent' => 'Mozilla/5.0 (X11; Ubuntu; Linux x86_64; rv:36.0) Gecko/20100101 Firefox/36.0',
)
[ info ] [ PARAM ] array (
  '/index/workbench/console' => '',
)
[ info ] [ RUN ] app\index\controller\Workbench->console[ /www/wwwroot/newm15/application/index/controller/Workbench.php ]
[ info ] [ VIEW ] /www/wwwroot/newm15/public/../application/index/view/workbench/console.html [ array (
) ]
[ info ] [ SESSION ] INIT array (
  'id' => '',
  'var_session_id' => '',
  'prefix' => 'think',
  'type' => '',
  'auto_start' => true,
)
[ info ] [ LOG ] INIT File
---------------------------------------------------------------
[ 2019-11-17T22:52:59+08:00 ] 39.82.231.79 GET new.m15.ltd/
[运行时间：0.024075s] [吞吐率：41.54req/s] [内存消耗：2,374.27kb] [文件加载：45]
[ info ] [ LANG ] /www/wwwroot/newm15/thinkphp/lang/zh-cn.php
[ info ] [ ROUTE ] array (
  'type' => 'module',
  'module' => 
  array (
    0 => '',
    1 => NULL,
    2 => NULL,
  ),
)
[ info ] [ HEADER ] array (
  'cookie' => 'PHPSESSID=0itc9vnsgtmgcb3a35dnftimh5; Hm_lvt_d214947968792b839fd669a4decaaffc=1571300009; Hm_lpvt_d214947968792b839fd669a4decaaffc=1571300028',
  'accept-language' => 'zh-CN,zh;q=0.9',
  'accept-encoding' => 'gzip, deflate',
  'accept' => 'text/html,application/xhtml+xml,application/xml;q=0.9,image/webp,image/apng,*/*;q=0.8,application/signed-exchange;v=b3',
  'user-agent' => 'Mozilla/5.0 (Macintosh; Intel Mac OS X 10_15_0) AppleWebKit/537.36 (KHTML, like Gecko) Chrome/78.0.3904.97 Safari/537.36',
  'upgrade-insecure-requests' => '1',
  'cache-control' => 'max-age=0',
  'connection' => 'keep-alive',
  'host' => 'new.m15.ltd',
)
[ info ] [ PARAM ] array (
)
[ info ] [ RUN ] app\index\controller\Index->index[ /www/wwwroot/newm15/application/index/controller/Index.php ]
[ info ] [ DB ] INIT mysql
[ info ] [ VIEW ] /www/wwwroot/newm15/public/../application/index/view/index/index.html [ array (
  0 => 'indexmenu',
) ]
[ info ] [ LOG ] INIT File
[ sql ] [ DB ] CONNECT:[ UseTime:0.000318s ] mysql:host=localhost;dbname=M15;charset=utf8
[ sql ] [ SQL ] SHOW COLUMNS FROM `m15_imenu` [ RunTime:0.000709s ]
[ sql ] [ SQL ] SELECT * FROM `m15_imenu` WHERE  `imenu_status` = 1  AND `imenu_parent` = 0 ORDER BY `imenu_rank` DESC LIMIT 0,100 [ RunTime:0.000218s ]
[ sql ] [ SQL ] SELECT * FROM `m15_imenu` WHERE  `imenu_parent` = 1  AND `imenu_status` = 1 ORDER BY `imenu_rank` DESC LIMIT 0,100 [ RunTime:0.000160s ]
[ sql ] [ SQL ] SELECT * FROM `m15_imenu` WHERE  `imenu_parent` = 2  AND `imenu_status` = 1 ORDER BY `imenu_rank` DESC LIMIT 0,100 [ RunTime:0.000159s ]
[ sql ] [ SQL ] SELECT * FROM `m15_imenu` WHERE  `imenu_parent` = 7  AND `imenu_status` = 1 ORDER BY `imenu_rank` DESC LIMIT 0,100 [ RunTime:0.000181s ]
[ sql ] [ SQL ] SELECT * FROM `m15_imenu` WHERE  `imenu_parent` = 12  AND `imenu_status` = 1 ORDER BY `imenu_rank` DESC LIMIT 0,100 [ RunTime:0.000155s ]
[ sql ] [ SQL ] SELECT * FROM `m15_imenu` WHERE  `imenu_parent` = 17  AND `imenu_status` = 1 ORDER BY `imenu_rank` DESC LIMIT 0,100 [ RunTime:0.000170s ]
---------------------------------------------------------------
[ 2019-11-17T22:52:59+08:00 ] 39.82.231.79 GET new.m15.ltd/layuiadmin/imgs/logo.png
[运行时间：0.011602s] [吞吐率：86.19req/s] [内存消耗：1,026.98kb] [文件加载：28]
[ info ] [ LANG ] /www/wwwroot/newm15/thinkphp/lang/zh-cn.php
[ info ] [ ROUTE ] array (
  'type' => 'module',
  'module' => 
  array (
    0 => 'layuiadmin',
    1 => 'imgs',
    2 => 'logo.png',
  ),
)
[ info ] [ HEADER ] array (
  'cookie' => 'PHPSESSID=0itc9vnsgtmgcb3a35dnftimh5; Hm_lvt_d214947968792b839fd669a4decaaffc=1571300009; Hm_lpvt_d214947968792b839fd669a4decaaffc=1571300028',
  'accept-language' => 'zh-CN,zh;q=0.9',
  'accept-encoding' => 'gzip, deflate',
  'referer' => 'http://new.m15.ltd/',
  'accept' => 'image/webp,image/apng,image/*,*/*;q=0.8',
  'user-agent' => 'Mozilla/5.0 (Macintosh; Intel Mac OS X 10_15_0) AppleWebKit/537.36 (KHTML, like Gecko) Chrome/78.0.3904.97 Safari/537.36',
  'connection' => 'keep-alive',
  'host' => 'new.m15.ltd',
)
[ info ] [ PARAM ] array (
  '/layuiadmin/imgs/logo_png' => '',
)
[ info ] [ LOG ] INIT File
---------------------------------------------------------------
[ 2019-11-17T22:52:59+08:00 ] 39.82.231.79 GET new.m15.ltd/index/workbench/console
[运行时间：0.015085s] [吞吐率：66.29req/s] [内存消耗：1,597.66kb] [文件加载：38]
[ info ] [ LANG ] /www/wwwroot/newm15/thinkphp/lang/zh-cn.php
[ info ] [ ROUTE ] array (
  'type' => 'module',
  'module' => 
  array (
    0 => 'index',
    1 => 'workbench',
    2 => 'console',
  ),
)
[ info ] [ HEADER ] array (
  'cookie' => 'PHPSESSID=0itc9vnsgtmgcb3a35dnftimh5; Hm_lvt_d214947968792b839fd669a4decaaffc=1571300009; Hm_lpvt_d214947968792b839fd669a4decaaffc=1571300028',
  'accept-language' => 'zh-CN,zh;q=0.9',
  'accept-encoding' => 'gzip, deflate',
  'referer' => 'http://new.m15.ltd/',
  'accept' => 'text/html,application/xhtml+xml,application/xml;q=0.9,image/webp,image/apng,*/*;q=0.8,application/signed-exchange;v=b3',
  'user-agent' => 'Mozilla/5.0 (Macintosh; Intel Mac OS X 10_15_0) AppleWebKit/537.36 (KHTML, like Gecko) Chrome/78.0.3904.97 Safari/537.36',
  'upgrade-insecure-requests' => '1',
  'connection' => 'keep-alive',
  'host' => 'new.m15.ltd',
)
[ info ] [ PARAM ] array (
  '/index/workbench/console' => '',
)
[ info ] [ RUN ] app\index\controller\Workbench->console[ /www/wwwroot/newm15/application/index/controller/Workbench.php ]
[ info ] [ VIEW ] /www/wwwroot/newm15/public/../application/index/view/workbench/console.html [ array (
) ]
[ info ] [ SESSION ] INIT array (
  'id' => '',
  'var_session_id' => '',
  'prefix' => 'think',
  'type' => '',
  'auto_start' => true,
)
[ info ] [ LOG ] INIT File
---------------------------------------------------------------
[ 2019-11-17T22:53:00+08:00 ] 39.82.231.79 GET new.m15.ltd/index/video/index.html
[运行时间：0.079608s] [吞吐率：12.56req/s] [内存消耗：2,910.04kb] [文件加载：53]
[ info ] [ LANG ] /www/wwwroot/newm15/thinkphp/lang/zh-cn.php
[ info ] [ ROUTE ] array (
  'type' => 'module',
  'module' => 
  array (
    0 => 'index',
    1 => 'video',
    2 => 'index',
  ),
)
[ info ] [ HEADER ] array (
  'cookie' => 'PHPSESSID=0itc9vnsgtmgcb3a35dnftimh5; Hm_lvt_d214947968792b839fd669a4decaaffc=1571300009; Hm_lpvt_d214947968792b839fd669a4decaaffc=1571300028',
  'accept-language' => 'zh-CN,zh;q=0.9',
  'accept-encoding' => 'gzip, deflate',
  'referer' => 'http://new.m15.ltd/',
  'accept' => 'text/html,application/xhtml+xml,application/xml;q=0.9,image/webp,image/apng,*/*;q=0.8,application/signed-exchange;v=b3',
  'user-agent' => 'Mozilla/5.0 (Macintosh; Intel Mac OS X 10_15_0) AppleWebKit/537.36 (KHTML, like Gecko) Chrome/78.0.3904.97 Safari/537.36',
  'upgrade-insecure-requests' => '1',
  'connection' => 'keep-alive',
  'host' => 'new.m15.ltd',
)
[ info ] [ PARAM ] array (
  '/index/video/index_html' => '',
)
[ info ] [ SESSION ] INIT array (
  'id' => '',
  'var_session_id' => '',
  'prefix' => 'think',
  'type' => '',
  'auto_start' => true,
)
[ info ] [ DB ] INIT mysql
[ info ] [ RUN ] app\index\controller\Video->index[ /www/wwwroot/newm15/application/index/controller/Video.php ]
[ info ] [ VIEW ] /www/wwwroot/newm15/public/../application/index/view/video/index.html [ array (
  0 => 'sort',
  1 => 'specification',
  2 => 'condition',
  3 => 'videos',
) ]
[ info ] [ LOG ] INIT File
[ sql ] [ DB ] CONNECT:[ UseTime:0.000294s ] mysql:host=localhost;dbname=M15;charset=utf8
[ sql ] [ SQL ] SHOW COLUMNS FROM `m15_user` [ RunTime:0.000656s ]
[ sql ] [ SQL ] SELECT * FROM `m15_user` WHERE  `user_id` = 1 LIMIT 1 [ RunTime:0.000319s ]
[ sql ] [ SQL ] SHOW COLUMNS FROM `m15_video_sort` [ RunTime:0.000473s ]
[ sql ] [ SQL ] SELECT * FROM `m15_video_sort` WHERE  `sort_status` = 1 ORDER BY `sort_rank` DESC [ RunTime:0.000166s ]
[ sql ] [ SQL ] SHOW COLUMNS FROM `m15_specification` [ RunTime:0.000416s ]
[ sql ] [ SQL ] SELECT * FROM `m15_specification` WHERE  `spec_type` = 'like' ORDER BY `spec_id` [ RunTime:0.000161s ]
[ sql ] [ SQL ] SELECT * FROM `m15_specification` WHERE  `spec_type` = 'fans' ORDER BY `spec_id` [ RunTime:0.000138s ]
[ sql ] [ SQL ] SELECT * FROM `m15_specification` WHERE  `spec_type` = 'kolv' ORDER BY `spec_id` [ RunTime:0.000159s ]
[ sql ] [ SQL ] SELECT * FROM `m15_specification` WHERE  `spec_type` = 'duration' ORDER BY `spec_id` [ RunTime:0.000134s ]
[ sql ] [ SQL ] SELECT * FROM `m15_specification` WHERE  `spec_type` = 'createtime' ORDER BY `spec_id` [ RunTime:0.000139s ]
[ sql ] [ SQL ] SHOW COLUMNS FROM `m15_video` [ RunTime:0.000517s ]
[ sql ] [ SQL ] SELECT COUNT(*) AS tp_count FROM `m15_video` `v` LEFT JOIN `m15_video_trend` `vt` ON `v`.`video_number`=`vt`.`vt_video_number` LIMIT 1 [ RunTime:0.000178s ]
[ sql ] [ SQL ] SELECT * FROM `m15_video` `v` INNER JOIN (select a.* from m15_video_trend as a right join (select vt_video_id, max(vt_time) as maxtime from m15_video_trend where vt_video_id is not null group by vt_video_id) as b on a.vt_video_id=b.vt_video_id and a.vt_time=b.maxtime order by a.vt_video_id asc) vt ON `v`.`video_number`=`vt`.`vt_video_number` ORDER BY `vt`.`vt_hot` DESC LIMIT 0,50 [ RunTime:0.000324s ]
---------------------------------------------------------------
[ 2019-11-17T22:53:06+08:00 ] 39.82.231.79 GET new.m15.ltd/index/music/index.html
[运行时间：0.048342s] [吞吐率：20.69req/s] [内存消耗：2,727.31kb] [文件加载：52]
[ info ] [ LANG ] /www/wwwroot/newm15/thinkphp/lang/zh-cn.php
[ info ] [ ROUTE ] array (
  'type' => 'module',
  'module' => 
  array (
    0 => 'index',
    1 => 'music',
    2 => 'index',
  ),
)
[ info ] [ HEADER ] array (
  'cookie' => 'PHPSESSID=0itc9vnsgtmgcb3a35dnftimh5; Hm_lvt_d214947968792b839fd669a4decaaffc=1571300009; Hm_lpvt_d214947968792b839fd669a4decaaffc=1571300028',
  'accept-language' => 'zh-CN,zh;q=0.9',
  'accept-encoding' => 'gzip, deflate',
  'referer' => 'http://new.m15.ltd/',
  'accept' => 'text/html,application/xhtml+xml,application/xml;q=0.9,image/webp,image/apng,*/*;q=0.8,application/signed-exchange;v=b3',
  'user-agent' => 'Mozilla/5.0 (Macintosh; Intel Mac OS X 10_15_0) AppleWebKit/537.36 (KHTML, like Gecko) Chrome/78.0.3904.97 Safari/537.36',
  'upgrade-insecure-requests' => '1',
  'connection' => 'keep-alive',
  'host' => 'new.m15.ltd',
)
[ info ] [ PARAM ] array (
  '/index/music/index_html' => '',
)
[ info ] [ SESSION ] INIT array (
  'id' => '',
  'var_session_id' => '',
  'prefix' => 'think',
  'type' => '',
  'auto_start' => true,
)
[ info ] [ DB ] INIT mysql
[ info ] [ RUN ] app\index\controller\Music->index[ /www/wwwroot/newm15/application/index/controller/Music.php ]
[ info ] [ VIEW ] /www/wwwroot/newm15/public/../application/index/view/music/index.html [ array (
  0 => 'specification',
  1 => 'condition',
  2 => 'lasttime',
  3 => 'music',
  4 => 'count',
) ]
[ info ] [ LOG ] INIT File
[ sql ] [ DB ] CONNECT:[ UseTime:0.000293s ] mysql:host=localhost;dbname=M15;charset=utf8
[ sql ] [ SQL ] SHOW COLUMNS FROM `m15_user` [ RunTime:0.000660s ]
[ sql ] [ SQL ] SELECT * FROM `m15_user` WHERE  `user_id` = 1 LIMIT 1 [ RunTime:0.000228s ]
[ sql ] [ SQL ] SHOW COLUMNS FROM `m15_specification` [ RunTime:0.000482s ]
[ sql ] [ SQL ] SELECT * FROM `m15_specification` WHERE  `spec_type` = 'like' ORDER BY `spec_id` [ RunTime:0.000192s ]
[ sql ] [ SQL ] SELECT * FROM `m15_specification` WHERE  `spec_type` = 'fans' ORDER BY `spec_id` [ RunTime:0.000160s ]
[ sql ] [ SQL ] SELECT * FROM `m15_specification` WHERE  `spec_type` = 'kolv' ORDER BY `spec_id` [ RunTime:0.000150s ]
[ sql ] [ SQL ] SELECT * FROM `m15_specification` WHERE  `spec_type` = 'duration' ORDER BY `spec_id` [ RunTime:0.000133s ]
[ sql ] [ SQL ] SELECT * FROM `m15_specification` WHERE  `spec_type` = 'createtime' ORDER BY `spec_id` [ RunTime:0.000133s ]
[ sql ] [ SQL ] SHOW COLUMNS FROM `m15_music` [ RunTime:0.000554s ]
[ sql ] [ SQL ] SELECT COUNT(*) AS tp_count FROM `m15_music` LIMIT 1 [ RunTime:0.000176s ]
[ sql ] [ SQL ] SELECT * FROM `m15_music` ORDER BY `music_usercount` DESC LIMIT 0,50 [ RunTime:0.000212s ]
---------------------------------------------------------------
[ 2019-11-17T22:53:07+08:00 ] 39.82.231.79 GET new.m15.ltd/index/topic/index.html
[运行时间：0.082114s] [吞吐率：12.18req/s] [内存消耗：2,694.40kb] [文件加载：52]
[ info ] [ LANG ] /www/wwwroot/newm15/thinkphp/lang/zh-cn.php
[ info ] [ ROUTE ] array (
  'type' => 'module',
  'module' => 
  array (
    0 => 'index',
    1 => 'topic',
    2 => 'index',
  ),
)
[ info ] [ HEADER ] array (
  'cookie' => 'PHPSESSID=0itc9vnsgtmgcb3a35dnftimh5; Hm_lvt_d214947968792b839fd669a4decaaffc=1571300009; Hm_lpvt_d214947968792b839fd669a4decaaffc=1571300028',
  'accept-language' => 'zh-CN,zh;q=0.9',
  'accept-encoding' => 'gzip, deflate',
  'referer' => 'http://new.m15.ltd/',
  'accept' => 'text/html,application/xhtml+xml,application/xml;q=0.9,image/webp,image/apng,*/*;q=0.8,application/signed-exchange;v=b3',
  'user-agent' => 'Mozilla/5.0 (Macintosh; Intel Mac OS X 10_15_0) AppleWebKit/537.36 (KHTML, like Gecko) Chrome/78.0.3904.97 Safari/537.36',
  'upgrade-insecure-requests' => '1',
  'connection' => 'keep-alive',
  'host' => 'new.m15.ltd',
)
[ info ] [ PARAM ] array (
  '/index/topic/index_html' => '',
)
[ info ] [ SESSION ] INIT array (
  'id' => '',
  'var_session_id' => '',
  'prefix' => 'think',
  'type' => '',
  'auto_start' => true,
)
[ info ] [ DB ] INIT mysql
[ info ] [ RUN ] app\index\controller\Topic->index[ /www/wwwroot/newm15/application/index/controller/Topic.php ]
[ info ] [ VIEW ] /www/wwwroot/newm15/public/../application/index/view/topic/index.html [ array (
  0 => 'specification',
  1 => 'condition',
  2 => 'lasttime',
  3 => 'topic',
  4 => 'count',
) ]
[ info ] [ LOG ] INIT File
[ sql ] [ DB ] CONNECT:[ UseTime:0.000279s ] mysql:host=localhost;dbname=M15;charset=utf8
[ sql ] [ SQL ] SHOW COLUMNS FROM `m15_user` [ RunTime:0.000634s ]
[ sql ] [ SQL ] SELECT * FROM `m15_user` WHERE  `user_id` = 1 LIMIT 1 [ RunTime:0.000249s ]
[ sql ] [ SQL ] SHOW COLUMNS FROM `m15_specification` [ RunTime:0.000460s ]
[ sql ] [ SQL ] SELECT * FROM `m15_specification` WHERE  `spec_type` = 'like' ORDER BY `spec_id` [ RunTime:0.000157s ]
[ sql ] [ SQL ] SELECT * FROM `m15_specification` WHERE  `spec_type` = 'fans' ORDER BY `spec_id` [ RunTime:0.000183s ]
[ sql ] [ SQL ] SELECT * FROM `m15_specification` WHERE  `spec_type` = 'kolv' ORDER BY `spec_id` [ RunTime:0.000138s ]
[ sql ] [ SQL ] SELECT * FROM `m15_specification` WHERE  `spec_type` = 'duration' ORDER BY `spec_id` [ RunTime:0.000132s ]
[ sql ] [ SQL ] SELECT * FROM `m15_specification` WHERE  `spec_type` = 'createtime' ORDER BY `spec_id` [ RunTime:0.000131s ]
[ sql ] [ SQL ] SHOW COLUMNS FROM `m15_topic` [ RunTime:0.000555s ]
[ sql ] [ SQL ] SELECT COUNT(*) AS tp_count FROM `m15_topic` LIMIT 1 [ RunTime:0.000201s ]
[ sql ] [ SQL ] SELECT * FROM `m15_topic` ORDER BY `topic_view` DESC LIMIT 0,50 [ RunTime:0.000192s ]
---------------------------------------------------------------
[ 2019-11-17T22:53:08+08:00 ] 39.82.231.79 GET new.m15.ltd/index/collection/video.html
[运行时间：0.062934s] [吞吐率：15.89req/s] [内存消耗：2,636.66kb] [文件加载：51]
[ info ] [ LANG ] /www/wwwroot/newm15/thinkphp/lang/zh-cn.php
[ info ] [ ROUTE ] array (
  'type' => 'module',
  'module' => 
  array (
    0 => 'index',
    1 => 'collection',
    2 => 'video',
  ),
)
[ info ] [ HEADER ] array (
  'cookie' => 'PHPSESSID=0itc9vnsgtmgcb3a35dnftimh5; Hm_lvt_d214947968792b839fd669a4decaaffc=1571300009; Hm_lpvt_d214947968792b839fd669a4decaaffc=1571300028',
  'accept-language' => 'zh-CN,zh;q=0.9',
  'accept-encoding' => 'gzip, deflate',
  'referer' => 'http://new.m15.ltd/',
  'accept' => 'text/html,application/xhtml+xml,application/xml;q=0.9,image/webp,image/apng,*/*;q=0.8,application/signed-exchange;v=b3',
  'user-agent' => 'Mozilla/5.0 (Macintosh; Intel Mac OS X 10_15_0) AppleWebKit/537.36 (KHTML, like Gecko) Chrome/78.0.3904.97 Safari/537.36',
  'upgrade-insecure-requests' => '1',
  'connection' => 'keep-alive',
  'host' => 'new.m15.ltd',
)
[ info ] [ PARAM ] array (
  '/index/collection/video_html' => '',
)
[ info ] [ SESSION ] INIT array (
  'id' => '',
  'var_session_id' => '',
  'prefix' => 'think',
  'type' => '',
  'auto_start' => true,
)
[ info ] [ DB ] INIT mysql
[ info ] [ RUN ] app\index\controller\Collection->video[ /www/wwwroot/newm15/application/index/controller/Collection.php ]
[ info ] [ VIEW ] /www/wwwroot/newm15/public/../application/index/view/collection/video.html [ array (
  0 => 'data',
) ]
[ info ] [ LOG ] INIT File
[ sql ] [ DB ] CONNECT:[ UseTime:0.000258s ] mysql:host=localhost;dbname=M15;charset=utf8
[ sql ] [ SQL ] SHOW COLUMNS FROM `m15_user` [ RunTime:0.000585s ]
[ sql ] [ SQL ] SELECT * FROM `m15_user` WHERE  `user_id` = 1 LIMIT 1 [ RunTime:0.000267s ]
[ sql ] [ SQL ] SHOW COLUMNS FROM `m15_collect` [ RunTime:0.000563s ]
[ sql ] [ SQL ] SELECT `collect_key` FROM `m15_collect` WHERE  `collect_user` = 1  AND `collect_type` = 'video' [ RunTime:0.000248s ]
[ sql ] [ SQL ] SHOW COLUMNS FROM `m15_video` [ RunTime:0.000571s ]
[ sql ] [ SQL ] SELECT * FROM `m15_video` `v` INNER JOIN (select a.* from m15_video_trend as a right join (select vt_video_id, max(vt_time) as maxtime from m15_video_trend where vt_video_id is not null group by vt_video_id) as b on a.vt_video_id=b.vt_video_id and a.vt_time=b.maxtime order by a.vt_video_id asc) vt ON `v`.`video_number`=`vt`.`vt_video_number` WHERE  `v`.`video_id` IN (1,9) ORDER BY `vt_hot` DESC LIMIT 0,50 [ RunTime:0.000320s ]
