---------------------------------------------------------------
[ 2019-11-18T18:08:44+08:00 ] 39.82.170.131 GET new.m15.ltd/layuiadmin/imgs/logo.png
[运行时间：0.011056s] [吞吐率：90.45req/s] [内存消耗：1,026.93kb] [文件加载：28]
[ info ] [ LANG ] /www/wwwroot/newm15/thinkphp/lang/zh-cn.php
[ info ] [ ROUTE ] array (
  'type' => 'module',
  'module' => 
  array (
    0 => 'layuiadmin',
    1 => 'imgs',
    2 => 'logo.png',
  ),
)
[ info ] [ HEADER ] array (
  'cookie' => 'PHPSESSID=0itc9vnsgtmgcb3a35dnftimh5; Hm_lvt_d214947968792b839fd669a4decaaffc=1571300009; Hm_lpvt_d214947968792b839fd669a4decaaffc=1571300028',
  'accept-language' => 'zh-CN,zh;q=0.9',
  'accept-encoding' => 'gzip, deflate',
  'referer' => 'http://new.m15.ltd/',
  'accept' => 'image/webp,image/apng,image/*,*/*;q=0.8',
  'user-agent' => 'Mozilla/5.0 (Macintosh; Intel Mac OS X 10_15_0) AppleWebKit/537.36 (KHTML, like Gecko) Chrome/78.0.3904.97 Safari/537.36',
  'connection' => 'keep-alive',
  'host' => 'new.m15.ltd',
)
[ info ] [ PARAM ] array (
  '/layuiadmin/imgs/logo_png' => '',
)
[ info ] [ LOG ] INIT File
---------------------------------------------------------------
[ 2019-11-18T18:08:44+08:00 ] 39.82.170.131 GET new.m15.ltd/index/workbench/console
[运行时间：0.015214s] [吞吐率：65.73req/s] [内存消耗：1,597.66kb] [文件加载：38]
[ info ] [ LANG ] /www/wwwroot/newm15/thinkphp/lang/zh-cn.php
[ info ] [ ROUTE ] array (
  'type' => 'module',
  'module' => 
  array (
    0 => 'index',
    1 => 'workbench',
    2 => 'console',
  ),
)
[ info ] [ HEADER ] array (
  'cookie' => 'PHPSESSID=0itc9vnsgtmgcb3a35dnftimh5; Hm_lvt_d214947968792b839fd669a4decaaffc=1571300009; Hm_lpvt_d214947968792b839fd669a4decaaffc=1571300028',
  'accept-language' => 'zh-CN,zh;q=0.9',
  'accept-encoding' => 'gzip, deflate',
  'referer' => 'http://new.m15.ltd/',
  'accept' => 'text/html,application/xhtml+xml,application/xml;q=0.9,image/webp,image/apng,*/*;q=0.8,application/signed-exchange;v=b3',
  'user-agent' => 'Mozilla/5.0 (Macintosh; Intel Mac OS X 10_15_0) AppleWebKit/537.36 (KHTML, like Gecko) Chrome/78.0.3904.97 Safari/537.36',
  'upgrade-insecure-requests' => '1',
  'connection' => 'keep-alive',
  'host' => 'new.m15.ltd',
)
[ info ] [ PARAM ] array (
  '/index/workbench/console' => '',
)
[ info ] [ RUN ] app\index\controller\Workbench->console[ /www/wwwroot/newm15/application/index/controller/Workbench.php ]
[ info ] [ VIEW ] /www/wwwroot/newm15/public/../application/index/view/workbench/console.html [ array (
) ]
[ info ] [ SESSION ] INIT array (
  'id' => '',
  'var_session_id' => '',
  'prefix' => 'think',
  'type' => '',
  'auto_start' => true,
)
[ info ] [ LOG ] INIT File
---------------------------------------------------------------
[ 2019-11-18T18:08:45+08:00 ] 39.82.170.131 GET new.m15.ltd/index/kol/search.html
[运行时间：0.028925s] [吞吐率：34.57req/s] [内存消耗：2,764.91kb] [文件加载：51]
[ info ] [ LANG ] /www/wwwroot/newm15/thinkphp/lang/zh-cn.php
[ info ] [ ROUTE ] array (
  'type' => 'module',
  'module' => 
  array (
    0 => 'index',
    1 => 'kol',
    2 => 'search',
  ),
)
[ info ] [ HEADER ] array (
  'cookie' => 'PHPSESSID=0itc9vnsgtmgcb3a35dnftimh5; Hm_lvt_d214947968792b839fd669a4decaaffc=1571300009; Hm_lpvt_d214947968792b839fd669a4decaaffc=1571300028',
  'accept-language' => 'zh-CN,zh;q=0.9',
  'accept-encoding' => 'gzip, deflate',
  'referer' => 'http://new.m15.ltd/',
  'accept' => 'text/html,application/xhtml+xml,application/xml;q=0.9,image/webp,image/apng,*/*;q=0.8,application/signed-exchange;v=b3',
  'user-agent' => 'Mozilla/5.0 (Macintosh; Intel Mac OS X 10_15_0) AppleWebKit/537.36 (KHTML, like Gecko) Chrome/78.0.3904.97 Safari/537.36',
  'upgrade-insecure-requests' => '1',
  'connection' => 'keep-alive',
  'host' => 'new.m15.ltd',
)
[ info ] [ PARAM ] array (
  '/index/kol/search_html' => '',
)
[ info ] [ SESSION ] INIT array (
  'id' => '',
  'var_session_id' => '',
  'prefix' => 'think',
  'type' => '',
  'auto_start' => true,
)
[ info ] [ DB ] INIT mysql
[ info ] [ RUN ] app\index\controller\Kol->search[ /www/wwwroot/newm15/application/index/controller/Kol.php ]
[ info ] [ VIEW ] /www/wwwroot/newm15/public/../application/index/view/kol/search.html [ array (
  0 => 'specification',
  1 => 'citys',
  2 => 'sort',
  3 => 'condition',
) ]
[ info ] [ LOG ] INIT File
[ sql ] [ DB ] CONNECT:[ UseTime:0.000245s ] mysql:host=localhost;dbname=M15;charset=utf8
[ sql ] [ SQL ] SHOW COLUMNS FROM `m15_user` [ RunTime:0.000602s ]
[ sql ] [ SQL ] SELECT * FROM `m15_user` WHERE  `user_id` = 1 LIMIT 1 [ RunTime:0.000281s ]
[ sql ] [ SQL ] SHOW COLUMNS FROM `m15_specification` [ RunTime:0.000458s ]
[ sql ] [ SQL ] SELECT * FROM `m15_specification` WHERE  `spec_type` = 'like' ORDER BY `spec_id` [ RunTime:0.000157s ]
[ sql ] [ SQL ] SELECT * FROM `m15_specification` WHERE  `spec_type` = 'fans' ORDER BY `spec_id` [ RunTime:0.000150s ]
[ sql ] [ SQL ] SELECT * FROM `m15_specification` WHERE  `spec_type` = 'kolv' ORDER BY `spec_id` [ RunTime:0.000151s ]
[ sql ] [ SQL ] SELECT * FROM `m15_specification` WHERE  `spec_type` = 'duration' ORDER BY `spec_id` [ RunTime:0.000149s ]
[ sql ] [ SQL ] SELECT * FROM `m15_specification` WHERE  `spec_type` = 'createtime' ORDER BY `spec_id` [ RunTime:0.000131s ]
[ sql ] [ SQL ] SHOW COLUMNS FROM `m15_area` [ RunTime:0.000478s ]
[ sql ] [ SQL ] SELECT * FROM `m15_area` WHERE  `pid` = 0 [ RunTime:0.000168s ]
[ sql ] [ SQL ] SHOW COLUMNS FROM `m15_video_sort` [ RunTime:0.000432s ]
[ sql ] [ SQL ] SELECT * FROM `m15_video_sort` WHERE  `sort_status` = 1 ORDER BY `sort_rank` DESC [ RunTime:0.000155s ]
---------------------------------------------------------------
[ 2019-11-18T18:08:46+08:00 ] 39.82.170.131 GET new.m15.ltd/index/kol/rank.html
[运行时间：0.035511s] [吞吐率：28.16req/s] [内存消耗：2,926.77kb] [文件加载：53]
[ info ] [ LANG ] /www/wwwroot/newm15/thinkphp/lang/zh-cn.php
[ info ] [ ROUTE ] array (
  'type' => 'module',
  'module' => 
  array (
    0 => 'index',
    1 => 'kol',
    2 => 'rank',
  ),
)
[ info ] [ HEADER ] array (
  'cookie' => 'PHPSESSID=0itc9vnsgtmgcb3a35dnftimh5; Hm_lvt_d214947968792b839fd669a4decaaffc=1571300009; Hm_lpvt_d214947968792b839fd669a4decaaffc=1571300028',
  'accept-language' => 'zh-CN,zh;q=0.9',
  'accept-encoding' => 'gzip, deflate',
  'referer' => 'http://new.m15.ltd/',
  'accept' => 'text/html,application/xhtml+xml,application/xml;q=0.9,image/webp,image/apng,*/*;q=0.8,application/signed-exchange;v=b3',
  'user-agent' => 'Mozilla/5.0 (Macintosh; Intel Mac OS X 10_15_0) AppleWebKit/537.36 (KHTML, like Gecko) Chrome/78.0.3904.97 Safari/537.36',
  'upgrade-insecure-requests' => '1',
  'connection' => 'keep-alive',
  'host' => 'new.m15.ltd',
)
[ info ] [ PARAM ] array (
  '/index/kol/rank_html' => '',
)
[ info ] [ SESSION ] INIT array (
  'id' => '',
  'var_session_id' => '',
  'prefix' => 'think',
  'type' => '',
  'auto_start' => true,
)
[ info ] [ DB ] INIT mysql
[ info ] [ RUN ] app\index\controller\Kol->rank[ /www/wwwroot/newm15/application/index/controller/Kol.php ]
[ info ] [ VIEW ] /www/wwwroot/newm15/public/../application/index/view/kol/rank.html [ array (
  0 => 'specification',
  1 => 'citys',
  2 => 'sort',
  3 => 'condition',
  4 => 'lasttime',
  5 => 'kol',
  6 => 'count',
) ]
[ info ] [ LOG ] INIT File
[ sql ] [ DB ] CONNECT:[ UseTime:0.000247s ] mysql:host=localhost;dbname=M15;charset=utf8
[ sql ] [ SQL ] SHOW COLUMNS FROM `m15_user` [ RunTime:0.000631s ]
[ sql ] [ SQL ] SELECT * FROM `m15_user` WHERE  `user_id` = 1 LIMIT 1 [ RunTime:0.000225s ]
[ sql ] [ SQL ] SHOW COLUMNS FROM `m15_specification` [ RunTime:0.000447s ]
[ sql ] [ SQL ] SELECT * FROM `m15_specification` WHERE  `spec_type` = 'like' ORDER BY `spec_id` [ RunTime:0.000174s ]
[ sql ] [ SQL ] SELECT * FROM `m15_specification` WHERE  `spec_type` = 'fans' ORDER BY `spec_id` [ RunTime:0.000145s ]
[ sql ] [ SQL ] SELECT * FROM `m15_specification` WHERE  `spec_type` = 'kolv' ORDER BY `spec_id` [ RunTime:0.000133s ]
[ sql ] [ SQL ] SELECT * FROM `m15_specification` WHERE  `spec_type` = 'duration' ORDER BY `spec_id` [ RunTime:0.000129s ]
[ sql ] [ SQL ] SELECT * FROM `m15_specification` WHERE  `spec_type` = 'createtime' ORDER BY `spec_id` [ RunTime:0.000158s ]
[ sql ] [ SQL ] SHOW COLUMNS FROM `m15_area` [ RunTime:0.000413s ]
[ sql ] [ SQL ] SELECT * FROM `m15_area` WHERE  `pid` = 0 [ RunTime:0.000182s ]
[ sql ] [ SQL ] SHOW COLUMNS FROM `m15_video_sort` [ RunTime:0.000410s ]
[ sql ] [ SQL ] SELECT * FROM `m15_video_sort` WHERE  `sort_status` = 1 ORDER BY `sort_rank` DESC [ RunTime:0.000145s ]
[ sql ] [ SQL ] SHOW COLUMNS FROM `m15_kol` [ RunTime:0.000527s ]
[ sql ] [ SQL ] SELECT COUNT(*) AS tp_count FROM `m15_kol` `k` LIMIT 1 [ RunTime:0.000264s ]
[ sql ] [ SQL ] SELECT * FROM `m15_kol` `k` INNER JOIN (select a.* from m15_kol_trend as a right join (select kt_kol_id, max(kt_time) as maxtime from m15_kol_trend where kt_kol_id is not null group by kt_kol_id) as b on a.kt_kol_id=b.kt_kol_id and a.kt_time=b.maxtime order by a.kt_kol_id asc) kt ON `k`.`kol_id`=`kt`.`kt_kol_id` ORDER BY `kt`.`kt_hot` DESC LIMIT 0,50 [ RunTime:0.003056s ]
[ sql ] [ SQL ] SELECT `sort_name` FROM `m15_video_sort` WHERE  `sort_id` = 13 LIMIT 1 [ RunTime:0.000155s ]
[ sql ] [ SQL ] SELECT `sort_name` FROM `m15_video_sort` WHERE  `sort_id` = 6 LIMIT 1 [ RunTime:0.000113s ]
[ sql ] [ SQL ] SELECT `sort_name` FROM `m15_video_sort` WHERE  `sort_id` = 21 LIMIT 1 [ RunTime:0.000111s ]
[ sql ] [ SQL ] SELECT `sort_name` FROM `m15_video_sort` WHERE  `sort_id` = 3 LIMIT 1 [ RunTime:0.000135s ]
[ sql ] [ SQL ] SELECT `sort_name` FROM `m15_video_sort` WHERE  `sort_id` = 13 LIMIT 1 [ RunTime:0.000117s ]
[ sql ] [ SQL ] SELECT `sort_name` FROM `m15_video_sort` WHERE  `sort_id` = 14 LIMIT 1 [ RunTime:0.000116s ]
---------------------------------------------------------------
[ 2019-11-18T18:08:55+08:00 ] 39.82.170.131 GET new.m15.ltd/index/kol/info/kid/37.html
[运行时间：0.037181s] [吞吐率：26.90req/s] [内存消耗：3,014.80kb] [文件加载：55]
[ info ] [ LANG ] /www/wwwroot/newm15/thinkphp/lang/zh-cn.php
[ info ] [ ROUTE ] array (
  'type' => 'module',
  'module' => 
  array (
    0 => 'index',
    1 => 'kol',
    2 => 'info',
  ),
)
[ info ] [ HEADER ] array (
  'cookie' => 'PHPSESSID=0itc9vnsgtmgcb3a35dnftimh5; Hm_lvt_d214947968792b839fd669a4decaaffc=1571300009; Hm_lpvt_d214947968792b839fd669a4decaaffc=1571300028',
  'accept-language' => 'zh-CN,zh;q=0.9',
  'accept-encoding' => 'gzip, deflate',
  'referer' => 'http://new.m15.ltd/index/kol/rank.html',
  'accept' => 'text/html,application/xhtml+xml,application/xml;q=0.9,image/webp,image/apng,*/*;q=0.8,application/signed-exchange;v=b3',
  'user-agent' => 'Mozilla/5.0 (Macintosh; Intel Mac OS X 10_15_0) AppleWebKit/537.36 (KHTML, like Gecko) Chrome/78.0.3904.97 Safari/537.36',
  'upgrade-insecure-requests' => '1',
  'connection' => 'keep-alive',
  'host' => 'new.m15.ltd',
)
[ info ] [ PARAM ] array (
  '/index/kol/info/kid/37_html' => '',
  'kid' => '37',
)
[ info ] [ SESSION ] INIT array (
  'id' => '',
  'var_session_id' => '',
  'prefix' => 'think',
  'type' => '',
  'auto_start' => true,
)
[ info ] [ DB ] INIT mysql
[ info ] [ RUN ] app\index\controller\Kol->info[ /www/wwwroot/newm15/application/index/controller/Kol.php ]
[ info ] [ VIEW ] /www/wwwroot/newm15/public/../application/index/view/kol/info.html [ array (
  0 => 'specification',
  1 => 'citys',
  2 => 'sort',
  3 => 'trends',
  4 => 'change',
  5 => 'recently',
  6 => 'trend',
  7 => 'kol',
  8 => 'type',
  9 => 'condition',
) ]
[ info ] [ LOG ] INIT File
[ sql ] [ DB ] CONNECT:[ UseTime:0.000244s ] mysql:host=localhost;dbname=M15;charset=utf8
[ sql ] [ SQL ] SHOW COLUMNS FROM `m15_user` [ RunTime:0.000620s ]
[ sql ] [ SQL ] SELECT * FROM `m15_user` WHERE  `user_id` = 1 LIMIT 1 [ RunTime:0.000236s ]
[ sql ] [ SQL ] SHOW COLUMNS FROM `m15_specification` [ RunTime:0.000454s ]
[ sql ] [ SQL ] SELECT * FROM `m15_specification` WHERE  `spec_type` = 'like' ORDER BY `spec_id` [ RunTime:0.000185s ]
[ sql ] [ SQL ] SELECT * FROM `m15_specification` WHERE  `spec_type` = 'fans' ORDER BY `spec_id` [ RunTime:0.000146s ]
[ sql ] [ SQL ] SELECT * FROM `m15_specification` WHERE  `spec_type` = 'kolv' ORDER BY `spec_id` [ RunTime:0.000132s ]
[ sql ] [ SQL ] SELECT * FROM `m15_specification` WHERE  `spec_type` = 'duration' ORDER BY `spec_id` [ RunTime:0.000130s ]
[ sql ] [ SQL ] SELECT * FROM `m15_specification` WHERE  `spec_type` = 'createtime' ORDER BY `spec_id` [ RunTime:0.000160s ]
[ sql ] [ SQL ] SHOW COLUMNS FROM `m15_area` [ RunTime:0.000411s ]
[ sql ] [ SQL ] SELECT * FROM `m15_area` WHERE  `pid` = 0 [ RunTime:0.000166s ]
[ sql ] [ SQL ] SHOW COLUMNS FROM `m15_video_sort` [ RunTime:0.000427s ]
[ sql ] [ SQL ] SELECT * FROM `m15_video_sort` WHERE  `sort_status` = 1 ORDER BY `sort_rank` DESC [ RunTime:0.000145s ]
[ sql ] [ SQL ] SHOW COLUMNS FROM `m15_kol` [ RunTime:0.000516s ]
[ sql ] [ SQL ] SELECT * FROM `m15_kol` WHERE  `kol_id` = 37 LIMIT 1 [ RunTime:0.000311s ]
[ sql ] [ SQL ] SHOW COLUMNS FROM `m15_kol_trend` [ RunTime:0.000547s ]
[ sql ] [ SQL ] SELECT * FROM `m15_kol_trend` WHERE  `kt_kol_id` = 37 ORDER BY `kt_time` DESC LIMIT 1 [ RunTime:0.000421s ]
[ sql ] [ SQL ] SELECT * FROM `m15_kol_trend` WHERE  `kt_kol_id` = 37 ORDER BY `kt_time` DESC LIMIT 1 [ RunTime:0.000200s ]
[ sql ] [ SQL ] SELECT * FROM `m15_kol_trend` WHERE  `kt_kol_id` = 37  AND `kt_time` < 1571479735 ORDER BY `kt_time` DESC LIMIT 1 [ RunTime:0.000387s ]
[ sql ] [ SQL ] SELECT * FROM `m15_kol_trend` WHERE  `kt_kol_id` = 37 ORDER BY `kt_time` LIMIT 1 [ RunTime:0.000360s ]
[ sql ] [ SQL ] SELECT * FROM `m15_kol` WHERE  `kol_id` = 37 LIMIT 1 [ RunTime:0.000181s ]
[ sql ] [ SQL ] SHOW COLUMNS FROM `m15_video` [ RunTime:0.000480s ]
[ sql ] [ SQL ] SELECT `video_id`,`video_desc` FROM `m15_video` WHERE  `video_apiuid` = 70088938869 LIMIT 5 [ RunTime:0.000232s ]
[ sql ] [ SQL ] SHOW COLUMNS FROM `m15_video_trend` [ RunTime:0.000430s ]
[ sql ] [ SQL ] SELECT * FROM `m15_video_trend` WHERE  `vt_video_id` = 40 ORDER BY `vt_time` DESC LIMIT 1 [ RunTime:0.000279s ]
[ sql ] [ SQL ] SELECT * FROM `m15_video_trend` WHERE  `vt_video_id` = 41 ORDER BY `vt_time` DESC LIMIT 1 [ RunTime:0.000302s ]
[ sql ] [ SQL ] SELECT * FROM `m15_video_trend` WHERE  `vt_video_id` = 42 ORDER BY `vt_time` DESC LIMIT 1 [ RunTime:0.000256s ]
[ sql ] [ SQL ] SELECT * FROM `m15_video_trend` WHERE  `vt_video_id` = 43 ORDER BY `vt_time` DESC LIMIT 1 [ RunTime:0.000251s ]
[ sql ] [ SQL ] SELECT * FROM `m15_video_trend` WHERE  `vt_video_id` = 44 ORDER BY `vt_time` DESC LIMIT 1 [ RunTime:0.000275s ]
[ sql ] [ SQL ] SELECT * FROM `m15_kol_trend` WHERE  `kt_kol_id` = 37 ORDER BY `kt_time` DESC LIMIT 5 [ RunTime:0.000352s ]
---------------------------------------------------------------
[ 2019-11-18T18:09:32+08:00 ] 39.82.170.131 GET new.m15.ltd/index/collection/createcollect.html?type=kol&key=37
[运行时间：0.032878s] [吞吐率：30.42req/s] [内存消耗：2,606.74kb] [文件加载：49]
[ info ] [ LANG ] /www/wwwroot/newm15/thinkphp/lang/zh-cn.php
[ info ] [ ROUTE ] array (
  'type' => 'module',
  'module' => 
  array (
    0 => 'index',
    1 => 'collection',
    2 => 'createcollect',
  ),
)
[ info ] [ HEADER ] array (
  'cookie' => 'PHPSESSID=0itc9vnsgtmgcb3a35dnftimh5; Hm_lvt_d214947968792b839fd669a4decaaffc=1571300009; Hm_lpvt_d214947968792b839fd669a4decaaffc=1571300028',
  'accept-language' => 'zh-CN,zh;q=0.9',
  'accept-encoding' => 'gzip, deflate',
  'referer' => 'http://new.m15.ltd/index/kol/info/kid/37.html',
  'user-agent' => 'Mozilla/5.0 (Macintosh; Intel Mac OS X 10_15_0) AppleWebKit/537.36 (KHTML, like Gecko) Chrome/78.0.3904.97 Safari/537.36',
  'x-requested-with' => 'XMLHttpRequest',
  'accept' => '*/*',
  'connection' => 'keep-alive',
  'host' => 'new.m15.ltd',
)
[ info ] [ PARAM ] array (
  '/index/collection/createcollect_html' => '',
  'type' => 'kol',
  'key' => '37',
)
[ info ] [ SESSION ] INIT array (
  'id' => '',
  'var_session_id' => '',
  'prefix' => 'think',
  'type' => '',
  'auto_start' => true,
)
[ info ] [ DB ] INIT mysql
[ info ] [ RUN ] app\index\controller\Collection->createCollect[ /www/wwwroot/newm15/application/index/controller/Collection.php ]
[ info ] [ LOG ] INIT File
[ sql ] [ DB ] CONNECT:[ UseTime:0.000255s ] mysql:host=localhost;dbname=M15;charset=utf8
[ sql ] [ SQL ] SHOW COLUMNS FROM `m15_user` [ RunTime:0.000627s ]
[ sql ] [ SQL ] SELECT * FROM `m15_user` WHERE  `user_id` = 1 LIMIT 1 [ RunTime:0.000218s ]
[ sql ] [ SQL ] SHOW COLUMNS FROM `m15_collect` [ RunTime:0.000463s ]
[ sql ] [ SQL ] SELECT * FROM `m15_collect` WHERE  `collect_type` = 'kol'  AND `collect_key` = 37  AND `collect_user` = 1 LIMIT 1 [ RunTime:0.000269s ]
[ sql ] [ SQL ] INSERT INTO `m15_collect` (`collect_user` , `collect_key` , `collect_type` , `collect_time`) VALUES (1 , 37 , 'kol' , 1574071772) [ RunTime:0.007738s ]
---------------------------------------------------------------
[ 2019-11-18T18:09:34+08:00 ] 39.82.170.131 GET new.m15.ltd/index/collection/kol.html
[运行时间：0.029639s] [吞吐率：33.74req/s] [内存消耗：2,647.63kb] [文件加载：52]
[ info ] [ LANG ] /www/wwwroot/newm15/thinkphp/lang/zh-cn.php
[ info ] [ ROUTE ] array (
  'type' => 'module',
  'module' => 
  array (
    0 => 'index',
    1 => 'collection',
    2 => 'kol',
  ),
)
[ info ] [ HEADER ] array (
  'cookie' => 'PHPSESSID=0itc9vnsgtmgcb3a35dnftimh5; Hm_lvt_d214947968792b839fd669a4decaaffc=1571300009; Hm_lpvt_d214947968792b839fd669a4decaaffc=1571300028',
  'accept-language' => 'zh-CN,zh;q=0.9',
  'accept-encoding' => 'gzip, deflate',
  'referer' => 'http://new.m15.ltd/',
  'accept' => 'text/html,application/xhtml+xml,application/xml;q=0.9,image/webp,image/apng,*/*;q=0.8,application/signed-exchange;v=b3',
  'user-agent' => 'Mozilla/5.0 (Macintosh; Intel Mac OS X 10_15_0) AppleWebKit/537.36 (KHTML, like Gecko) Chrome/78.0.3904.97 Safari/537.36',
  'upgrade-insecure-requests' => '1',
  'connection' => 'keep-alive',
  'host' => 'new.m15.ltd',
)
[ info ] [ PARAM ] array (
  '/index/collection/kol_html' => '',
)
[ info ] [ SESSION ] INIT array (
  'id' => '',
  'var_session_id' => '',
  'prefix' => 'think',
  'type' => '',
  'auto_start' => true,
)
[ info ] [ DB ] INIT mysql
[ info ] [ RUN ] app\index\controller\Collection->kol[ /www/wwwroot/newm15/application/index/controller/Collection.php ]
[ info ] [ VIEW ] /www/wwwroot/newm15/public/../application/index/view/collection/kol.html [ array (
  0 => 'data',
) ]
[ info ] [ LOG ] INIT File
[ sql ] [ DB ] CONNECT:[ UseTime:0.000232s ] mysql:host=localhost;dbname=M15;charset=utf8
[ sql ] [ SQL ] SHOW COLUMNS FROM `m15_user` [ RunTime:0.000637s ]
[ sql ] [ SQL ] SELECT * FROM `m15_user` WHERE  `user_id` = 1 LIMIT 1 [ RunTime:0.000220s ]
[ sql ] [ SQL ] SHOW COLUMNS FROM `m15_collect` [ RunTime:0.000484s ]
[ sql ] [ SQL ] SELECT `collect_key` FROM `m15_collect` WHERE  `collect_user` = 1  AND `collect_type` = 'kol' [ RunTime:0.000252s ]
[ sql ] [ SQL ] SHOW COLUMNS FROM `m15_kol` [ RunTime:0.000613s ]
[ sql ] [ SQL ] SELECT * FROM `m15_kol` `k` INNER JOIN (select a.* from m15_kol_trend as a right join (select kt_kol_id, max(kt_time) as maxtime from m15_kol_trend where kt_kol_id is not null group by kt_kol_id) as b on a.kt_kol_id=b.kt_kol_id and a.kt_time=b.maxtime order by a.kt_kol_id asc) kt ON `k`.`kol_id`=`kt`.`kt_kol_id` WHERE  `kol_id` IN (22,37) ORDER BY `kt`.`kt_hot` DESC LIMIT 0,50 [ RunTime:0.003084s ]
[ sql ] [ SQL ] SHOW COLUMNS FROM `m15_video_sort` [ RunTime:0.000437s ]
[ sql ] [ SQL ] SELECT `sort_name` FROM `m15_video_sort` WHERE  `sort_id` = 6 LIMIT 1 [ RunTime:0.000134s ]
---------------------------------------------------------------
[ 2019-11-18T18:09:37+08:00 ] 39.82.170.131 GET new.m15.ltd/index/collection/createcollect.html?type=kol&key=37
[运行时间：0.023587s] [吞吐率：42.40req/s] [内存消耗：2,498.30kb] [文件加载：48]
[ info ] [ LANG ] /www/wwwroot/newm15/thinkphp/lang/zh-cn.php
[ info ] [ ROUTE ] array (
  'type' => 'module',
  'module' => 
  array (
    0 => 'index',
    1 => 'collection',
    2 => 'createcollect',
  ),
)
[ info ] [ HEADER ] array (
  'cookie' => 'PHPSESSID=0itc9vnsgtmgcb3a35dnftimh5; Hm_lvt_d214947968792b839fd669a4decaaffc=1571300009; Hm_lpvt_d214947968792b839fd669a4decaaffc=1571300028',
  'accept-language' => 'zh-CN,zh;q=0.9',
  'accept-encoding' => 'gzip, deflate',
  'referer' => 'http://new.m15.ltd/index/collection/kol.html',
  'user-agent' => 'Mozilla/5.0 (Macintosh; Intel Mac OS X 10_15_0) AppleWebKit/537.36 (KHTML, like Gecko) Chrome/78.0.3904.97 Safari/537.36',
  'x-requested-with' => 'XMLHttpRequest',
  'accept' => '*/*',
  'connection' => 'keep-alive',
  'host' => 'new.m15.ltd',
)
[ info ] [ PARAM ] array (
  '/index/collection/createcollect_html' => '',
  'type' => 'kol',
  'key' => '37',
)
[ info ] [ SESSION ] INIT array (
  'id' => '',
  'var_session_id' => '',
  'prefix' => 'think',
  'type' => '',
  'auto_start' => true,
)
[ info ] [ DB ] INIT mysql
[ info ] [ RUN ] app\index\controller\Collection->createCollect[ /www/wwwroot/newm15/application/index/controller/Collection.php ]
[ info ] [ LOG ] INIT File
[ sql ] [ DB ] CONNECT:[ UseTime:0.000246s ] mysql:host=localhost;dbname=M15;charset=utf8
[ sql ] [ SQL ] SHOW COLUMNS FROM `m15_user` [ RunTime:0.000593s ]
[ sql ] [ SQL ] SELECT * FROM `m15_user` WHERE  `user_id` = 1 LIMIT 1 [ RunTime:0.000296s ]
[ sql ] [ SQL ] SHOW COLUMNS FROM `m15_collect` [ RunTime:0.000438s ]
[ sql ] [ SQL ] SELECT * FROM `m15_collect` WHERE  `collect_type` = 'kol'  AND `collect_key` = 37  AND `collect_user` = 1 LIMIT 1 [ RunTime:0.000268s ]
