---------------------------------------------------------------
[ 2019-11-22T08:53:17+08:00 ] 47.101.198.81 GET new.m15.ltd/
[运行时间：0.025206s] [吞吐率：39.67req/s] [内存消耗：2,372.26kb] [文件加载：45]
[ info ] [ LANG ] /www/wwwroot/newm15/thinkphp/lang/zh-cn.php
[ info ] [ ROUTE ] array (
  'type' => 'module',
  'module' => 
  array (
    0 => '',
    1 => NULL,
    2 => NULL,
  ),
)
[ info ] [ HEADER ] array (
  'accept-encoding' => 'gzip',
  'connection' => 'Keep-Alive',
  'host' => 'new.m15.ltd',
  'user-agent' => 'Mozilla/5.0 (X11; Ubuntu; Linux x86_64; rv:36.0) Gecko/20100101 Firefox/36.0',
)
[ info ] [ PARAM ] array (
)
[ info ] [ RUN ] app\index\controller\Index->index[ /www/wwwroot/newm15/application/index/controller/Index.php ]
[ info ] [ DB ] INIT mysql
[ info ] [ VIEW ] /www/wwwroot/newm15/public/../application/index/view/index/index.html [ array (
  0 => 'indexmenu',
) ]
[ info ] [ LOG ] INIT File
[ sql ] [ DB ] CONNECT:[ UseTime:0.000281s ] mysql:host=localhost;dbname=M15;charset=utf8
[ sql ] [ SQL ] SHOW COLUMNS FROM `m15_imenu` [ RunTime:0.000643s ]
[ sql ] [ SQL ] SELECT * FROM `m15_imenu` WHERE  `imenu_status` = 1  AND `imenu_parent` = 0 ORDER BY `imenu_rank` DESC LIMIT 0,100 [ RunTime:0.000265s ]
[ sql ] [ SQL ] SELECT * FROM `m15_imenu` WHERE  `imenu_parent` = 1  AND `imenu_status` = 1 ORDER BY `imenu_rank` DESC LIMIT 0,100 [ RunTime:0.000204s ]
[ sql ] [ SQL ] SELECT * FROM `m15_imenu` WHERE  `imenu_parent` = 2  AND `imenu_status` = 1 ORDER BY `imenu_rank` DESC LIMIT 0,100 [ RunTime:0.000175s ]
[ sql ] [ SQL ] SELECT * FROM `m15_imenu` WHERE  `imenu_parent` = 7  AND `imenu_status` = 1 ORDER BY `imenu_rank` DESC LIMIT 0,100 [ RunTime:0.000217s ]
[ sql ] [ SQL ] SELECT * FROM `m15_imenu` WHERE  `imenu_parent` = 12  AND `imenu_status` = 1 ORDER BY `imenu_rank` DESC LIMIT 0,100 [ RunTime:0.000184s ]
[ sql ] [ SQL ] SELECT * FROM `m15_imenu` WHERE  `imenu_parent` = 17  AND `imenu_status` = 1 ORDER BY `imenu_rank` DESC LIMIT 0,100 [ RunTime:0.000155s ]
---------------------------------------------------------------
[ 2019-11-22T08:53:18+08:00 ] 47.101.198.81 GET new.m15.ltd/layuiadmin/imgs/logo.png
[运行时间：0.016559s] [吞吐率：60.39req/s] [内存消耗：1,025.84kb] [文件加载：28]
[ info ] [ LANG ] /www/wwwroot/newm15/thinkphp/lang/zh-cn.php
[ info ] [ ROUTE ] array (
  'type' => 'module',
  'module' => 
  array (
    0 => 'layuiadmin',
    1 => 'imgs',
    2 => 'logo.png',
  ),
)
[ info ] [ HEADER ] array (
  'accept-encoding' => 'gzip',
  'connection' => 'Keep-Alive',
  'host' => 'new.m15.ltd',
  'user-agent' => 'Mozilla/5.0 (X11; Ubuntu; Linux x86_64; rv:36.0) Gecko/20100101 Firefox/36.0',
)
[ info ] [ PARAM ] array (
  '/layuiadmin/imgs/logo_png' => '',
)
[ info ] [ LOG ] INIT File
---------------------------------------------------------------
[ 2019-11-22T08:53:18+08:00 ] 47.101.198.81 GET new.m15.ltd/index/workbench/console
[运行时间：0.018475s] [吞吐率：54.13req/s] [内存消耗：1,231.51kb] [文件加载：35]
[ info ] [ LANG ] /www/wwwroot/newm15/thinkphp/lang/zh-cn.php
[ info ] [ ROUTE ] array (
  'type' => 'module',
  'module' => 
  array (
    0 => 'index',
    1 => 'workbench',
    2 => 'console',
  ),
)
[ info ] [ HEADER ] array (
  'accept-encoding' => 'gzip',
  'connection' => 'Keep-Alive',
  'host' => 'new.m15.ltd',
  'user-agent' => 'Mozilla/5.0 (X11; Ubuntu; Linux x86_64; rv:36.0) Gecko/20100101 Firefox/36.0',
)
[ info ] [ PARAM ] array (
  '/index/workbench/console' => '',
)
[ info ] [ RUN ] app\index\controller\Workbench->console[ /www/wwwroot/newm15/application/index/controller/Workbench.php ]
[ info ] [ VIEW ] /www/wwwroot/newm15/public/../application/index/view/workbench/console.html [ array (
) ]
[ info ] [ SESSION ] INIT array (
  'id' => '',
  'var_session_id' => '',
  'prefix' => 'think',
  'type' => '',
  'auto_start' => true,
)
[ info ] [ LOG ] INIT File
---------------------------------------------------------------
[ 2019-11-22T10:41:40+08:00 ] 52.231.162.179 GET new.m15.ltd/app/message/index.html
[运行时间：0.011708s] [吞吐率：85.41req/s] [内存消耗：1,027.71kb] [文件加载：28]
[ info ] [ LANG ] /www/wwwroot/newm15/thinkphp/lang/zh-cn.php
[ info ] [ ROUTE ] array (
  'type' => 'module',
  'module' => 
  array (
    0 => 'app',
    1 => 'message',
    2 => 'index',
  ),
)
[ info ] [ HEADER ] array (
  'cookie' => 'PHPSESSID=0itc9vnsgtmgcb3a35dnftimh5; Hm_lvt_d214947968792b839fd669a4decaaffc=1571300009; Hm_lpvt_d214947968792b839fd669a4decaaffc=1571300028',
  'accept-language' => 'zh-CN,zh;q=0.9',
  'accept-encoding' => 'gzip, deflate',
  'referer' => 'http://new.m15.ltd/',
  'accept' => 'text/html,application/xhtml+xml,application/xml;q=0.9,image/webp,image/apng,*/*;q=0.8,application/signed-exchange;v=b3',
  'user-agent' => 'Mozilla/5.0 (Macintosh; Intel Mac OS X 10_15_0) AppleWebKit/537.36 (KHTML, like Gecko) Chrome/78.0.3904.97 Safari/537.36',
  'upgrade-insecure-requests' => '1',
  'connection' => 'keep-alive',
  'host' => 'new.m15.ltd',
)
[ info ] [ PARAM ] array (
  '/app/message/index_html' => '',
)
[ info ] [ LOG ] INIT File
---------------------------------------------------------------
[ 2019-11-22T12:00:01+08:00 ] 47.98.164.34 GET new.m15.ltd/api/Automated
[运行时间：0.069213s] [吞吐率：14.45req/s] [内存消耗：1,270.58kb] [文件加载：36]
[ info ] [ LANG ] /www/wwwroot/newm15/thinkphp/lang/zh-cn.php
[ info ] [ ROUTE ] array (
  'type' => 'module',
  'module' => 
  array (
    0 => 'api',
    1 => 'Automated',
    2 => NULL,
  ),
)
[ info ] [ HEADER ] array (
  'accept' => '*/*',
  'host' => 'new.m15.ltd',
  'user-agent' => 'curl/7.29.0',
)
[ info ] [ PARAM ] array (
  '/api/Automated' => '',
)
[ info ] [ LOG ] INIT File
