---------------------------------------------------------------
[ 2019-12-05T09:07:49+08:00 ] 39.82.168.244 GET new.m15.ltd/
[运行时间：0.027869s] [吞吐率：35.88req/s] [内存消耗：2,401.03kb] [文件加载：46]
[ info ] [ LANG ] /www/wwwroot/newm15/thinkphp/lang/zh-cn.php
[ info ] [ ROUTE ] array (
  'type' => 'module',
  'module' => 
  array (
    0 => '',
    1 => NULL,
    2 => NULL,
  ),
)
[ info ] [ HEADER ] array (
  'cookie' => 'PHPSESSID=0itc9vnsgtmgcb3a35dnftimh5; Hm_lvt_d214947968792b839fd669a4decaaffc=1571300009; Hm_lpvt_d214947968792b839fd669a4decaaffc=1571300028',
  'accept-language' => 'zh-CN,zh;q=0.9',
  'accept-encoding' => 'gzip, deflate',
  'accept' => 'text/html,application/xhtml+xml,application/xml;q=0.9,image/webp,image/apng,*/*;q=0.8,application/signed-exchange;v=b3',
  'user-agent' => 'Mozilla/5.0 (Macintosh; Intel Mac OS X 10_15_0) AppleWebKit/537.36 (KHTML, like Gecko) Chrome/78.0.3904.97 Safari/537.36',
  'upgrade-insecure-requests' => '1',
  'cache-control' => 'max-age=0',
  'connection' => 'keep-alive',
  'host' => 'new.m15.ltd',
)
[ info ] [ PARAM ] array (
)
[ info ] [ RUN ] app\index\controller\Index->index[ /www/wwwroot/newm15/application/index/controller/Index.php ]
[ info ] [ DB ] INIT mysql
[ info ] [ VIEW ] /www/wwwroot/newm15/public/../application/index/view/index/index.html [ array (
  0 => 'indexmenu',
) ]
[ info ] [ SESSION ] INIT array (
  'id' => '',
  'var_session_id' => '',
  'prefix' => 'think',
  'type' => '',
  'auto_start' => true,
)
[ info ] [ LOG ] INIT File
[ sql ] [ DB ] CONNECT:[ UseTime:0.000282s ] mysql:host=localhost;dbname=M15;charset=utf8
[ sql ] [ SQL ] SHOW COLUMNS FROM `m15_imenu` [ RunTime:0.000697s ]
[ sql ] [ SQL ] SELECT * FROM `m15_imenu` WHERE  `imenu_status` = 1  AND `imenu_parent` = 0 ORDER BY `imenu_rank` DESC LIMIT 0,100 [ RunTime:0.000229s ]
[ sql ] [ SQL ] SELECT * FROM `m15_imenu` WHERE  `imenu_parent` = 2  AND `imenu_status` = 1 ORDER BY `imenu_rank` DESC LIMIT 0,100 [ RunTime:0.000185s ]
[ sql ] [ SQL ] SELECT * FROM `m15_imenu` WHERE  `imenu_parent` = 7  AND `imenu_status` = 1 ORDER BY `imenu_rank` DESC LIMIT 0,100 [ RunTime:0.000215s ]
[ sql ] [ SQL ] SELECT * FROM `m15_imenu` WHERE  `imenu_parent` = 12  AND `imenu_status` = 1 ORDER BY `imenu_rank` DESC LIMIT 0,100 [ RunTime:0.000173s ]
---------------------------------------------------------------
[ 2019-12-05T09:07:49+08:00 ] 39.82.168.244 GET new.m15.ltd/layuiadmin/imgs/logo.png
[运行时间：0.011310s] [吞吐率：88.42req/s] [内存消耗：1,026.98kb] [文件加载：28]
[ info ] [ LANG ] /www/wwwroot/newm15/thinkphp/lang/zh-cn.php
[ info ] [ ROUTE ] array (
  'type' => 'module',
  'module' => 
  array (
    0 => 'layuiadmin',
    1 => 'imgs',
    2 => 'logo.png',
  ),
)
[ info ] [ HEADER ] array (
  'cookie' => 'PHPSESSID=0itc9vnsgtmgcb3a35dnftimh5; Hm_lvt_d214947968792b839fd669a4decaaffc=1571300009; Hm_lpvt_d214947968792b839fd669a4decaaffc=1571300028',
  'accept-language' => 'zh-CN,zh;q=0.9',
  'accept-encoding' => 'gzip, deflate',
  'referer' => 'http://new.m15.ltd/',
  'accept' => 'image/webp,image/apng,image/*,*/*;q=0.8',
  'user-agent' => 'Mozilla/5.0 (Macintosh; Intel Mac OS X 10_15_0) AppleWebKit/537.36 (KHTML, like Gecko) Chrome/78.0.3904.97 Safari/537.36',
  'connection' => 'keep-alive',
  'host' => 'new.m15.ltd',
)
[ info ] [ PARAM ] array (
  '/layuiadmin/imgs/logo_png' => '',
)
[ info ] [ LOG ] INIT File
---------------------------------------------------------------
[ 2019-12-05T09:07:49+08:00 ] 39.82.168.244 GET new.m15.ltd/index/workbench/console
[运行时间：0.014998s] [吞吐率：66.68req/s] [内存消耗：1,558.96kb] [文件加载：37]
[ info ] [ LANG ] /www/wwwroot/newm15/thinkphp/lang/zh-cn.php
[ info ] [ ROUTE ] array (
  'type' => 'module',
  'module' => 
  array (
    0 => 'index',
    1 => 'workbench',
    2 => 'console',
  ),
)
[ info ] [ HEADER ] array (
  'cookie' => 'PHPSESSID=0itc9vnsgtmgcb3a35dnftimh5; Hm_lvt_d214947968792b839fd669a4decaaffc=1571300009; Hm_lpvt_d214947968792b839fd669a4decaaffc=1571300028',
  'accept-language' => 'zh-CN,zh;q=0.9',
  'accept-encoding' => 'gzip, deflate',
  'referer' => 'http://new.m15.ltd/',
  'accept' => 'text/html,application/xhtml+xml,application/xml;q=0.9,image/webp,image/apng,*/*;q=0.8,application/signed-exchange;v=b3',
  'user-agent' => 'Mozilla/5.0 (Macintosh; Intel Mac OS X 10_15_0) AppleWebKit/537.36 (KHTML, like Gecko) Chrome/78.0.3904.97 Safari/537.36',
  'upgrade-insecure-requests' => '1',
  'connection' => 'keep-alive',
  'host' => 'new.m15.ltd',
)
[ info ] [ PARAM ] array (
  '/index/workbench/console' => '',
)
[ info ] [ RUN ] app\index\controller\Workbench->console[ /www/wwwroot/newm15/application/index/controller/Workbench.php ]
[ info ] [ VIEW ] /www/wwwroot/newm15/public/../application/index/view/workbench/console.html [ array (
) ]
[ info ] [ SESSION ] INIT array (
  'id' => '',
  'var_session_id' => '',
  'prefix' => 'think',
  'type' => '',
  'auto_start' => true,
)
[ info ] [ LOG ] INIT File
---------------------------------------------------------------
[ 2019-12-05T09:29:43+08:00 ] 39.82.168.244 GET new.m15.ltd/
[运行时间：0.023575s] [吞吐率：42.42req/s] [内存消耗：2,401.04kb] [文件加载：46]
[ info ] [ LANG ] /www/wwwroot/newm15/thinkphp/lang/zh-cn.php
[ info ] [ ROUTE ] array (
  'type' => 'module',
  'module' => 
  array (
    0 => '',
    1 => NULL,
    2 => NULL,
  ),
)
[ info ] [ HEADER ] array (
  'cookie' => 'PHPSESSID=0itc9vnsgtmgcb3a35dnftimh5; Hm_lvt_d214947968792b839fd669a4decaaffc=1571300009; Hm_lpvt_d214947968792b839fd669a4decaaffc=1571300028',
  'accept-language' => 'zh-CN,zh;q=0.9',
  'accept-encoding' => 'gzip, deflate',
  'accept' => 'text/html,application/xhtml+xml,application/xml;q=0.9,image/webp,image/apng,*/*;q=0.8,application/signed-exchange;v=b3',
  'user-agent' => 'Mozilla/5.0 (Macintosh; Intel Mac OS X 10_15_0) AppleWebKit/537.36 (KHTML, like Gecko) Chrome/78.0.3904.97 Safari/537.36',
  'upgrade-insecure-requests' => '1',
  'cache-control' => 'max-age=0',
  'connection' => 'keep-alive',
  'host' => 'new.m15.ltd',
)
[ info ] [ PARAM ] array (
)
[ info ] [ RUN ] app\index\controller\Index->index[ /www/wwwroot/newm15/application/index/controller/Index.php ]
[ info ] [ DB ] INIT mysql
[ info ] [ VIEW ] /www/wwwroot/newm15/public/../application/index/view/index/index.html [ array (
  0 => 'indexmenu',
) ]
[ info ] [ SESSION ] INIT array (
  'id' => '',
  'var_session_id' => '',
  'prefix' => 'think',
  'type' => '',
  'auto_start' => true,
)
[ info ] [ LOG ] INIT File
[ sql ] [ DB ] CONNECT:[ UseTime:0.000279s ] mysql:host=localhost;dbname=M15;charset=utf8
[ sql ] [ SQL ] SHOW COLUMNS FROM `m15_imenu` [ RunTime:0.000625s ]
[ sql ] [ SQL ] SELECT * FROM `m15_imenu` WHERE  `imenu_status` = 1  AND `imenu_parent` = 0 ORDER BY `imenu_rank` DESC LIMIT 0,100 [ RunTime:0.000251s ]
[ sql ] [ SQL ] SELECT * FROM `m15_imenu` WHERE  `imenu_parent` = 2  AND `imenu_status` = 1 ORDER BY `imenu_rank` DESC LIMIT 0,100 [ RunTime:0.000169s ]
[ sql ] [ SQL ] SELECT * FROM `m15_imenu` WHERE  `imenu_parent` = 7  AND `imenu_status` = 1 ORDER BY `imenu_rank` DESC LIMIT 0,100 [ RunTime:0.000195s ]
[ sql ] [ SQL ] SELECT * FROM `m15_imenu` WHERE  `imenu_parent` = 12  AND `imenu_status` = 1 ORDER BY `imenu_rank` DESC LIMIT 0,100 [ RunTime:0.000164s ]
---------------------------------------------------------------
[ 2019-12-05T09:29:43+08:00 ] 39.82.168.244 GET new.m15.ltd/layuiadmin/imgs/logo.png
[运行时间：0.010847s] [吞吐率：92.19req/s] [内存消耗：1,026.98kb] [文件加载：28]
[ info ] [ LANG ] /www/wwwroot/newm15/thinkphp/lang/zh-cn.php
[ info ] [ ROUTE ] array (
  'type' => 'module',
  'module' => 
  array (
    0 => 'layuiadmin',
    1 => 'imgs',
    2 => 'logo.png',
  ),
)
[ info ] [ HEADER ] array (
  'cookie' => 'PHPSESSID=0itc9vnsgtmgcb3a35dnftimh5; Hm_lvt_d214947968792b839fd669a4decaaffc=1571300009; Hm_lpvt_d214947968792b839fd669a4decaaffc=1571300028',
  'accept-language' => 'zh-CN,zh;q=0.9',
  'accept-encoding' => 'gzip, deflate',
  'referer' => 'http://new.m15.ltd/',
  'accept' => 'image/webp,image/apng,image/*,*/*;q=0.8',
  'user-agent' => 'Mozilla/5.0 (Macintosh; Intel Mac OS X 10_15_0) AppleWebKit/537.36 (KHTML, like Gecko) Chrome/78.0.3904.97 Safari/537.36',
  'connection' => 'keep-alive',
  'host' => 'new.m15.ltd',
)
[ info ] [ PARAM ] array (
  '/layuiadmin/imgs/logo_png' => '',
)
[ info ] [ LOG ] INIT File
---------------------------------------------------------------
[ 2019-12-05T09:29:43+08:00 ] 39.82.168.244 GET new.m15.ltd/index/workbench/console
[运行时间：0.014678s] [吞吐率：68.13req/s] [内存消耗：1,558.96kb] [文件加载：37]
[ info ] [ LANG ] /www/wwwroot/newm15/thinkphp/lang/zh-cn.php
[ info ] [ ROUTE ] array (
  'type' => 'module',
  'module' => 
  array (
    0 => 'index',
    1 => 'workbench',
    2 => 'console',
  ),
)
[ info ] [ HEADER ] array (
  'cookie' => 'PHPSESSID=0itc9vnsgtmgcb3a35dnftimh5; Hm_lvt_d214947968792b839fd669a4decaaffc=1571300009; Hm_lpvt_d214947968792b839fd669a4decaaffc=1571300028',
  'accept-language' => 'zh-CN,zh;q=0.9',
  'accept-encoding' => 'gzip, deflate',
  'referer' => 'http://new.m15.ltd/',
  'accept' => 'text/html,application/xhtml+xml,application/xml;q=0.9,image/webp,image/apng,*/*;q=0.8,application/signed-exchange;v=b3',
  'user-agent' => 'Mozilla/5.0 (Macintosh; Intel Mac OS X 10_15_0) AppleWebKit/537.36 (KHTML, like Gecko) Chrome/78.0.3904.97 Safari/537.36',
  'upgrade-insecure-requests' => '1',
  'connection' => 'keep-alive',
  'host' => 'new.m15.ltd',
)
[ info ] [ PARAM ] array (
  '/index/workbench/console' => '',
)
[ info ] [ RUN ] app\index\controller\Workbench->console[ /www/wwwroot/newm15/application/index/controller/Workbench.php ]
[ info ] [ VIEW ] /www/wwwroot/newm15/public/../application/index/view/workbench/console.html [ array (
) ]
[ info ] [ SESSION ] INIT array (
  'id' => '',
  'var_session_id' => '',
  'prefix' => 'think',
  'type' => '',
  'auto_start' => true,
)
[ info ] [ LOG ] INIT File
---------------------------------------------------------------
[ 2019-12-05T10:52:51+08:00 ] 106.14.190.222 GET new.m15.ltd/
[运行时间：0.024396s] [吞吐率：40.99req/s] [内存消耗：2,368.54kb] [文件加载：45]
[ info ] [ LANG ] /www/wwwroot/newm15/thinkphp/lang/zh-cn.php
[ info ] [ ROUTE ] array (
  'type' => 'module',
  'module' => 
  array (
    0 => '',
    1 => NULL,
    2 => NULL,
  ),
)
[ info ] [ HEADER ] array (
  'accept-encoding' => 'gzip',
  'connection' => 'Keep-Alive',
  'host' => 'new.m15.ltd',
  'user-agent' => 'Mozilla/5.0 (X11; Ubuntu; Linux x86_64; rv:36.0) Gecko/20100101 Firefox/36.0',
)
[ info ] [ PARAM ] array (
)
[ info ] [ RUN ] app\index\controller\Index->index[ /www/wwwroot/newm15/application/index/controller/Index.php ]
[ info ] [ DB ] INIT mysql
[ info ] [ VIEW ] /www/wwwroot/newm15/public/../application/index/view/index/index.html [ array (
  0 => 'indexmenu',
) ]
[ info ] [ SESSION ] INIT array (
  'id' => '',
  'var_session_id' => '',
  'prefix' => 'think',
  'type' => '',
  'auto_start' => true,
)
[ info ] [ LOG ] INIT File
[ sql ] [ DB ] CONNECT:[ UseTime:0.000271s ] mysql:host=localhost;dbname=M15;charset=utf8
[ sql ] [ SQL ] SHOW COLUMNS FROM `m15_imenu` [ RunTime:0.000657s ]
[ sql ] [ SQL ] SELECT * FROM `m15_imenu` WHERE  `imenu_status` = 1  AND `imenu_parent` = 0 ORDER BY `imenu_rank` DESC LIMIT 0,100 [ RunTime:0.000244s ]
[ sql ] [ SQL ] SELECT * FROM `m15_imenu` WHERE  `imenu_parent` = 2  AND `imenu_status` = 1 ORDER BY `imenu_rank` DESC LIMIT 0,100 [ RunTime:0.000174s ]
[ sql ] [ SQL ] SELECT * FROM `m15_imenu` WHERE  `imenu_parent` = 7  AND `imenu_status` = 1 ORDER BY `imenu_rank` DESC LIMIT 0,100 [ RunTime:0.000189s ]
[ sql ] [ SQL ] SELECT * FROM `m15_imenu` WHERE  `imenu_parent` = 12  AND `imenu_status` = 1 ORDER BY `imenu_rank` DESC LIMIT 0,100 [ RunTime:0.000174s ]
---------------------------------------------------------------
[ 2019-12-05T10:52:53+08:00 ] 106.14.190.222 GET new.m15.ltd/layuiadmin/imgs/logo.png
[运行时间：0.015895s] [吞吐率：62.91req/s] [内存消耗：1,025.84kb] [文件加载：28]
[ info ] [ LANG ] /www/wwwroot/newm15/thinkphp/lang/zh-cn.php
[ info ] [ ROUTE ] array (
  'type' => 'module',
  'module' => 
  array (
    0 => 'layuiadmin',
    1 => 'imgs',
    2 => 'logo.png',
  ),
)
[ info ] [ HEADER ] array (
  'accept-encoding' => 'gzip',
  'connection' => 'Keep-Alive',
  'host' => 'new.m15.ltd',
  'user-agent' => 'Mozilla/5.0 (X11; Ubuntu; Linux x86_64; rv:36.0) Gecko/20100101 Firefox/36.0',
)
[ info ] [ PARAM ] array (
  '/layuiadmin/imgs/logo_png' => '',
)
[ info ] [ LOG ] INIT File
---------------------------------------------------------------
[ 2019-12-05T10:52:53+08:00 ] 106.14.190.222 GET new.m15.ltd/index/workbench/console
[运行时间：0.017213s] [吞吐率：58.10req/s] [内存消耗：1,231.51kb] [文件加载：35]
[ info ] [ LANG ] /www/wwwroot/newm15/thinkphp/lang/zh-cn.php
[ info ] [ ROUTE ] array (
  'type' => 'module',
  'module' => 
  array (
    0 => 'index',
    1 => 'workbench',
    2 => 'console',
  ),
)
[ info ] [ HEADER ] array (
  'accept-encoding' => 'gzip',
  'connection' => 'Keep-Alive',
  'host' => 'new.m15.ltd',
  'user-agent' => 'Mozilla/5.0 (X11; Ubuntu; Linux x86_64; rv:36.0) Gecko/20100101 Firefox/36.0',
)
[ info ] [ PARAM ] array (
  '/index/workbench/console' => '',
)
[ info ] [ RUN ] app\index\controller\Workbench->console[ /www/wwwroot/newm15/application/index/controller/Workbench.php ]
[ info ] [ VIEW ] /www/wwwroot/newm15/public/../application/index/view/workbench/console.html [ array (
) ]
[ info ] [ SESSION ] INIT array (
  'id' => '',
  'var_session_id' => '',
  'prefix' => 'think',
  'type' => '',
  'auto_start' => true,
)
[ info ] [ LOG ] INIT File
---------------------------------------------------------------
[ 2019-12-05T12:11:13+08:00 ] 101.81.137.231 GET new.m15.ltd/
[运行时间：0.023852s] [吞吐率：41.93req/s] [内存消耗：2,369.54kb] [文件加载：45]
[ info ] [ LANG ] /www/wwwroot/newm15/thinkphp/lang/zh-cn.php
[ info ] [ ROUTE ] array (
  'type' => 'module',
  'module' => 
  array (
    0 => '',
    1 => NULL,
    2 => NULL,
  ),
)
[ info ] [ HEADER ] array (
  'accept-language' => 'zh-CN,zh;q=0.9',
  'accept-encoding' => 'gzip, deflate',
  'accept' => 'text/html,application/xhtml+xml,application/xml;q=0.9,image/webp,image/apng,*/*;q=0.8',
  'user-agent' => 'Mozilla/5.0 (Windows NT 10.0; WOW64) AppleWebKit/537.36 (KHTML, like Gecko) Chrome/69.0.3497.100 Safari/537.36',
  'upgrade-insecure-requests' => '1',
  'connection' => 'keep-alive',
  'host' => 'new.m15.ltd',
)
[ info ] [ PARAM ] array (
)
[ info ] [ RUN ] app\index\controller\Index->index[ /www/wwwroot/newm15/application/index/controller/Index.php ]
[ info ] [ DB ] INIT mysql
[ info ] [ VIEW ] /www/wwwroot/newm15/public/../application/index/view/index/index.html [ array (
  0 => 'indexmenu',
) ]
[ info ] [ SESSION ] INIT array (
  'id' => '',
  'var_session_id' => '',
  'prefix' => 'think',
  'type' => '',
  'auto_start' => true,
)
[ info ] [ LOG ] INIT File
[ sql ] [ DB ] CONNECT:[ UseTime:0.000302s ] mysql:host=localhost;dbname=M15;charset=utf8
[ sql ] [ SQL ] SHOW COLUMNS FROM `m15_imenu` [ RunTime:0.000689s ]
[ sql ] [ SQL ] SELECT * FROM `m15_imenu` WHERE  `imenu_status` = 1  AND `imenu_parent` = 0 ORDER BY `imenu_rank` DESC LIMIT 0,100 [ RunTime:0.000229s ]
[ sql ] [ SQL ] SELECT * FROM `m15_imenu` WHERE  `imenu_parent` = 2  AND `imenu_status` = 1 ORDER BY `imenu_rank` DESC LIMIT 0,100 [ RunTime:0.000173s ]
[ sql ] [ SQL ] SELECT * FROM `m15_imenu` WHERE  `imenu_parent` = 7  AND `imenu_status` = 1 ORDER BY `imenu_rank` DESC LIMIT 0,100 [ RunTime:0.000205s ]
[ sql ] [ SQL ] SELECT * FROM `m15_imenu` WHERE  `imenu_parent` = 12  AND `imenu_status` = 1 ORDER BY `imenu_rank` DESC LIMIT 0,100 [ RunTime:0.000185s ]
---------------------------------------------------------------
[ 2019-12-05T12:11:13+08:00 ] 101.81.137.231 GET new.m15.ltd/index/workbench/console
[运行时间：0.013076s] [吞吐率：76.48req/s] [内存消耗：1,232.90kb] [文件加载：35]
[ info ] [ LANG ] /www/wwwroot/newm15/thinkphp/lang/zh-cn.php
[ info ] [ ROUTE ] array (
  'type' => 'module',
  'module' => 
  array (
    0 => 'index',
    1 => 'workbench',
    2 => 'console',
  ),
)
[ info ] [ HEADER ] array (
  'cookie' => 'PHPSESSID=fe35dogg2k49bdtaenmv6vick2',
  'accept-language' => 'zh-CN,zh;q=0.9',
  'accept-encoding' => 'gzip, deflate',
  'referer' => 'http://new.m15.ltd/',
  'accept' => 'text/html,application/xhtml+xml,application/xml;q=0.9,image/webp,image/apng,*/*;q=0.8',
  'user-agent' => 'Mozilla/5.0 (Windows NT 10.0; WOW64) AppleWebKit/537.36 (KHTML, like Gecko) Chrome/69.0.3497.100 Safari/537.36',
  'upgrade-insecure-requests' => '1',
  'connection' => 'keep-alive',
  'host' => 'new.m15.ltd',
)
[ info ] [ PARAM ] array (
  '/index/workbench/console' => '',
)
[ info ] [ RUN ] app\index\controller\Workbench->console[ /www/wwwroot/newm15/application/index/controller/Workbench.php ]
[ info ] [ VIEW ] /www/wwwroot/newm15/public/../application/index/view/workbench/console.html [ array (
) ]
[ info ] [ SESSION ] INIT array (
  'id' => '',
  'var_session_id' => '',
  'prefix' => 'think',
  'type' => '',
  'auto_start' => true,
)
[ info ] [ LOG ] INIT File
---------------------------------------------------------------
[ 2019-12-05T12:11:13+08:00 ] 101.81.137.231 GET new.m15.ltd/layuiadmin/imgs/logo.png
[运行时间：0.011379s] [吞吐率：87.88req/s] [内存消耗：1,026.73kb] [文件加载：28]
[ info ] [ LANG ] /www/wwwroot/newm15/thinkphp/lang/zh-cn.php
[ info ] [ ROUTE ] array (
  'type' => 'module',
  'module' => 
  array (
    0 => 'layuiadmin',
    1 => 'imgs',
    2 => 'logo.png',
  ),
)
[ info ] [ HEADER ] array (
  'cookie' => 'PHPSESSID=fe35dogg2k49bdtaenmv6vick2',
  'accept-language' => 'zh-CN,zh;q=0.9',
  'accept-encoding' => 'gzip, deflate',
  'referer' => 'http://new.m15.ltd/',
  'accept' => 'image/webp,image/apng,image/*,*/*;q=0.8',
  'user-agent' => 'Mozilla/5.0 (Windows NT 10.0; WOW64) AppleWebKit/537.36 (KHTML, like Gecko) Chrome/69.0.3497.100 Safari/537.36',
  'connection' => 'keep-alive',
  'host' => 'new.m15.ltd',
)
[ info ] [ PARAM ] array (
  '/layuiadmin/imgs/logo_png' => '',
)
[ info ] [ LOG ] INIT File
---------------------------------------------------------------
[ 2019-12-05T12:11:16+08:00 ] 101.81.137.231 GET new.m15.ltd/index/kol/search.html
[运行时间：0.029746s] [吞吐率：33.62req/s] [内存消耗：2,753.66kb] [文件加载：50]
[ info ] [ LANG ] /www/wwwroot/newm15/thinkphp/lang/zh-cn.php
[ info ] [ ROUTE ] array (
  'type' => 'module',
  'module' => 
  array (
    0 => 'index',
    1 => 'kol',
    2 => 'search',
  ),
)
[ info ] [ HEADER ] array (
  'cookie' => 'PHPSESSID=fe35dogg2k49bdtaenmv6vick2',
  'accept-language' => 'zh-CN,zh;q=0.9',
  'accept-encoding' => 'gzip, deflate',
  'referer' => 'http://new.m15.ltd/',
  'accept' => 'text/html,application/xhtml+xml,application/xml;q=0.9,image/webp,image/apng,*/*;q=0.8',
  'user-agent' => 'Mozilla/5.0 (Windows NT 10.0; WOW64) AppleWebKit/537.36 (KHTML, like Gecko) Chrome/69.0.3497.100 Safari/537.36',
  'upgrade-insecure-requests' => '1',
  'connection' => 'keep-alive',
  'host' => 'new.m15.ltd',
)
[ info ] [ PARAM ] array (
  '/index/kol/search_html' => '',
)
[ info ] [ SESSION ] INIT array (
  'id' => '',
  'var_session_id' => '',
  'prefix' => 'think',
  'type' => '',
  'auto_start' => true,
)
[ info ] [ DB ] INIT mysql
[ info ] [ RUN ] app\index\controller\Kol->search[ /www/wwwroot/newm15/application/index/controller/Kol.php ]
[ info ] [ VIEW ] /www/wwwroot/newm15/public/../application/index/view/kol/search.html [ array (
  0 => 'specification',
  1 => 'citys',
  2 => 'sort',
  3 => 'condition',
) ]
[ info ] [ LOG ] INIT File
[ sql ] [ DB ] CONNECT:[ UseTime:0.000253s ] mysql:host=localhost;dbname=M15;charset=utf8
[ sql ] [ SQL ] SHOW COLUMNS FROM `m15_config` [ RunTime:0.000648s ]
[ sql ] [ SQL ] SELECT * FROM `m15_config` WHERE  `config_id` = 1 LIMIT 1 [ RunTime:0.000200s ]
[ sql ] [ SQL ] SHOW COLUMNS FROM `m15_user` [ RunTime:0.000476s ]
[ sql ] [ SQL ] SELECT * FROM `m15_user` WHERE  `user_id` = 1 LIMIT 1 [ RunTime:0.000193s ]
[ sql ] [ SQL ] SHOW COLUMNS FROM `m15_specification` [ RunTime:0.000480s ]
[ sql ] [ SQL ] SELECT * FROM `m15_specification` WHERE  `spec_type` = 'like' ORDER BY `spec_id` [ RunTime:0.000244s ]
[ sql ] [ SQL ] SELECT * FROM `m15_specification` WHERE  `spec_type` = 'fans' ORDER BY `spec_id` [ RunTime:0.000156s ]
[ sql ] [ SQL ] SELECT * FROM `m15_specification` WHERE  `spec_type` = 'kolv' ORDER BY `spec_id` [ RunTime:0.000135s ]
[ sql ] [ SQL ] SELECT * FROM `m15_specification` WHERE  `spec_type` = 'duration' ORDER BY `spec_id` [ RunTime:0.000151s ]
[ sql ] [ SQL ] SELECT * FROM `m15_specification` WHERE  `spec_type` = 'createtime' ORDER BY `spec_id` [ RunTime:0.000134s ]
[ sql ] [ SQL ] SHOW COLUMNS FROM `m15_area` [ RunTime:0.000439s ]
[ sql ] [ SQL ] SELECT * FROM `m15_area` WHERE  `pid` = 0 [ RunTime:0.000186s ]
[ sql ] [ SQL ] SHOW COLUMNS FROM `m15_video_sort` [ RunTime:0.000468s ]
[ sql ] [ SQL ] SELECT * FROM `m15_video_sort` WHERE  `sort_status` = 1 ORDER BY `sort_rank` DESC [ RunTime:0.000151s ]
---------------------------------------------------------------
[ 2019-12-05T12:11:23+08:00 ] 101.81.137.231 GET new.m15.ltd/index/kol/included.html?keyword=%E7%8E%8B%E6%95%99%E6%8E%88%E8%B0%88%E5%88%9B%E4%B8%9A
[运行时间：1.862277s] [吞吐率：0.54req/s] [内存消耗：2,847.45kb] [文件加载：49]
[ info ] [ LANG ] /www/wwwroot/newm15/thinkphp/lang/zh-cn.php
[ info ] [ ROUTE ] array (
  'type' => 'module',
  'module' => 
  array (
    0 => 'index',
    1 => 'kol',
    2 => 'included',
  ),
)
[ info ] [ HEADER ] array (
  'cookie' => 'PHPSESSID=fe35dogg2k49bdtaenmv6vick2',
  'accept-language' => 'zh-CN,zh;q=0.9',
  'accept-encoding' => 'gzip, deflate',
  'referer' => 'http://new.m15.ltd/index/kol/search.html',
  'user-agent' => 'Mozilla/5.0 (Windows NT 10.0; WOW64) AppleWebKit/537.36 (KHTML, like Gecko) Chrome/69.0.3497.100 Safari/537.36',
  'x-requested-with' => 'XMLHttpRequest',
  'accept' => '*/*',
  'connection' => 'keep-alive',
  'host' => 'new.m15.ltd',
)
[ info ] [ PARAM ] array (
  '/index/kol/included_html' => '',
  'keyword' => '王教授谈创业',
)
[ info ] [ SESSION ] INIT array (
  'id' => '',
  'var_session_id' => '',
  'prefix' => 'think',
  'type' => '',
  'auto_start' => true,
)
[ info ] [ DB ] INIT mysql
[ info ] [ RUN ] app\index\controller\Kol->included[ /www/wwwroot/newm15/application/index/controller/Kol.php ]
[ info ] [ LOG ] INIT File
[ sql ] [ DB ] CONNECT:[ UseTime:0.000272s ] mysql:host=localhost;dbname=M15;charset=utf8
[ sql ] [ SQL ] SHOW COLUMNS FROM `m15_user` [ RunTime:0.000692s ]
[ sql ] [ SQL ] SELECT * FROM `m15_user` WHERE  `user_id` = 1 LIMIT 1 [ RunTime:0.000236s ]
[ sql ] [ SQL ] SHOW COLUMNS FROM `m15_specification` [ RunTime:0.000525s ]
[ sql ] [ SQL ] SELECT * FROM `m15_specification` WHERE  `spec_type` = 'like' ORDER BY `spec_id` [ RunTime:0.000174s ]
[ sql ] [ SQL ] SELECT * FROM `m15_specification` WHERE  `spec_type` = 'fans' ORDER BY `spec_id` [ RunTime:0.000173s ]
[ sql ] [ SQL ] SELECT * FROM `m15_specification` WHERE  `spec_type` = 'kolv' ORDER BY `spec_id` [ RunTime:0.000139s ]
[ sql ] [ SQL ] SELECT * FROM `m15_specification` WHERE  `spec_type` = 'duration' ORDER BY `spec_id` [ RunTime:0.000150s ]
[ sql ] [ SQL ] SELECT * FROM `m15_specification` WHERE  `spec_type` = 'createtime' ORDER BY `spec_id` [ RunTime:0.000134s ]
[ sql ] [ SQL ] SHOW COLUMNS FROM `m15_area` [ RunTime:0.000493s ]
[ sql ] [ SQL ] SELECT * FROM `m15_area` WHERE  `pid` = 0 [ RunTime:0.000177s ]
[ sql ] [ SQL ] SHOW COLUMNS FROM `m15_video_sort` [ RunTime:0.000535s ]
[ sql ] [ SQL ] SELECT * FROM `m15_video_sort` WHERE  `sort_status` = 1 ORDER BY `sort_rank` DESC [ RunTime:0.000147s ]
---------------------------------------------------------------
[ 2019-12-05T12:13:45+08:00 ] 101.81.137.231 GET new.m15.ltd/index/kol/rank.html
[运行时间：0.037883s] [吞吐率：26.40req/s] [内存消耗：3,023.09kb] [文件加载：52]
[ info ] [ LANG ] /www/wwwroot/newm15/thinkphp/lang/zh-cn.php
[ info ] [ ROUTE ] array (
  'type' => 'module',
  'module' => 
  array (
    0 => 'index',
    1 => 'kol',
    2 => 'rank',
  ),
)
[ info ] [ HEADER ] array (
  'cookie' => 'PHPSESSID=fe35dogg2k49bdtaenmv6vick2',
  'accept-language' => 'zh-CN,zh;q=0.9',
  'accept-encoding' => 'gzip, deflate',
  'referer' => 'http://new.m15.ltd/',
  'accept' => 'text/html,application/xhtml+xml,application/xml;q=0.9,image/webp,image/apng,*/*;q=0.8',
  'user-agent' => 'Mozilla/5.0 (Windows NT 10.0; WOW64) AppleWebKit/537.36 (KHTML, like Gecko) Chrome/69.0.3497.100 Safari/537.36',
  'upgrade-insecure-requests' => '1',
  'connection' => 'keep-alive',
  'host' => 'new.m15.ltd',
)
[ info ] [ PARAM ] array (
  '/index/kol/rank_html' => '',
)
[ info ] [ SESSION ] INIT array (
  'id' => '',
  'var_session_id' => '',
  'prefix' => 'think',
  'type' => '',
  'auto_start' => true,
)
[ info ] [ DB ] INIT mysql
[ info ] [ RUN ] app\index\controller\Kol->rank[ /www/wwwroot/newm15/application/index/controller/Kol.php ]
[ info ] [ VIEW ] /www/wwwroot/newm15/public/../application/index/view/kol/rank.html [ array (
  0 => 'specification',
  1 => 'citys',
  2 => 'sort',
  3 => 'condition',
  4 => 'lasttime',
  5 => 'kol',
  6 => 'count',
) ]
[ info ] [ LOG ] INIT File
[ sql ] [ DB ] CONNECT:[ UseTime:0.000262s ] mysql:host=localhost;dbname=M15;charset=utf8
[ sql ] [ SQL ] SHOW COLUMNS FROM `m15_user` [ RunTime:0.000640s ]
[ sql ] [ SQL ] SELECT * FROM `m15_user` WHERE  `user_id` = 1 LIMIT 1 [ RunTime:0.000222s ]
[ sql ] [ SQL ] SHOW COLUMNS FROM `m15_specification` [ RunTime:0.000472s ]
[ sql ] [ SQL ] SELECT * FROM `m15_specification` WHERE  `spec_type` = 'like' ORDER BY `spec_id` [ RunTime:0.000168s ]
[ sql ] [ SQL ] SELECT * FROM `m15_specification` WHERE  `spec_type` = 'fans' ORDER BY `spec_id` [ RunTime:0.000147s ]
[ sql ] [ SQL ] SELECT * FROM `m15_specification` WHERE  `spec_type` = 'kolv' ORDER BY `spec_id` [ RunTime:0.000142s ]
[ sql ] [ SQL ] SELECT * FROM `m15_specification` WHERE  `spec_type` = 'duration' ORDER BY `spec_id` [ RunTime:0.000140s ]
[ sql ] [ SQL ] SELECT * FROM `m15_specification` WHERE  `spec_type` = 'createtime' ORDER BY `spec_id` [ RunTime:0.000160s ]
[ sql ] [ SQL ] SHOW COLUMNS FROM `m15_area` [ RunTime:0.000470s ]
[ sql ] [ SQL ] SELECT * FROM `m15_area` WHERE  `pid` = 0 [ RunTime:0.000166s ]
[ sql ] [ SQL ] SHOW COLUMNS FROM `m15_video_sort` [ RunTime:0.000532s ]
[ sql ] [ SQL ] SELECT * FROM `m15_video_sort` WHERE  `sort_status` = 1 ORDER BY `sort_rank` DESC [ RunTime:0.000167s ]
[ sql ] [ SQL ] SHOW COLUMNS FROM `m15_kol` [ RunTime:0.000567s ]
[ sql ] [ SQL ] SELECT COUNT(*) AS tp_count FROM `m15_kol` `k` LIMIT 1 [ RunTime:0.000227s ]
[ sql ] [ SQL ] SELECT * FROM `m15_kol` `k` INNER JOIN (select a.* from m15_kol_trend as a right join (select kt_kol_id, max(kt_time) as maxtime from m15_kol_trend where kt_kol_id is not null group by kt_kol_id) as b on a.kt_kol_id=b.kt_kol_id and a.kt_time=b.maxtime order by a.kt_kol_id asc) kt ON `k`.`kol_id`=`kt`.`kt_kol_id` ORDER BY `kt`.`kt_hot` DESC LIMIT 0,100 [ RunTime:0.001803s ]
[ sql ] [ SQL ] SELECT `sort_name` FROM `m15_video_sort` WHERE  `sort_id` = 13 LIMIT 1 [ RunTime:0.000153s ]
[ sql ] [ SQL ] SELECT `sort_name` FROM `m15_video_sort` WHERE  `sort_id` = 13 LIMIT 1 [ RunTime:0.000109s ]
[ sql ] [ SQL ] SELECT `sort_name` FROM `m15_video_sort` WHERE  `sort_id` = 6 LIMIT 1 [ RunTime:0.000131s ]
[ sql ] [ SQL ] SELECT `sort_name` FROM `m15_video_sort` WHERE  `sort_id` = 3 LIMIT 1 [ RunTime:0.000118s ]
[ sql ] [ SQL ] SELECT `sort_name` FROM `m15_video_sort` WHERE  `sort_id` = 3 LIMIT 1 [ RunTime:0.000114s ]
[ sql ] [ SQL ] SELECT `sort_name` FROM `m15_video_sort` WHERE  `sort_id` = 5 LIMIT 1 [ RunTime:0.000115s ]
[ sql ] [ SQL ] SELECT `sort_name` FROM `m15_video_sort` WHERE  `sort_id` = 13 LIMIT 1 [ RunTime:0.000112s ]
[ sql ] [ SQL ] SELECT `sort_name` FROM `m15_video_sort` WHERE  `sort_id` = 25 LIMIT 1 [ RunTime:0.000129s ]
[ sql ] [ SQL ] SELECT `sort_name` FROM `m15_video_sort` WHERE  `sort_id` = 1 LIMIT 1 [ RunTime:0.000108s ]
[ sql ] [ SQL ] SELECT `sort_name` FROM `m15_video_sort` WHERE  `sort_id` = 13 LIMIT 1 [ RunTime:0.000105s ]
[ sql ] [ SQL ] SELECT `sort_name` FROM `m15_video_sort` WHERE  `sort_id` = 11 LIMIT 1 [ RunTime:0.000112s ]
[ sql ] [ SQL ] SELECT `sort_name` FROM `m15_video_sort` WHERE  `sort_id` = 4 LIMIT 1 [ RunTime:0.000128s ]
[ sql ] [ SQL ] SELECT `sort_name` FROM `m15_video_sort` WHERE  `sort_id` = 18 LIMIT 1 [ RunTime:0.000120s ]
[ sql ] [ SQL ] SELECT `sort_name` FROM `m15_video_sort` WHERE  `sort_id` = 6 LIMIT 1 [ RunTime:0.000119s ]
---------------------------------------------------------------
[ 2019-12-05T12:13:51+08:00 ] 101.81.137.231 POST new.m15.ltd/index/kol/search.html
[运行时间：0.031638s] [吞吐率：31.61req/s] [内存消耗：2,816.83kb] [文件加载：51]
[ info ] [ LANG ] /www/wwwroot/newm15/thinkphp/lang/zh-cn.php
[ info ] [ ROUTE ] array (
  'type' => 'module',
  'module' => 
  array (
    0 => 'index',
    1 => 'kol',
    2 => 'search',
  ),
)
[ info ] [ HEADER ] array (
  'cookie' => 'PHPSESSID=fe35dogg2k49bdtaenmv6vick2',
  'accept-language' => 'zh-CN,zh;q=0.9',
  'accept-encoding' => 'gzip, deflate',
  'referer' => 'http://new.m15.ltd/index/kol/search.html',
  'accept' => 'text/html,application/xhtml+xml,application/xml;q=0.9,image/webp,image/apng,*/*;q=0.8',
  'user-agent' => 'Mozilla/5.0 (Windows NT 10.0; WOW64) AppleWebKit/537.36 (KHTML, like Gecko) Chrome/69.0.3497.100 Safari/537.36',
  'upgrade-insecure-requests' => '1',
  'origin' => 'http://new.m15.ltd',
  'cache-control' => 'max-age=0',
  'connection' => 'keep-alive',
  'host' => 'new.m15.ltd',
  'content-type' => 'application/x-www-form-urlencoded',
  'content-length' => '117',
)
[ info ] [ PARAM ] array (
  '/index/kol/search_html' => '',
  'type' => '',
  'keyword' => '王教授谈创业',
  'industry' => '0',
  'sort' => '0',
  'fans' => '0',
  'like' => '0',
  'hot' => '0',
  'province' => '0',
)
[ info ] [ SESSION ] INIT array (
  'id' => '',
  'var_session_id' => '',
  'prefix' => 'think',
  'type' => '',
  'auto_start' => true,
)
[ info ] [ DB ] INIT mysql
[ info ] [ RUN ] app\index\controller\Kol->search[ /www/wwwroot/newm15/application/index/controller/Kol.php ]
[ info ] [ VIEW ] /www/wwwroot/newm15/public/../application/index/view/kol/result.html [ array (
  0 => 'specification',
  1 => 'citys',
  2 => 'sort',
  3 => 'count',
  4 => 'data',
  5 => 'result',
) ]
[ info ] [ LOG ] INIT File
[ sql ] [ DB ] CONNECT:[ UseTime:0.000299s ] mysql:host=localhost;dbname=M15;charset=utf8
[ sql ] [ SQL ] SHOW COLUMNS FROM `m15_user` [ RunTime:0.000675s ]
[ sql ] [ SQL ] SELECT * FROM `m15_user` WHERE  `user_id` = 1 LIMIT 1 [ RunTime:0.000249s ]
[ sql ] [ SQL ] SHOW COLUMNS FROM `m15_specification` [ RunTime:0.000476s ]
[ sql ] [ SQL ] SELECT * FROM `m15_specification` WHERE  `spec_type` = 'like' ORDER BY `spec_id` [ RunTime:0.000188s ]
[ sql ] [ SQL ] SELECT * FROM `m15_specification` WHERE  `spec_type` = 'fans' ORDER BY `spec_id` [ RunTime:0.000171s ]
[ sql ] [ SQL ] SELECT * FROM `m15_specification` WHERE  `spec_type` = 'kolv' ORDER BY `spec_id` [ RunTime:0.000138s ]
[ sql ] [ SQL ] SELECT * FROM `m15_specification` WHERE  `spec_type` = 'duration' ORDER BY `spec_id` [ RunTime:0.000130s ]
[ sql ] [ SQL ] SELECT * FROM `m15_specification` WHERE  `spec_type` = 'createtime' ORDER BY `spec_id` [ RunTime:0.000150s ]
[ sql ] [ SQL ] SHOW COLUMNS FROM `m15_area` [ RunTime:0.000468s ]
[ sql ] [ SQL ] SELECT * FROM `m15_area` WHERE  `pid` = 0 [ RunTime:0.000180s ]
[ sql ] [ SQL ] SHOW COLUMNS FROM `m15_video_sort` [ RunTime:0.000446s ]
[ sql ] [ SQL ] SELECT * FROM `m15_video_sort` WHERE  `sort_status` = 1 ORDER BY `sort_rank` DESC [ RunTime:0.000157s ]
[ sql ] [ SQL ] SHOW COLUMNS FROM `m15_kol` [ RunTime:0.000553s ]
[ sql ] [ SQL ] SELECT * FROM `m15_kol` `k` INNER JOIN (select a.* from m15_kol_trend as a right join (select kt_kol_id, max(kt_time) as maxtime from m15_kol_trend where kt_kol_id is not null group by kt_kol_id) as b on a.kt_kol_id=b.kt_kol_id and a.kt_time=b.maxtime order by a.kt_kol_id asc) kt ON `k`.`kol_id`=`kt`.`kt_kol_id` WHERE  `k`.`kol_nickname` LIKE '%王教授谈创业%' ORDER BY `kt`.`kt_hot` DESC LIMIT 0,50 [ RunTime:0.001789s ]
---------------------------------------------------------------
[ 2019-12-05T12:14:03+08:00 ] 101.81.137.231 GET new.m15.ltd/index/kol/rank.html?city=0&sort=0&keyword=%E7%8E%8B%E6%95%99%E6%8E%88%E8%B0%88%E5%88%9B%E4%B8%9A&createtime=7&order=kt.kt_hot+desc
[运行时间：0.032461s] [吞吐率：30.81req/s] [内存消耗：2,818.06kb] [文件加载：52]
[ info ] [ LANG ] /www/wwwroot/newm15/thinkphp/lang/zh-cn.php
[ info ] [ ROUTE ] array (
  'type' => 'module',
  'module' => 
  array (
    0 => 'index',
    1 => 'kol',
    2 => 'rank',
  ),
)
[ info ] [ HEADER ] array (
  'cookie' => 'PHPSESSID=fe35dogg2k49bdtaenmv6vick2',
  'accept-language' => 'zh-CN,zh;q=0.9',
  'accept-encoding' => 'gzip, deflate',
  'referer' => 'http://new.m15.ltd/index/kol/rank.html',
  'accept' => 'text/html,application/xhtml+xml,application/xml;q=0.9,image/webp,image/apng,*/*;q=0.8',
  'user-agent' => 'Mozilla/5.0 (Windows NT 10.0; WOW64) AppleWebKit/537.36 (KHTML, like Gecko) Chrome/69.0.3497.100 Safari/537.36',
  'upgrade-insecure-requests' => '1',
  'connection' => 'keep-alive',
  'host' => 'new.m15.ltd',
)
[ info ] [ PARAM ] array (
  '/index/kol/rank_html' => '',
  'city' => '0',
  'sort' => '0',
  'keyword' => '王教授谈创业',
  'createtime' => '7',
  'order' => 'kt.kt_hot desc',
)
[ info ] [ SESSION ] INIT array (
  'id' => '',
  'var_session_id' => '',
  'prefix' => 'think',
  'type' => '',
  'auto_start' => true,
)
[ info ] [ DB ] INIT mysql
[ info ] [ RUN ] app\index\controller\Kol->rank[ /www/wwwroot/newm15/application/index/controller/Kol.php ]
[ info ] [ VIEW ] /www/wwwroot/newm15/public/../application/index/view/kol/rank.html [ array (
  0 => 'specification',
  1 => 'citys',
  2 => 'sort',
  3 => 'condition',
  4 => 'lasttime',
  5 => 'kol',
  6 => 'count',
) ]
[ info ] [ LOG ] INIT File
[ sql ] [ DB ] CONNECT:[ UseTime:0.000309s ] mysql:host=localhost;dbname=M15;charset=utf8
[ sql ] [ SQL ] SHOW COLUMNS FROM `m15_user` [ RunTime:0.000697s ]
[ sql ] [ SQL ] SELECT * FROM `m15_user` WHERE  `user_id` = 1 LIMIT 1 [ RunTime:0.000319s ]
[ sql ] [ SQL ] SHOW COLUMNS FROM `m15_specification` [ RunTime:0.000464s ]
[ sql ] [ SQL ] SELECT * FROM `m15_specification` WHERE  `spec_type` = 'like' ORDER BY `spec_id` [ RunTime:0.000213s ]
[ sql ] [ SQL ] SELECT * FROM `m15_specification` WHERE  `spec_type` = 'fans' ORDER BY `spec_id` [ RunTime:0.000148s ]
[ sql ] [ SQL ] SELECT * FROM `m15_specification` WHERE  `spec_type` = 'kolv' ORDER BY `spec_id` [ RunTime:0.000136s ]
[ sql ] [ SQL ] SELECT * FROM `m15_specification` WHERE  `spec_type` = 'duration' ORDER BY `spec_id` [ RunTime:0.000141s ]
[ sql ] [ SQL ] SELECT * FROM `m15_specification` WHERE  `spec_type` = 'createtime' ORDER BY `spec_id` [ RunTime:0.000133s ]
[ sql ] [ SQL ] SHOW COLUMNS FROM `m15_area` [ RunTime:0.000449s ]
[ sql ] [ SQL ] SELECT * FROM `m15_area` WHERE  `pid` = 0 [ RunTime:0.000182s ]
[ sql ] [ SQL ] SHOW COLUMNS FROM `m15_video_sort` [ RunTime:0.000487s ]
[ sql ] [ SQL ] SELECT * FROM `m15_video_sort` WHERE  `sort_status` = 1 ORDER BY `sort_rank` DESC [ RunTime:0.000179s ]
[ sql ] [ SQL ] SHOW COLUMNS FROM `m15_kol` [ RunTime:0.000562s ]
[ sql ] [ SQL ] SELECT COUNT(*) AS tp_count FROM `m15_kol` `k` WHERE  `k`.`kol_nickname` LIKE '%王教授谈创业%'  AND `k`.`kol_time` BETWEEN 1574914443 AND 1575519243 LIMIT 1 [ RunTime:0.000321s ]
[ sql ] [ SQL ] SELECT * FROM `m15_kol` `k` INNER JOIN (select a.* from m15_kol_trend as a right join (select kt_kol_id, max(kt_time) as maxtime from m15_kol_trend where kt_kol_id is not null group by kt_kol_id) as b on a.kt_kol_id=b.kt_kol_id and a.kt_time=b.maxtime order by a.kt_kol_id asc) kt ON `k`.`kol_id`=`kt`.`kt_kol_id` WHERE  `k`.`kol_nickname` LIKE '%王教授谈创业%'  AND `k`.`kol_time` BETWEEN 1574914443 AND 1575519243 ORDER BY `kt`.`kt_hot` DESC LIMIT 0,100 [ RunTime:0.001743s ]
---------------------------------------------------------------
[ 2019-12-05T12:14:14+08:00 ] 101.81.137.231 GET new.m15.ltd/index/kol/search.html
[运行时间：0.034619s] [吞吐率：28.89req/s] [内存消耗：2,761.99kb] [文件加载：50]
[ info ] [ LANG ] /www/wwwroot/newm15/thinkphp/lang/zh-cn.php
[ info ] [ ROUTE ] array (
  'type' => 'module',
  'module' => 
  array (
    0 => 'index',
    1 => 'kol',
    2 => 'search',
  ),
)
[ info ] [ HEADER ] array (
  'cookie' => 'PHPSESSID=fe35dogg2k49bdtaenmv6vick2',
  'accept-language' => 'zh-CN,zh;q=0.9',
  'accept-encoding' => 'gzip, deflate',
  'referer' => 'http://new.m15.ltd/',
  'accept' => 'text/html,application/xhtml+xml,application/xml;q=0.9,image/webp,image/apng,*/*;q=0.8',
  'user-agent' => 'Mozilla/5.0 (Windows NT 10.0; WOW64) AppleWebKit/537.36 (KHTML, like Gecko) Chrome/69.0.3497.100 Safari/537.36',
  'upgrade-insecure-requests' => '1',
  'connection' => 'keep-alive',
  'host' => 'new.m15.ltd',
)
[ info ] [ PARAM ] array (
  '/index/kol/search_html' => '',
)
[ info ] [ SESSION ] INIT array (
  'id' => '',
  'var_session_id' => '',
  'prefix' => 'think',
  'type' => '',
  'auto_start' => true,
)
[ info ] [ DB ] INIT mysql
[ info ] [ RUN ] app\index\controller\Kol->search[ /www/wwwroot/newm15/application/index/controller/Kol.php ]
[ info ] [ VIEW ] /www/wwwroot/newm15/public/../application/index/view/kol/search.html [ array (
  0 => 'specification',
  1 => 'citys',
  2 => 'sort',
  3 => 'condition',
) ]
[ info ] [ LOG ] INIT File
[ sql ] [ DB ] CONNECT:[ UseTime:0.000261s ] mysql:host=localhost;dbname=M15;charset=utf8
[ sql ] [ SQL ] SHOW COLUMNS FROM `m15_user` [ RunTime:0.000653s ]
[ sql ] [ SQL ] SELECT * FROM `m15_user` WHERE  `user_id` = 1 LIMIT 1 [ RunTime:0.000337s ]
[ sql ] [ SQL ] SHOW COLUMNS FROM `m15_specification` [ RunTime:0.000480s ]
[ sql ] [ SQL ] SELECT * FROM `m15_specification` WHERE  `spec_type` = 'like' ORDER BY `spec_id` [ RunTime:0.000153s ]
[ sql ] [ SQL ] SELECT * FROM `m15_specification` WHERE  `spec_type` = 'fans' ORDER BY `spec_id` [ RunTime:0.000155s ]
[ sql ] [ SQL ] SELECT * FROM `m15_specification` WHERE  `spec_type` = 'kolv' ORDER BY `spec_id` [ RunTime:0.000134s ]
[ sql ] [ SQL ] SELECT * FROM `m15_specification` WHERE  `spec_type` = 'duration' ORDER BY `spec_id` [ RunTime:0.000130s ]
[ sql ] [ SQL ] SELECT * FROM `m15_specification` WHERE  `spec_type` = 'createtime' ORDER BY `spec_id` [ RunTime:0.000130s ]
[ sql ] [ SQL ] SHOW COLUMNS FROM `m15_area` [ RunTime:0.000535s ]
[ sql ] [ SQL ] SELECT * FROM `m15_area` WHERE  `pid` = 0 [ RunTime:0.000164s ]
[ sql ] [ SQL ] SHOW COLUMNS FROM `m15_video_sort` [ RunTime:0.000547s ]
[ sql ] [ SQL ] SELECT * FROM `m15_video_sort` WHERE  `sort_status` = 1 ORDER BY `sort_rank` DESC [ RunTime:0.000148s ]
---------------------------------------------------------------
[ 2019-12-05T12:14:14+08:00 ] 101.81.137.231 GET new.m15.ltd/index/kol/rank.html
[运行时间：0.058604s] [吞吐率：17.06req/s] [内存消耗：3,023.09kb] [文件加载：52]
[ info ] [ LANG ] /www/wwwroot/newm15/thinkphp/lang/zh-cn.php
[ info ] [ ROUTE ] array (
  'type' => 'module',
  'module' => 
  array (
    0 => 'index',
    1 => 'kol',
    2 => 'rank',
  ),
)
[ info ] [ HEADER ] array (
  'cookie' => 'PHPSESSID=fe35dogg2k49bdtaenmv6vick2',
  'accept-language' => 'zh-CN,zh;q=0.9',
  'accept-encoding' => 'gzip, deflate',
  'referer' => 'http://new.m15.ltd/',
  'accept' => 'text/html,application/xhtml+xml,application/xml;q=0.9,image/webp,image/apng,*/*;q=0.8',
  'user-agent' => 'Mozilla/5.0 (Windows NT 10.0; WOW64) AppleWebKit/537.36 (KHTML, like Gecko) Chrome/69.0.3497.100 Safari/537.36',
  'upgrade-insecure-requests' => '1',
  'connection' => 'keep-alive',
  'host' => 'new.m15.ltd',
)
[ info ] [ PARAM ] array (
  '/index/kol/rank_html' => '',
)
[ info ] [ SESSION ] INIT array (
  'id' => '',
  'var_session_id' => '',
  'prefix' => 'think',
  'type' => '',
  'auto_start' => true,
)
[ info ] [ DB ] INIT mysql
[ info ] [ RUN ] app\index\controller\Kol->rank[ /www/wwwroot/newm15/application/index/controller/Kol.php ]
[ info ] [ VIEW ] /www/wwwroot/newm15/public/../application/index/view/kol/rank.html [ array (
  0 => 'specification',
  1 => 'citys',
  2 => 'sort',
  3 => 'condition',
  4 => 'lasttime',
  5 => 'kol',
  6 => 'count',
) ]
[ info ] [ LOG ] INIT File
[ sql ] [ DB ] CONNECT:[ UseTime:0.000216s ] mysql:host=localhost;dbname=M15;charset=utf8
[ sql ] [ SQL ] SHOW COLUMNS FROM `m15_user` [ RunTime:0.000571s ]
[ sql ] [ SQL ] SELECT * FROM `m15_user` WHERE  `user_id` = 1 LIMIT 1 [ RunTime:0.000184s ]
[ sql ] [ SQL ] SHOW COLUMNS FROM `m15_specification` [ RunTime:0.000502s ]
[ sql ] [ SQL ] SELECT * FROM `m15_specification` WHERE  `spec_type` = 'like' ORDER BY `spec_id` [ RunTime:0.000145s ]
[ sql ] [ SQL ] SELECT * FROM `m15_specification` WHERE  `spec_type` = 'fans' ORDER BY `spec_id` [ RunTime:0.000138s ]
[ sql ] [ SQL ] SELECT * FROM `m15_specification` WHERE  `spec_type` = 'kolv' ORDER BY `spec_id` [ RunTime:0.000131s ]
[ sql ] [ SQL ] SELECT * FROM `m15_specification` WHERE  `spec_type` = 'duration' ORDER BY `spec_id` [ RunTime:0.000229s ]
[ sql ] [ SQL ] SELECT * FROM `m15_specification` WHERE  `spec_type` = 'createtime' ORDER BY `spec_id` [ RunTime:0.000137s ]
[ sql ] [ SQL ] SHOW COLUMNS FROM `m15_area` [ RunTime:0.000426s ]
[ sql ] [ SQL ] SELECT * FROM `m15_area` WHERE  `pid` = 0 [ RunTime:0.000190s ]
[ sql ] [ SQL ] SHOW COLUMNS FROM `m15_video_sort` [ RunTime:0.000424s ]
[ sql ] [ SQL ] SELECT * FROM `m15_video_sort` WHERE  `sort_status` = 1 ORDER BY `sort_rank` DESC [ RunTime:0.000148s ]
[ sql ] [ SQL ] SHOW COLUMNS FROM `m15_kol` [ RunTime:0.000545s ]
[ sql ] [ SQL ] SELECT COUNT(*) AS tp_count FROM `m15_kol` `k` LIMIT 1 [ RunTime:0.000155s ]
[ sql ] [ SQL ] SELECT * FROM `m15_kol` `k` INNER JOIN (select a.* from m15_kol_trend as a right join (select kt_kol_id, max(kt_time) as maxtime from m15_kol_trend where kt_kol_id is not null group by kt_kol_id) as b on a.kt_kol_id=b.kt_kol_id and a.kt_time=b.maxtime order by a.kt_kol_id asc) kt ON `k`.`kol_id`=`kt`.`kt_kol_id` ORDER BY `kt`.`kt_hot` DESC LIMIT 0,100 [ RunTime:0.000412s ]
[ sql ] [ SQL ] SELECT `sort_name` FROM `m15_video_sort` WHERE  `sort_id` = 13 LIMIT 1 [ RunTime:0.000152s ]
[ sql ] [ SQL ] SELECT `sort_name` FROM `m15_video_sort` WHERE  `sort_id` = 13 LIMIT 1 [ RunTime:0.000111s ]
[ sql ] [ SQL ] SELECT `sort_name` FROM `m15_video_sort` WHERE  `sort_id` = 6 LIMIT 1 [ RunTime:0.000111s ]
[ sql ] [ SQL ] SELECT `sort_name` FROM `m15_video_sort` WHERE  `sort_id` = 3 LIMIT 1 [ RunTime:0.000112s ]
[ sql ] [ SQL ] SELECT `sort_name` FROM `m15_video_sort` WHERE  `sort_id` = 3 LIMIT 1 [ RunTime:0.000117s ]
[ sql ] [ SQL ] SELECT `sort_name` FROM `m15_video_sort` WHERE  `sort_id` = 5 LIMIT 1 [ RunTime:0.000115s ]
[ sql ] [ SQL ] SELECT `sort_name` FROM `m15_video_sort` WHERE  `sort_id` = 13 LIMIT 1 [ RunTime:0.000113s ]
[ sql ] [ SQL ] SELECT `sort_name` FROM `m15_video_sort` WHERE  `sort_id` = 25 LIMIT 1 [ RunTime:0.000108s ]
[ sql ] [ SQL ] SELECT `sort_name` FROM `m15_video_sort` WHERE  `sort_id` = 1 LIMIT 1 [ RunTime:0.000118s ]
[ sql ] [ SQL ] SELECT `sort_name` FROM `m15_video_sort` WHERE  `sort_id` = 13 LIMIT 1 [ RunTime:0.000116s ]
[ sql ] [ SQL ] SELECT `sort_name` FROM `m15_video_sort` WHERE  `sort_id` = 11 LIMIT 1 [ RunTime:0.000124s ]
[ sql ] [ SQL ] SELECT `sort_name` FROM `m15_video_sort` WHERE  `sort_id` = 4 LIMIT 1 [ RunTime:0.000134s ]
[ sql ] [ SQL ] SELECT `sort_name` FROM `m15_video_sort` WHERE  `sort_id` = 18 LIMIT 1 [ RunTime:0.000118s ]
[ sql ] [ SQL ] SELECT `sort_name` FROM `m15_video_sort` WHERE  `sort_id` = 6 LIMIT 1 [ RunTime:0.000108s ]
---------------------------------------------------------------
[ 2019-12-05T12:14:22+08:00 ] 101.81.137.231 GET new.m15.ltd/index/kol/included.html?keyword=%E7%8E%8B%E6%95%99%E6%8E%88%E8%B0%88%E5%88%9B%E4%B8%9A
[运行时间：0.273602s] [吞吐率：3.65req/s] [内存消耗：2,847.45kb] [文件加载：49]
[ info ] [ LANG ] /www/wwwroot/newm15/thinkphp/lang/zh-cn.php
[ info ] [ ROUTE ] array (
  'type' => 'module',
  'module' => 
  array (
    0 => 'index',
    1 => 'kol',
    2 => 'included',
  ),
)
[ info ] [ HEADER ] array (
  'cookie' => 'PHPSESSID=fe35dogg2k49bdtaenmv6vick2',
  'accept-language' => 'zh-CN,zh;q=0.9',
  'accept-encoding' => 'gzip, deflate',
  'referer' => 'http://new.m15.ltd/index/kol/search.html',
  'user-agent' => 'Mozilla/5.0 (Windows NT 10.0; WOW64) AppleWebKit/537.36 (KHTML, like Gecko) Chrome/69.0.3497.100 Safari/537.36',
  'x-requested-with' => 'XMLHttpRequest',
  'accept' => '*/*',
  'connection' => 'keep-alive',
  'host' => 'new.m15.ltd',
)
[ info ] [ PARAM ] array (
  '/index/kol/included_html' => '',
  'keyword' => '王教授谈创业',
)
[ info ] [ SESSION ] INIT array (
  'id' => '',
  'var_session_id' => '',
  'prefix' => 'think',
  'type' => '',
  'auto_start' => true,
)
[ info ] [ DB ] INIT mysql
[ info ] [ RUN ] app\index\controller\Kol->included[ /www/wwwroot/newm15/application/index/controller/Kol.php ]
[ info ] [ LOG ] INIT File
[ sql ] [ DB ] CONNECT:[ UseTime:0.000268s ] mysql:host=localhost;dbname=M15;charset=utf8
[ sql ] [ SQL ] SHOW COLUMNS FROM `m15_user` [ RunTime:0.000676s ]
[ sql ] [ SQL ] SELECT * FROM `m15_user` WHERE  `user_id` = 1 LIMIT 1 [ RunTime:0.000204s ]
[ sql ] [ SQL ] SHOW COLUMNS FROM `m15_specification` [ RunTime:0.000498s ]
[ sql ] [ SQL ] SELECT * FROM `m15_specification` WHERE  `spec_type` = 'like' ORDER BY `spec_id` [ RunTime:0.000158s ]
[ sql ] [ SQL ] SELECT * FROM `m15_specification` WHERE  `spec_type` = 'fans' ORDER BY `spec_id` [ RunTime:0.000245s ]
[ sql ] [ SQL ] SELECT * FROM `m15_specification` WHERE  `spec_type` = 'kolv' ORDER BY `spec_id` [ RunTime:0.000145s ]
[ sql ] [ SQL ] SELECT * FROM `m15_specification` WHERE  `spec_type` = 'duration' ORDER BY `spec_id` [ RunTime:0.000130s ]
[ sql ] [ SQL ] SELECT * FROM `m15_specification` WHERE  `spec_type` = 'createtime' ORDER BY `spec_id` [ RunTime:0.000137s ]
[ sql ] [ SQL ] SHOW COLUMNS FROM `m15_area` [ RunTime:0.000462s ]
[ sql ] [ SQL ] SELECT * FROM `m15_area` WHERE  `pid` = 0 [ RunTime:0.000176s ]
[ sql ] [ SQL ] SHOW COLUMNS FROM `m15_video_sort` [ RunTime:0.000436s ]
[ sql ] [ SQL ] SELECT * FROM `m15_video_sort` WHERE  `sort_status` = 1 ORDER BY `sort_rank` DESC [ RunTime:0.000172s ]
---------------------------------------------------------------
[ 2019-12-05T12:14:24+08:00 ] 101.81.137.231 GET new.m15.ltd/index/kol/goincluded.html?uid=874841798871228
[运行时间：0.446564s] [吞吐率：2.24req/s] [内存消耗：3,097.66kb] [文件加载：54]
[ info ] [ LANG ] /www/wwwroot/newm15/thinkphp/lang/zh-cn.php
[ info ] [ ROUTE ] array (
  'type' => 'module',
  'module' => 
  array (
    0 => 'index',
    1 => 'kol',
    2 => 'goincluded',
  ),
)
[ info ] [ HEADER ] array (
  'cookie' => 'PHPSESSID=fe35dogg2k49bdtaenmv6vick2',
  'accept-language' => 'zh-CN,zh;q=0.9',
  'accept-encoding' => 'gzip, deflate',
  'referer' => 'http://new.m15.ltd/index/kol/search.html',
  'user-agent' => 'Mozilla/5.0 (Windows NT 10.0; WOW64) AppleWebKit/537.36 (KHTML, like Gecko) Chrome/69.0.3497.100 Safari/537.36',
  'x-requested-with' => 'XMLHttpRequest',
  'accept' => '*/*',
  'connection' => 'keep-alive',
  'host' => 'new.m15.ltd',
)
[ info ] [ PARAM ] array (
  '/index/kol/goincluded_html' => '',
  'uid' => '874841798871228',
)
[ info ] [ SESSION ] INIT array (
  'id' => '',
  'var_session_id' => '',
  'prefix' => 'think',
  'type' => '',
  'auto_start' => true,
)
[ info ] [ DB ] INIT mysql
[ info ] [ RUN ] app\index\controller\Kol->goincluded[ /www/wwwroot/newm15/application/index/controller/Kol.php ]
[ info ] [ LOG ] INIT File
[ sql ] [ DB ] CONNECT:[ UseTime:0.000287s ] mysql:host=localhost;dbname=M15;charset=utf8
[ sql ] [ SQL ] SHOW COLUMNS FROM `m15_user` [ RunTime:0.000680s ]
[ sql ] [ SQL ] SELECT * FROM `m15_user` WHERE  `user_id` = 1 LIMIT 1 [ RunTime:0.000210s ]
[ sql ] [ SQL ] SHOW COLUMNS FROM `m15_specification` [ RunTime:0.000464s ]
[ sql ] [ SQL ] SELECT * FROM `m15_specification` WHERE  `spec_type` = 'like' ORDER BY `spec_id` [ RunTime:0.000161s ]
[ sql ] [ SQL ] SELECT * FROM `m15_specification` WHERE  `spec_type` = 'fans' ORDER BY `spec_id` [ RunTime:0.000142s ]
[ sql ] [ SQL ] SELECT * FROM `m15_specification` WHERE  `spec_type` = 'kolv' ORDER BY `spec_id` [ RunTime:0.000252s ]
[ sql ] [ SQL ] SELECT * FROM `m15_specification` WHERE  `spec_type` = 'duration' ORDER BY `spec_id` [ RunTime:0.000131s ]
[ sql ] [ SQL ] SELECT * FROM `m15_specification` WHERE  `spec_type` = 'createtime' ORDER BY `spec_id` [ RunTime:0.000136s ]
[ sql ] [ SQL ] SHOW COLUMNS FROM `m15_area` [ RunTime:0.000508s ]
[ sql ] [ SQL ] SELECT * FROM `m15_area` WHERE  `pid` = 0 [ RunTime:0.000222s ]
[ sql ] [ SQL ] SHOW COLUMNS FROM `m15_video_sort` [ RunTime:0.000529s ]
[ sql ] [ SQL ] SELECT * FROM `m15_video_sort` WHERE  `sort_status` = 1 ORDER BY `sort_rank` DESC [ RunTime:0.000152s ]
[ sql ] [ SQL ] SHOW COLUMNS FROM `m15_kol` [ RunTime:0.000602s ]
[ sql ] [ SQL ] SELECT * FROM `m15_kol` WHERE  `kol_uid` = 8.7484179887123E+14 LIMIT 1 [ RunTime:0.000358s ]
[ sql ] [ SQL ] SHOW COLUMNS FROM `m15_error` [ RunTime:0.000670s ]
[ sql ] [ SQL ] INSERT INTO `m15_error` (`error_url` , `error_data` , `error_date` , `error_code` , `error_time`) VALUES ('http://api01.6bqb.com/douyin/plus/user/search' , '{\"apikey\":\"08F0EDE0D84F0683E4E1E5ECB1F0EAE8\",\"keyword\":\"\\u738b\\u6559\\u6388\\u8c08\\u521b\\u4e1a\"}' , '2019-12-05 12:14:24' , 2000 , 1575519264) [ RunTime:0.008200s ]
[ sql ] [ SQL ] SELECT `id` FROM `m15_area` WHERE  `pid` = 0  AND `shortname` = '上海' LIMIT 1 [ RunTime:0.000161s ]
[ sql ] [ SQL ] SELECT * FROM `m15_kol` WHERE  `kol_uid` = 8.7484179887123E+14 LIMIT 1 [ RunTime:0.000189s ]
[ sql ] [ SQL ] SHOW COLUMNS FROM `m15_kol_trend` [ RunTime:0.000628s ]
[ sql ] [ SQL ] SELECT * FROM `m15_kol_trend` WHERE  `kt_kol_uid` = 8.7484179887123E+14  AND `kt_batec` = '2019-12-05' LIMIT 1 [ RunTime:0.000345s ]
[ sql ] [ SQL ] SHOW COLUMNS FROM `m15_video` [ RunTime:0.000548s ]
[ sql ] [ SQL ] SELECT * FROM `m15_video` `v` INNER JOIN (select a.* from m15_video_trend as a right join (select vt_video_id, max(vt_time) as maxtime from m15_video_trend where vt_video_id is not null group by vt_video_id) as b on a.vt_video_id=b.vt_video_id and a.vt_time=b.maxtime order by a.vt_video_id asc) vt ON `v`.`video_id`=`vt`.`vt_video_id` WHERE  `v`.`video_apiuid` = '874841798871228' [ RunTime:0.022484s ]
[ sql ] [ SQL ] SELECT * FROM `m15_kol_trend` WHERE  `kt_kol_id` = 35 ORDER BY `kt_time` DESC LIMIT 1 [ RunTime:0.000340s ]
[ sql ] [ SQL ] INSERT INTO `m15_kol_trend` (`kt_kol_uid` , `kt_batec` , `kt_interact_value` , `kt_dynamic` , `kt_fans` , `kt_videocount` , `kt_focus` , `kt_likes` , `kt_like` , `kt_mean_like` , `kt_kol_id` , `kt_mean_comment` , `kt_mean_share` , `kt_mean_down` , `kt_comments` , `kt_share` , `kt_download` , `kt_bighot` , `kt_midhot` , `kt_inc_like` , `kt_inc_comment` , `kt_inc_share` , `kt_inc_down` , `kt_inc_fans` , `kt_hot` , `kt_time`) VALUES (8.7484179887123E+14 , '2019-12-05' , 0 , 11 , 11 , 11 , 13 , 37 , 51 , 4 , 35 , 0 , 0 , 0 , 0 , 0 , 0 , 0 , 0 , 51 , 0 , 0 , 0 , 11 , 505.5 , 1575519264) [ RunTime:0.003761s ]
---------------------------------------------------------------
[ 2019-12-05T12:14:27+08:00 ] 101.81.137.231 GET new.m15.ltd/index/kol/goincluded.html?uid=874841798871228
[运行时间：0.380502s] [吞吐率：2.63req/s] [内存消耗：2,943.36kb] [文件加载：51]
[ info ] [ LANG ] /www/wwwroot/newm15/thinkphp/lang/zh-cn.php
[ info ] [ ROUTE ] array (
  'type' => 'module',
  'module' => 
  array (
    0 => 'index',
    1 => 'kol',
    2 => 'goincluded',
  ),
)
[ info ] [ HEADER ] array (
  'cookie' => 'PHPSESSID=fe35dogg2k49bdtaenmv6vick2',
  'accept-language' => 'zh-CN,zh;q=0.9',
  'accept-encoding' => 'gzip, deflate',
  'referer' => 'http://new.m15.ltd/index/kol/search.html',
  'user-agent' => 'Mozilla/5.0 (Windows NT 10.0; WOW64) AppleWebKit/537.36 (KHTML, like Gecko) Chrome/69.0.3497.100 Safari/537.36',
  'x-requested-with' => 'XMLHttpRequest',
  'accept' => '*/*',
  'connection' => 'keep-alive',
  'host' => 'new.m15.ltd',
)
[ info ] [ PARAM ] array (
  '/index/kol/goincluded_html' => '',
  'uid' => '874841798871228',
)
[ info ] [ SESSION ] INIT array (
  'id' => '',
  'var_session_id' => '',
  'prefix' => 'think',
  'type' => '',
  'auto_start' => true,
)
[ info ] [ DB ] INIT mysql
[ info ] [ RUN ] app\index\controller\Kol->goincluded[ /www/wwwroot/newm15/application/index/controller/Kol.php ]
[ info ] [ LOG ] INIT File
[ sql ] [ DB ] CONNECT:[ UseTime:0.000270s ] mysql:host=localhost;dbname=M15;charset=utf8
[ sql ] [ SQL ] SHOW COLUMNS FROM `m15_user` [ RunTime:0.000657s ]
[ sql ] [ SQL ] SELECT * FROM `m15_user` WHERE  `user_id` = 1 LIMIT 1 [ RunTime:0.000240s ]
[ sql ] [ SQL ] SHOW COLUMNS FROM `m15_specification` [ RunTime:0.000472s ]
[ sql ] [ SQL ] SELECT * FROM `m15_specification` WHERE  `spec_type` = 'like' ORDER BY `spec_id` [ RunTime:0.000184s ]
[ sql ] [ SQL ] SELECT * FROM `m15_specification` WHERE  `spec_type` = 'fans' ORDER BY `spec_id` [ RunTime:0.000266s ]
[ sql ] [ SQL ] SELECT * FROM `m15_specification` WHERE  `spec_type` = 'kolv' ORDER BY `spec_id` [ RunTime:0.000148s ]
[ sql ] [ SQL ] SELECT * FROM `m15_specification` WHERE  `spec_type` = 'duration' ORDER BY `spec_id` [ RunTime:0.000130s ]
[ sql ] [ SQL ] SELECT * FROM `m15_specification` WHERE  `spec_type` = 'createtime' ORDER BY `spec_id` [ RunTime:0.000135s ]
[ sql ] [ SQL ] SHOW COLUMNS FROM `m15_area` [ RunTime:0.000501s ]
[ sql ] [ SQL ] SELECT * FROM `m15_area` WHERE  `pid` = 0 [ RunTime:0.000185s ]
[ sql ] [ SQL ] SHOW COLUMNS FROM `m15_video_sort` [ RunTime:0.000513s ]
[ sql ] [ SQL ] SELECT * FROM `m15_video_sort` WHERE  `sort_status` = 1 ORDER BY `sort_rank` DESC [ RunTime:0.000164s ]
[ sql ] [ SQL ] SHOW COLUMNS FROM `m15_kol` [ RunTime:0.000579s ]
[ sql ] [ SQL ] SELECT * FROM `m15_kol` WHERE  `kol_uid` = 8.7484179887123E+14 LIMIT 1 [ RunTime:0.000208s ]
[ sql ] [ SQL ] SHOW COLUMNS FROM `m15_error` [ RunTime:0.000751s ]
[ sql ] [ SQL ] INSERT INTO `m15_error` (`error_url` , `error_data` , `error_date` , `error_code` , `error_time`) VALUES ('http://api01.6bqb.com/douyin/plus/user/search' , '{\"apikey\":\"08F0EDE0D84F0683E4E1E5ECB1F0EAE8\",\"keyword\":\"\\u738b\\u6559\\u6388\\u8c08\\u521b\\u4e1a\"}' , '2019-12-05 12:14:27' , 2000 , 1575519267) [ RunTime:0.003816s ]
[ sql ] [ SQL ] SELECT `id` FROM `m15_area` WHERE  `pid` = 0  AND `shortname` = '上海' LIMIT 1 [ RunTime:0.000183s ]
[ sql ] [ SQL ] SELECT * FROM `m15_kol` WHERE  `kol_uid` = 8.7484179887123E+14 LIMIT 1 [ RunTime:0.000200s ]
[ sql ] [ SQL ] SHOW COLUMNS FROM `m15_kol_trend` [ RunTime:0.000619s ]
[ sql ] [ SQL ] SELECT * FROM `m15_kol_trend` WHERE  `kt_kol_uid` = 8.7484179887123E+14  AND `kt_batec` = '2019-12-05' LIMIT 1 [ RunTime:0.000406s ]
---------------------------------------------------------------
[ 2019-12-05T12:14:32+08:00 ] 101.81.137.231 POST new.m15.ltd/index/kol/search.html
[运行时间：0.031377s] [吞吐率：31.87req/s] [内存消耗：2,825.32kb] [文件加载：51]
[ info ] [ LANG ] /www/wwwroot/newm15/thinkphp/lang/zh-cn.php
[ info ] [ ROUTE ] array (
  'type' => 'module',
  'module' => 
  array (
    0 => 'index',
    1 => 'kol',
    2 => 'search',
  ),
)
[ info ] [ HEADER ] array (
  'cookie' => 'PHPSESSID=fe35dogg2k49bdtaenmv6vick2',
  'accept-language' => 'zh-CN,zh;q=0.9',
  'accept-encoding' => 'gzip, deflate',
  'referer' => 'http://new.m15.ltd/index/kol/search.html',
  'accept' => 'text/html,application/xhtml+xml,application/xml;q=0.9,image/webp,image/apng,*/*;q=0.8',
  'user-agent' => 'Mozilla/5.0 (Windows NT 10.0; WOW64) AppleWebKit/537.36 (KHTML, like Gecko) Chrome/69.0.3497.100 Safari/537.36',
  'upgrade-insecure-requests' => '1',
  'origin' => 'http://new.m15.ltd',
  'cache-control' => 'max-age=0',
  'connection' => 'keep-alive',
  'host' => 'new.m15.ltd',
  'content-type' => 'application/x-www-form-urlencoded',
  'content-length' => '117',
)
[ info ] [ PARAM ] array (
  '/index/kol/search_html' => '',
  'type' => '',
  'keyword' => '王教授谈创业',
  'industry' => '0',
  'sort' => '0',
  'fans' => '0',
  'like' => '0',
  'hot' => '0',
  'province' => '0',
)
[ info ] [ SESSION ] INIT array (
  'id' => '',
  'var_session_id' => '',
  'prefix' => 'think',
  'type' => '',
  'auto_start' => true,
)
[ info ] [ DB ] INIT mysql
[ info ] [ RUN ] app\index\controller\Kol->search[ /www/wwwroot/newm15/application/index/controller/Kol.php ]
[ info ] [ VIEW ] /www/wwwroot/newm15/public/../application/index/view/kol/result.html [ array (
  0 => 'specification',
  1 => 'citys',
  2 => 'sort',
  3 => 'count',
  4 => 'data',
  5 => 'result',
) ]
[ info ] [ LOG ] INIT File
[ sql ] [ DB ] CONNECT:[ UseTime:0.000243s ] mysql:host=localhost;dbname=M15;charset=utf8
[ sql ] [ SQL ] SHOW COLUMNS FROM `m15_user` [ RunTime:0.000692s ]
[ sql ] [ SQL ] SELECT * FROM `m15_user` WHERE  `user_id` = 1 LIMIT 1 [ RunTime:0.000209s ]
[ sql ] [ SQL ] SHOW COLUMNS FROM `m15_specification` [ RunTime:0.000521s ]
[ sql ] [ SQL ] SELECT * FROM `m15_specification` WHERE  `spec_type` = 'like' ORDER BY `spec_id` [ RunTime:0.000168s ]
[ sql ] [ SQL ] SELECT * FROM `m15_specification` WHERE  `spec_type` = 'fans' ORDER BY `spec_id` [ RunTime:0.000143s ]
[ sql ] [ SQL ] SELECT * FROM `m15_specification` WHERE  `spec_type` = 'kolv' ORDER BY `spec_id` [ RunTime:0.000245s ]
[ sql ] [ SQL ] SELECT * FROM `m15_specification` WHERE  `spec_type` = 'duration' ORDER BY `spec_id` [ RunTime:0.000135s ]
[ sql ] [ SQL ] SELECT * FROM `m15_specification` WHERE  `spec_type` = 'createtime' ORDER BY `spec_id` [ RunTime:0.000148s ]
[ sql ] [ SQL ] SHOW COLUMNS FROM `m15_area` [ RunTime:0.000529s ]
[ sql ] [ SQL ] SELECT * FROM `m15_area` WHERE  `pid` = 0 [ RunTime:0.000173s ]
[ sql ] [ SQL ] SHOW COLUMNS FROM `m15_video_sort` [ RunTime:0.000478s ]
[ sql ] [ SQL ] SELECT * FROM `m15_video_sort` WHERE  `sort_status` = 1 ORDER BY `sort_rank` DESC [ RunTime:0.000167s ]
[ sql ] [ SQL ] SHOW COLUMNS FROM `m15_kol` [ RunTime:0.000656s ]
[ sql ] [ SQL ] SELECT * FROM `m15_kol` `k` INNER JOIN (select a.* from m15_kol_trend as a right join (select kt_kol_id, max(kt_time) as maxtime from m15_kol_trend where kt_kol_id is not null group by kt_kol_id) as b on a.kt_kol_id=b.kt_kol_id and a.kt_time=b.maxtime order by a.kt_kol_id asc) kt ON `k`.`kol_id`=`kt`.`kt_kol_id` WHERE  `k`.`kol_nickname` LIKE '%王教授谈创业%' ORDER BY `kt`.`kt_hot` DESC LIMIT 0,50 [ RunTime:0.001862s ]
---------------------------------------------------------------
[ 2019-12-05T12:14:39+08:00 ] 101.81.137.231 GET new.m15.ltd/index/kol/info/kid/35.html
[运行时间：0.038857s] [吞吐率：25.74req/s] [内存消耗：3,004.85kb] [文件加载：54]
[ info ] [ LANG ] /www/wwwroot/newm15/thinkphp/lang/zh-cn.php
[ info ] [ ROUTE ] array (
  'type' => 'module',
  'module' => 
  array (
    0 => 'index',
    1 => 'kol',
    2 => 'info',
  ),
)
[ info ] [ HEADER ] array (
  'cookie' => 'PHPSESSID=fe35dogg2k49bdtaenmv6vick2',
  'accept-language' => 'zh-CN,zh;q=0.9',
  'accept-encoding' => 'gzip, deflate',
  'referer' => 'http://new.m15.ltd/index/kol/search.html',
  'accept' => 'text/html,application/xhtml+xml,application/xml;q=0.9,image/webp,image/apng,*/*;q=0.8',
  'user-agent' => 'Mozilla/5.0 (Windows NT 10.0; WOW64) AppleWebKit/537.36 (KHTML, like Gecko) Chrome/69.0.3497.100 Safari/537.36',
  'upgrade-insecure-requests' => '1',
  'connection' => 'keep-alive',
  'host' => 'new.m15.ltd',
)
[ info ] [ PARAM ] array (
  '/index/kol/info/kid/35_html' => '',
  'kid' => '35',
)
[ info ] [ SESSION ] INIT array (
  'id' => '',
  'var_session_id' => '',
  'prefix' => 'think',
  'type' => '',
  'auto_start' => true,
)
[ info ] [ DB ] INIT mysql
[ info ] [ RUN ] app\index\controller\Kol->info[ /www/wwwroot/newm15/application/index/controller/Kol.php ]
[ info ] [ VIEW ] /www/wwwroot/newm15/public/../application/index/view/kol/info.html [ array (
  0 => 'specification',
  1 => 'citys',
  2 => 'sort',
  3 => 'trends',
  4 => 'change',
  5 => 'recently',
  6 => 'trend',
  7 => 'kol',
  8 => 'type',
  9 => 'condition',
) ]
[ info ] [ LOG ] INIT File
[ sql ] [ DB ] CONNECT:[ UseTime:0.000269s ] mysql:host=localhost;dbname=M15;charset=utf8
[ sql ] [ SQL ] SHOW COLUMNS FROM `m15_user` [ RunTime:0.000638s ]
[ sql ] [ SQL ] SELECT * FROM `m15_user` WHERE  `user_id` = 1 LIMIT 1 [ RunTime:0.000225s ]
[ sql ] [ SQL ] SHOW COLUMNS FROM `m15_specification` [ RunTime:0.000514s ]
[ sql ] [ SQL ] SELECT * FROM `m15_specification` WHERE  `spec_type` = 'like' ORDER BY `spec_id` [ RunTime:0.000156s ]
[ sql ] [ SQL ] SELECT * FROM `m15_specification` WHERE  `spec_type` = 'fans' ORDER BY `spec_id` [ RunTime:0.000142s ]
[ sql ] [ SQL ] SELECT * FROM `m15_specification` WHERE  `spec_type` = 'kolv' ORDER BY `spec_id` [ RunTime:0.000215s ]
[ sql ] [ SQL ] SELECT * FROM `m15_specification` WHERE  `spec_type` = 'duration' ORDER BY `spec_id` [ RunTime:0.000134s ]
[ sql ] [ SQL ] SELECT * FROM `m15_specification` WHERE  `spec_type` = 'createtime' ORDER BY `spec_id` [ RunTime:0.000133s ]
[ sql ] [ SQL ] SHOW COLUMNS FROM `m15_area` [ RunTime:0.000486s ]
[ sql ] [ SQL ] SELECT * FROM `m15_area` WHERE  `pid` = 0 [ RunTime:0.000181s ]
[ sql ] [ SQL ] SHOW COLUMNS FROM `m15_video_sort` [ RunTime:0.000462s ]
[ sql ] [ SQL ] SELECT * FROM `m15_video_sort` WHERE  `sort_status` = 1 ORDER BY `sort_rank` DESC [ RunTime:0.000163s ]
[ sql ] [ SQL ] SHOW COLUMNS FROM `m15_kol` [ RunTime:0.000624s ]
[ sql ] [ SQL ] SELECT * FROM `m15_kol` WHERE  `kol_id` = 35 LIMIT 1 [ RunTime:0.000307s ]
[ sql ] [ SQL ] SHOW COLUMNS FROM `m15_kol_trend` [ RunTime:0.000638s ]
[ sql ] [ SQL ] SELECT * FROM `m15_kol_trend` WHERE  `kt_kol_id` = 35 ORDER BY `kt_time` DESC LIMIT 1 [ RunTime:0.000324s ]
[ sql ] [ SQL ] SELECT * FROM `m15_kol_trend` WHERE  `kt_kol_id` = 35 ORDER BY `kt_time` DESC LIMIT 1 [ RunTime:0.000211s ]
[ sql ] [ SQL ] SELECT * FROM `m15_kol_trend` WHERE  `kt_kol_id` = 35  AND `kt_time` > 1572927279 ORDER BY `kt_time` LIMIT 1 [ RunTime:0.000326s ]
[ sql ] [ SQL ] SELECT * FROM `m15_kol` WHERE  `kol_id` = 35 LIMIT 1 [ RunTime:0.000182s ]
[ sql ] [ SQL ] SHOW COLUMNS FROM `m15_video` [ RunTime:0.000486s ]
[ sql ] [ SQL ] SELECT `video_id`,`video_desc` FROM `m15_video` WHERE  `video_apiuid` = 8.7484179887123E+14 LIMIT 5 [ RunTime:0.000377s ]
[ sql ] [ SQL ] SHOW COLUMNS FROM `m15_video_trend` [ RunTime:0.000459s ]
[ sql ] [ SQL ] SELECT * FROM `m15_video_trend` WHERE  `vt_video_id` = 214 ORDER BY `vt_time` DESC LIMIT 1 [ RunTime:0.000415s ]
[ sql ] [ SQL ] SELECT * FROM `m15_video_trend` WHERE  `vt_video_id` = 215 ORDER BY `vt_time` DESC LIMIT 1 [ RunTime:0.000332s ]
[ sql ] [ SQL ] SELECT * FROM `m15_video_trend` WHERE  `vt_video_id` = 216 ORDER BY `vt_time` DESC LIMIT 1 [ RunTime:0.000379s ]
[ sql ] [ SQL ] SELECT * FROM `m15_video_trend` WHERE  `vt_video_id` = 217 ORDER BY `vt_time` DESC LIMIT 1 [ RunTime:0.000323s ]
[ sql ] [ SQL ] SELECT * FROM `m15_video_trend` WHERE  `vt_video_id` = 218 ORDER BY `vt_time` DESC LIMIT 1 [ RunTime:0.000334s ]
[ sql ] [ SQL ] SELECT * FROM `m15_kol_trend` WHERE  `kt_kol_id` = 35 ORDER BY `kt_time` DESC LIMIT 5 [ RunTime:0.000275s ]
---------------------------------------------------------------
[ 2019-12-05T13:13:13+08:00 ] 61.129.39.80 GET new.m15.ltd/index/video/show/vid/1183.html
[运行时间：0.030785s] [吞吐率：32.48req/s] [内存消耗：2,717.46kb] [文件加载：52]
[ info ] [ LANG ] /www/wwwroot/newm15/thinkphp/lang/zh-cn.php
[ info ] [ ROUTE ] array (
  'type' => 'module',
  'module' => 
  array (
    0 => 'index',
    1 => 'video',
    2 => 'show',
  ),
)
[ info ] [ HEADER ] array (
  'host' => 'new.m15.ltd',
  'user-agent' => 'Mozilla/5.0 (Windows NT 10.0; WOW64) AppleWebKit/537.36 (KHTML, like Gecko) Chrome/45.0.2454.101 Safari/537.36 QIHU 360SE/Nutch-1.13',
  'accept-encoding' => 'x-gzip, gzip, deflate',
  'accept' => 'text/html,application/xml;q=0.9,application/xhtml+xml,text/xml;q=0.9,text/plain;q=0.8,image/png,*/*;q=0.5',
  'accept-charset' => 'utf-8,ISO-8859-1;q=0.7,*;q=0.7',
  'accept-language' => 'en-us,en-gb,en;q=0.7,*;q=0.3',
)
[ info ] [ PARAM ] array (
  '/index/video/show/vid/1183_html' => '',
  'vid' => '1183',
)
[ info ] [ SESSION ] INIT array (
  'id' => '',
  'var_session_id' => '',
  'prefix' => 'think',
  'type' => '',
  'auto_start' => true,
)
[ info ] [ DB ] INIT mysql
[ info ] [ RUN ] app\index\controller\Video->show[ /www/wwwroot/newm15/application/index/controller/Video.php ]
[ info ] [ LOG ] INIT File
[ sql ] [ DB ] CONNECT:[ UseTime:0.000297s ] mysql:host=localhost;dbname=M15;charset=utf8
[ sql ] [ SQL ] SHOW COLUMNS FROM `m15_config` [ RunTime:0.000760s ]
[ sql ] [ SQL ] SELECT * FROM `m15_config` WHERE  `config_id` = 1 LIMIT 1 [ RunTime:0.000209s ]
[ sql ] [ SQL ] SHOW COLUMNS FROM `m15_user` [ RunTime:0.000492s ]
[ sql ] [ SQL ] SELECT * FROM `m15_user` WHERE  `user_id` = 1 LIMIT 1 [ RunTime:0.000237s ]
[ sql ] [ SQL ] SHOW COLUMNS FROM `m15_video_sort` [ RunTime:0.000471s ]
[ sql ] [ SQL ] SELECT * FROM `m15_video_sort` WHERE  `sort_status` = 1 ORDER BY `sort_rank` DESC [ RunTime:0.000164s ]
[ sql ] [ SQL ] SHOW COLUMNS FROM `m15_specification` [ RunTime:0.000467s ]
[ sql ] [ SQL ] SELECT * FROM `m15_specification` WHERE  `spec_type` = 'like' ORDER BY `spec_id` [ RunTime:0.000157s ]
[ sql ] [ SQL ] SELECT * FROM `m15_specification` WHERE  `spec_type` = 'fans' ORDER BY `spec_id` [ RunTime:0.000153s ]
[ sql ] [ SQL ] SELECT * FROM `m15_specification` WHERE  `spec_type` = 'kolv' ORDER BY `spec_id` [ RunTime:0.000143s ]
[ sql ] [ SQL ] SELECT * FROM `m15_specification` WHERE  `spec_type` = 'duration' ORDER BY `spec_id` [ RunTime:0.000132s ]
[ sql ] [ SQL ] SELECT * FROM `m15_specification` WHERE  `spec_type` = 'createtime' ORDER BY `spec_id` [ RunTime:0.000141s ]
[ sql ] [ SQL ] SHOW COLUMNS FROM `m15_video` [ RunTime:0.000500s ]
[ sql ] [ SQL ] SELECT * FROM `m15_video` WHERE  `video_id` = 1183 LIMIT 1 [ RunTime:0.000273s ]
[ error ] [8]未定义数组索引: video_desc[/www/wwwroot/newm15/application/api/controller/GetData.php:141]
---------------------------------------------------------------
[ 2019-12-05T13:56:37+08:00 ] 39.82.168.244 GET new.m15.ltd/
[运行时间：0.023501s] [吞吐率：42.55req/s] [内存消耗：2,401.04kb] [文件加载：46]
[ info ] [ LANG ] /www/wwwroot/newm15/thinkphp/lang/zh-cn.php
[ info ] [ ROUTE ] array (
  'type' => 'module',
  'module' => 
  array (
    0 => '',
    1 => NULL,
    2 => NULL,
  ),
)
[ info ] [ HEADER ] array (
  'cookie' => 'PHPSESSID=0itc9vnsgtmgcb3a35dnftimh5; Hm_lvt_d214947968792b839fd669a4decaaffc=1571300009; Hm_lpvt_d214947968792b839fd669a4decaaffc=1571300028',
  'accept-language' => 'zh-CN,zh;q=0.9',
  'accept-encoding' => 'gzip, deflate',
  'accept' => 'text/html,application/xhtml+xml,application/xml;q=0.9,image/webp,image/apng,*/*;q=0.8,application/signed-exchange;v=b3',
  'user-agent' => 'Mozilla/5.0 (Macintosh; Intel Mac OS X 10_15_0) AppleWebKit/537.36 (KHTML, like Gecko) Chrome/78.0.3904.97 Safari/537.36',
  'upgrade-insecure-requests' => '1',
  'cache-control' => 'max-age=0',
  'connection' => 'keep-alive',
  'host' => 'new.m15.ltd',
)
[ info ] [ PARAM ] array (
)
[ info ] [ RUN ] app\index\controller\Index->index[ /www/wwwroot/newm15/application/index/controller/Index.php ]
[ info ] [ DB ] INIT mysql
[ info ] [ VIEW ] /www/wwwroot/newm15/public/../application/index/view/index/index.html [ array (
  0 => 'indexmenu',
) ]
[ info ] [ SESSION ] INIT array (
  'id' => '',
  'var_session_id' => '',
  'prefix' => 'think',
  'type' => '',
  'auto_start' => true,
)
[ info ] [ LOG ] INIT File
[ sql ] [ DB ] CONNECT:[ UseTime:0.000254s ] mysql:host=localhost;dbname=M15;charset=utf8
[ sql ] [ SQL ] SHOW COLUMNS FROM `m15_imenu` [ RunTime:0.000731s ]
[ sql ] [ SQL ] SELECT * FROM `m15_imenu` WHERE  `imenu_status` = 1  AND `imenu_parent` = 0 ORDER BY `imenu_rank` DESC LIMIT 0,100 [ RunTime:0.000237s ]
[ sql ] [ SQL ] SELECT * FROM `m15_imenu` WHERE  `imenu_parent` = 2  AND `imenu_status` = 1 ORDER BY `imenu_rank` DESC LIMIT 0,100 [ RunTime:0.000181s ]
[ sql ] [ SQL ] SELECT * FROM `m15_imenu` WHERE  `imenu_parent` = 7  AND `imenu_status` = 1 ORDER BY `imenu_rank` DESC LIMIT 0,100 [ RunTime:0.000194s ]
[ sql ] [ SQL ] SELECT * FROM `m15_imenu` WHERE  `imenu_parent` = 12  AND `imenu_status` = 1 ORDER BY `imenu_rank` DESC LIMIT 0,100 [ RunTime:0.000166s ]
---------------------------------------------------------------
[ 2019-12-05T13:56:37+08:00 ] 39.82.168.244 GET new.m15.ltd/layuiadmin/imgs/logo.png
[运行时间：0.010896s] [吞吐率：91.78req/s] [内存消耗：1,026.98kb] [文件加载：28]
[ info ] [ LANG ] /www/wwwroot/newm15/thinkphp/lang/zh-cn.php
[ info ] [ ROUTE ] array (
  'type' => 'module',
  'module' => 
  array (
    0 => 'layuiadmin',
    1 => 'imgs',
    2 => 'logo.png',
  ),
)
[ info ] [ HEADER ] array (
  'cookie' => 'PHPSESSID=0itc9vnsgtmgcb3a35dnftimh5; Hm_lvt_d214947968792b839fd669a4decaaffc=1571300009; Hm_lpvt_d214947968792b839fd669a4decaaffc=1571300028',
  'accept-language' => 'zh-CN,zh;q=0.9',
  'accept-encoding' => 'gzip, deflate',
  'referer' => 'http://new.m15.ltd/',
  'accept' => 'image/webp,image/apng,image/*,*/*;q=0.8',
  'user-agent' => 'Mozilla/5.0 (Macintosh; Intel Mac OS X 10_15_0) AppleWebKit/537.36 (KHTML, like Gecko) Chrome/78.0.3904.97 Safari/537.36',
  'connection' => 'keep-alive',
  'host' => 'new.m15.ltd',
)
[ info ] [ PARAM ] array (
  '/layuiadmin/imgs/logo_png' => '',
)
[ info ] [ LOG ] INIT File
---------------------------------------------------------------
[ 2019-12-05T13:56:37+08:00 ] 39.82.168.244 GET new.m15.ltd/index/workbench/console
[运行时间：0.014724s] [吞吐率：67.92req/s] [内存消耗：1,558.96kb] [文件加载：37]
[ info ] [ LANG ] /www/wwwroot/newm15/thinkphp/lang/zh-cn.php
[ info ] [ ROUTE ] array (
  'type' => 'module',
  'module' => 
  array (
    0 => 'index',
    1 => 'workbench',
    2 => 'console',
  ),
)
[ info ] [ HEADER ] array (
  'cookie' => 'PHPSESSID=0itc9vnsgtmgcb3a35dnftimh5; Hm_lvt_d214947968792b839fd669a4decaaffc=1571300009; Hm_lpvt_d214947968792b839fd669a4decaaffc=1571300028',
  'accept-language' => 'zh-CN,zh;q=0.9',
  'accept-encoding' => 'gzip, deflate',
  'referer' => 'http://new.m15.ltd/',
  'accept' => 'text/html,application/xhtml+xml,application/xml;q=0.9,image/webp,image/apng,*/*;q=0.8,application/signed-exchange;v=b3',
  'user-agent' => 'Mozilla/5.0 (Macintosh; Intel Mac OS X 10_15_0) AppleWebKit/537.36 (KHTML, like Gecko) Chrome/78.0.3904.97 Safari/537.36',
  'upgrade-insecure-requests' => '1',
  'connection' => 'keep-alive',
  'host' => 'new.m15.ltd',
)
[ info ] [ PARAM ] array (
  '/index/workbench/console' => '',
)
[ info ] [ RUN ] app\index\controller\Workbench->console[ /www/wwwroot/newm15/application/index/controller/Workbench.php ]
[ info ] [ VIEW ] /www/wwwroot/newm15/public/../application/index/view/workbench/console.html [ array (
) ]
[ info ] [ SESSION ] INIT array (
  'id' => '',
  'var_session_id' => '',
  'prefix' => 'think',
  'type' => '',
  'auto_start' => true,
)
[ info ] [ LOG ] INIT File
---------------------------------------------------------------
[ 2019-12-05T19:53:48+08:00 ] 39.82.168.244 GET new.m15.ltd/
[运行时间：0.023631s] [吞吐率：42.32req/s] [内存消耗：2,401.04kb] [文件加载：46]
[ info ] [ LANG ] /www/wwwroot/newm15/thinkphp/lang/zh-cn.php
[ info ] [ ROUTE ] array (
  'type' => 'module',
  'module' => 
  array (
    0 => '',
    1 => NULL,
    2 => NULL,
  ),
)
[ info ] [ HEADER ] array (
  'cookie' => 'PHPSESSID=0itc9vnsgtmgcb3a35dnftimh5; Hm_lvt_d214947968792b839fd669a4decaaffc=1571300009; Hm_lpvt_d214947968792b839fd669a4decaaffc=1571300028',
  'accept-language' => 'zh-CN,zh;q=0.9',
  'accept-encoding' => 'gzip, deflate',
  'accept' => 'text/html,application/xhtml+xml,application/xml;q=0.9,image/webp,image/apng,*/*;q=0.8,application/signed-exchange;v=b3',
  'user-agent' => 'Mozilla/5.0 (Macintosh; Intel Mac OS X 10_15_0) AppleWebKit/537.36 (KHTML, like Gecko) Chrome/78.0.3904.97 Safari/537.36',
  'upgrade-insecure-requests' => '1',
  'cache-control' => 'max-age=0',
  'connection' => 'keep-alive',
  'host' => 'new.m15.ltd',
)
[ info ] [ PARAM ] array (
)
[ info ] [ RUN ] app\index\controller\Index->index[ /www/wwwroot/newm15/application/index/controller/Index.php ]
[ info ] [ DB ] INIT mysql
[ info ] [ VIEW ] /www/wwwroot/newm15/public/../application/index/view/index/index.html [ array (
  0 => 'indexmenu',
) ]
[ info ] [ SESSION ] INIT array (
  'id' => '',
  'var_session_id' => '',
  'prefix' => 'think',
  'type' => '',
  'auto_start' => true,
)
[ info ] [ LOG ] INIT File
[ sql ] [ DB ] CONNECT:[ UseTime:0.000260s ] mysql:host=localhost;dbname=M15;charset=utf8
[ sql ] [ SQL ] SHOW COLUMNS FROM `m15_imenu` [ RunTime:0.000646s ]
[ sql ] [ SQL ] SELECT * FROM `m15_imenu` WHERE  `imenu_status` = 1  AND `imenu_parent` = 0 ORDER BY `imenu_rank` DESC LIMIT 0,100 [ RunTime:0.000214s ]
[ sql ] [ SQL ] SELECT * FROM `m15_imenu` WHERE  `imenu_parent` = 2  AND `imenu_status` = 1 ORDER BY `imenu_rank` DESC LIMIT 0,100 [ RunTime:0.000189s ]
[ sql ] [ SQL ] SELECT * FROM `m15_imenu` WHERE  `imenu_parent` = 7  AND `imenu_status` = 1 ORDER BY `imenu_rank` DESC LIMIT 0,100 [ RunTime:0.000199s ]
[ sql ] [ SQL ] SELECT * FROM `m15_imenu` WHERE  `imenu_parent` = 12  AND `imenu_status` = 1 ORDER BY `imenu_rank` DESC LIMIT 0,100 [ RunTime:0.000165s ]
---------------------------------------------------------------
[ 2019-12-05T19:53:48+08:00 ] 39.82.168.244 GET new.m15.ltd/layuiadmin/imgs/logo.png
[运行时间：0.011793s] [吞吐率：84.80req/s] [内存消耗：1,026.98kb] [文件加载：28]
[ info ] [ LANG ] /www/wwwroot/newm15/thinkphp/lang/zh-cn.php
[ info ] [ ROUTE ] array (
  'type' => 'module',
  'module' => 
  array (
    0 => 'layuiadmin',
    1 => 'imgs',
    2 => 'logo.png',
  ),
)
[ info ] [ HEADER ] array (
  'cookie' => 'PHPSESSID=0itc9vnsgtmgcb3a35dnftimh5; Hm_lvt_d214947968792b839fd669a4decaaffc=1571300009; Hm_lpvt_d214947968792b839fd669a4decaaffc=1571300028',
  'accept-language' => 'zh-CN,zh;q=0.9',
  'accept-encoding' => 'gzip, deflate',
  'referer' => 'http://new.m15.ltd/',
  'accept' => 'image/webp,image/apng,image/*,*/*;q=0.8',
  'user-agent' => 'Mozilla/5.0 (Macintosh; Intel Mac OS X 10_15_0) AppleWebKit/537.36 (KHTML, like Gecko) Chrome/78.0.3904.97 Safari/537.36',
  'connection' => 'keep-alive',
  'host' => 'new.m15.ltd',
)
[ info ] [ PARAM ] array (
  '/layuiadmin/imgs/logo_png' => '',
)
[ info ] [ LOG ] INIT File
---------------------------------------------------------------
[ 2019-12-05T19:53:48+08:00 ] 39.82.168.244 GET new.m15.ltd/index/workbench/console
[运行时间：0.015437s] [吞吐率：64.78req/s] [内存消耗：1,558.96kb] [文件加载：37]
[ info ] [ LANG ] /www/wwwroot/newm15/thinkphp/lang/zh-cn.php
[ info ] [ ROUTE ] array (
  'type' => 'module',
  'module' => 
  array (
    0 => 'index',
    1 => 'workbench',
    2 => 'console',
  ),
)
[ info ] [ HEADER ] array (
  'cookie' => 'PHPSESSID=0itc9vnsgtmgcb3a35dnftimh5; Hm_lvt_d214947968792b839fd669a4decaaffc=1571300009; Hm_lpvt_d214947968792b839fd669a4decaaffc=1571300028',
  'accept-language' => 'zh-CN,zh;q=0.9',
  'accept-encoding' => 'gzip, deflate',
  'referer' => 'http://new.m15.ltd/',
  'accept' => 'text/html,application/xhtml+xml,application/xml;q=0.9,image/webp,image/apng,*/*;q=0.8,application/signed-exchange;v=b3',
  'user-agent' => 'Mozilla/5.0 (Macintosh; Intel Mac OS X 10_15_0) AppleWebKit/537.36 (KHTML, like Gecko) Chrome/78.0.3904.97 Safari/537.36',
  'upgrade-insecure-requests' => '1',
  'connection' => 'keep-alive',
  'host' => 'new.m15.ltd',
)
[ info ] [ PARAM ] array (
  '/index/workbench/console' => '',
)
[ info ] [ RUN ] app\index\controller\Workbench->console[ /www/wwwroot/newm15/application/index/controller/Workbench.php ]
[ info ] [ VIEW ] /www/wwwroot/newm15/public/../application/index/view/workbench/console.html [ array (
) ]
[ info ] [ SESSION ] INIT array (
  'id' => '',
  'var_session_id' => '',
  'prefix' => 'think',
  'type' => '',
  'auto_start' => true,
)
[ info ] [ LOG ] INIT File
