---------------------------------------------------------------
[ 2019-12-15T23:58:03+08:00 ] 47.98.164.34 GET new.m15.ltd/index/test/GetFansInfo
[运行时间：1.228682s] [吞吐率：0.81req/s] [内存消耗：2,598.63kb] [文件加载：49]
[ info ] [ LANG ] /www/wwwroot/newm15/thinkphp/lang/zh-cn.php
[ info ] [ ROUTE ] array (
  'type' => 'module',
  'module' => 
  array (
    0 => 'index',
    1 => 'test',
    2 => 'GetFansInfo',
  ),
)
[ info ] [ HEADER ] array (
  'accept' => '*/*',
  'host' => 'new.m15.ltd',
  'user-agent' => 'curl/7.29.0',
)
[ info ] [ PARAM ] array (
  '/index/test/GetFansInfo' => '',
)
[ info ] [ SESSION ] INIT array (
  'id' => '',
  'var_session_id' => '',
  'prefix' => 'think',
  'type' => '',
  'auto_start' => true,
)
[ info ] [ DB ] INIT mysql
[ info ] [ RUN ] app\index\controller\Test->GetFansInfo[ /www/wwwroot/newm15/application/index/controller/Test.php ]
[ info ] [ LOG ] INIT File
[ sql ] [ DB ] CONNECT:[ UseTime:0.000273s ] mysql:host=localhost;dbname=M15;charset=utf8
[ sql ] [ SQL ] SHOW COLUMNS FROM `m15_config` [ RunTime:0.000597s ]
[ sql ] [ SQL ] SELECT * FROM `m15_config` WHERE  `config_id` = 1 LIMIT 1 [ RunTime:0.000226s ]
[ sql ] [ SQL ] SHOW COLUMNS FROM `m15_user` [ RunTime:0.000475s ]
[ sql ] [ SQL ] SELECT * FROM `m15_user` WHERE  `user_id` = 1 LIMIT 1 [ RunTime:0.000180s ]
[ sql ] [ SQL ] SELECT `config_page` FROM `m15_config` WHERE  `config_id` = 1 LIMIT 1 [ RunTime:0.000152s ]
[ sql ] [ SQL ] SHOW COLUMNS FROM `m15_error` [ RunTime:0.000622s ]
[ sql ] [ SQL ] INSERT INTO `m15_error` (`error_url` , `error_data` , `error_date` , `error_code` , `error_time`) VALUES ('http://api01.6bqb.com/douyin/user/follower' , '{\"apikey\":\"08F0EDE0D84F0683E4E1E5ECB1F0EAE8\",\"uid\":76579979873,\"page\":1574917955}' , '2019-12-15 23:58:02' , 2000 , 1576425482) [ RunTime:0.009147s ]
[ sql ] [ SQL ] SELECT `config_page` FROM `m15_config` WHERE  `config_id` = 1 LIMIT 1 [ RunTime:0.000146s ]
[ sql ] [ SQL ] INSERT INTO `m15_error` (`error_url` , `error_data` , `error_date` , `error_code` , `error_time`) VALUES ('http://api01.6bqb.com/douyin/user/follower' , '{\"apikey\":\"08F0EDE0D84F0683E4E1E5ECB1F0EAE8\",\"uid\":76579979873,\"page\":1574917955}' , '2019-12-15 23:58:02' , 2000 , 1576425482) [ RunTime:0.003991s ]
[ sql ] [ SQL ] SELECT `config_page` FROM `m15_config` WHERE  `config_id` = 1 LIMIT 1 [ RunTime:0.000182s ]
[ sql ] [ SQL ] INSERT INTO `m15_error` (`error_url` , `error_data` , `error_date` , `error_code` , `error_time`) VALUES ('http://api01.6bqb.com/douyin/user/follower' , '{\"apikey\":\"08F0EDE0D84F0683E4E1E5ECB1F0EAE8\",\"uid\":76579979873,\"page\":1574917955}' , '2019-12-15 23:58:02' , 2000 , 1576425482) [ RunTime:0.004248s ]
[ sql ] [ SQL ] SELECT `config_page` FROM `m15_config` WHERE  `config_id` = 1 LIMIT 1 [ RunTime:0.000235s ]
[ sql ] [ SQL ] INSERT INTO `m15_error` (`error_url` , `error_data` , `error_date` , `error_code` , `error_time`) VALUES ('http://api01.6bqb.com/douyin/user/follower' , '{\"apikey\":\"08F0EDE0D84F0683E4E1E5ECB1F0EAE8\",\"uid\":76579979873,\"page\":1574917955}' , '2019-12-15 23:58:02' , 2000 , 1576425482) [ RunTime:0.007199s ]
[ sql ] [ SQL ] SELECT `config_page` FROM `m15_config` WHERE  `config_id` = 1 LIMIT 1 [ RunTime:0.000182s ]
[ sql ] [ SQL ] INSERT INTO `m15_error` (`error_url` , `error_data` , `error_date` , `error_code` , `error_time`) VALUES ('http://api01.6bqb.com/douyin/user/follower' , '{\"apikey\":\"08F0EDE0D84F0683E4E1E5ECB1F0EAE8\",\"uid\":76579979873,\"page\":1574917955}' , '2019-12-15 23:58:02' , 2000 , 1576425482) [ RunTime:0.005368s ]
[ sql ] [ SQL ] SELECT `config_page` FROM `m15_config` WHERE  `config_id` = 1 LIMIT 1 [ RunTime:0.000170s ]
[ sql ] [ SQL ] INSERT INTO `m15_error` (`error_url` , `error_data` , `error_date` , `error_code` , `error_time`) VALUES ('http://api01.6bqb.com/douyin/user/follower' , '{\"apikey\":\"08F0EDE0D84F0683E4E1E5ECB1F0EAE8\",\"uid\":76579979873,\"page\":1574917955}' , '2019-12-15 23:58:02' , 2000 , 1576425482) [ RunTime:0.003800s ]
[ sql ] [ SQL ] SELECT `config_page` FROM `m15_config` WHERE  `config_id` = 1 LIMIT 1 [ RunTime:0.000186s ]
[ sql ] [ SQL ] INSERT INTO `m15_error` (`error_url` , `error_data` , `error_date` , `error_code` , `error_time`) VALUES ('http://api01.6bqb.com/douyin/user/follower' , '{\"apikey\":\"08F0EDE0D84F0683E4E1E5ECB1F0EAE8\",\"uid\":76579979873,\"page\":1574917955}' , '2019-12-15 23:58:02' , 2000 , 1576425482) [ RunTime:0.003776s ]
[ sql ] [ SQL ] SELECT `config_page` FROM `m15_config` WHERE  `config_id` = 1 LIMIT 1 [ RunTime:0.000161s ]
[ sql ] [ SQL ] INSERT INTO `m15_error` (`error_url` , `error_data` , `error_date` , `error_code` , `error_time`) VALUES ('http://api01.6bqb.com/douyin/user/follower' , '{\"apikey\":\"08F0EDE0D84F0683E4E1E5ECB1F0EAE8\",\"uid\":76579979873,\"page\":1574917955}' , '2019-12-15 23:58:03' , 2000 , 1576425483) [ RunTime:0.003994s ]
[ sql ] [ SQL ] SELECT `config_page` FROM `m15_config` WHERE  `config_id` = 1 LIMIT 1 [ RunTime:0.000176s ]
[ sql ] [ SQL ] INSERT INTO `m15_error` (`error_url` , `error_data` , `error_date` , `error_code` , `error_time`) VALUES ('http://api01.6bqb.com/douyin/user/follower' , '{\"apikey\":\"08F0EDE0D84F0683E4E1E5ECB1F0EAE8\",\"uid\":76579979873,\"page\":1574917955}' , '2019-12-15 23:58:03' , 2000 , 1576425483) [ RunTime:0.003254s ]
[ sql ] [ SQL ] SELECT `config_page` FROM `m15_config` WHERE  `config_id` = 1 LIMIT 1 [ RunTime:0.000169s ]
[ sql ] [ SQL ] INSERT INTO `m15_error` (`error_url` , `error_data` , `error_date` , `error_code` , `error_time`) VALUES ('http://api01.6bqb.com/douyin/user/follower' , '{\"apikey\":\"08F0EDE0D84F0683E4E1E5ECB1F0EAE8\",\"uid\":76579979873,\"page\":1574917955}' , '2019-12-15 23:58:03' , 2000 , 1576425483) [ RunTime:0.003491s ]
[ error ] [8]未定义变量: oneinfo[/www/wwwroot/newm15/application/index/controller/Test.php:688]
